<?xml version="1.0" encoding="UTF-8"?>
<testsuite name="bowerick.test.java-interop" errors="0" failures="0" tests="9" time="0.3120" timestamp="2016-08-06_23:51:48+0200">
    <testcase name="test-pooled-producer-and-consumer" classname="bowerick.test.java-interop" time="0.0237">
    </testcase>
    <testcase name="test-create-producer" classname="bowerick.test.java-interop" time="0.0051">
    </testcase>
    <testcase name="test-create-controller" classname="bowerick.test.java-interop" time="0.0004">
    </testcase>
    <testcase name="test-start-stop-embedded-broker" classname="bowerick.test.java-interop" time="0.0161">
    </testcase>
    <testcase name="test-start-stop-embedded-broker-with-data-exchange" classname="bowerick.test.java-interop" time="0.0245">
    </testcase>
    <testcase name="test-pooled-carbonite-lzf-producer-and-consumer" classname="bowerick.test.java-interop" time="0.0674">
    </testcase>
    <testcase name="test-pooled-carbonite-producer-and-consumer" classname="bowerick.test.java-interop" time="0.0142">
    </testcase>
    <testcase name="test-json-producer-and-consumer" classname="bowerick.test.java-interop" time="0.0258">
    </testcase>
    <testcase name="test-producer-and-consumer" classname="bowerick.test.java-interop" time="0.0106">
    </testcase>
</testsuite>
