<?xml version="1.0" encoding="UTF-8" ?>
<testsuites>
  <testsuite errors="0" failures="0" id="0" name="benchmarks" package="bowerick" tests="0" time="0.0050" timestamp="2021-02-19_07:57:24+0100">
        <system-err>
    </system-err>

        <system-out>
    </system-out>

        <properties>
[...]
</properties>

  </testsuite>
  <testsuite errors="0" failures="0" id="1" name="advanced-message-handling" package="bowerick.test" tests="6" time="3.9471" timestamp="2021-08-08_10:06:19+0200">
        <testcase classname="bowerick.test.advanced-message-handling" name="openwire-custom-message-properties-test" time="0.7133">
    </testcase>

        <testcase classname="bowerick.test.advanced-message-handling" name="stomp-custom-message-properties-test" time="0.5515">
    </testcase>

        <testcase classname="bowerick.test.advanced-message-handling" name="get-openwire-message-test" time="0.1939">
    </testcase>

        <testcase classname="bowerick.test.advanced-message-handling" name="get-stomp-message-test" time="0.2013">
    </testcase>

        <testcase classname="bowerick.test.advanced-message-handling" name="get-ws-stomp-headers-test" time="0.7857">
    </testcase>

        <testcase classname="bowerick.test.advanced-message-handling" name="get-mqtt-message-test" time="1.4844">
    </testcase>

        <system-err>
Info: Enabling management producer at: /topic/bowerick.broker.management.reply
Creating JSON producer: tcp://127.0.0.1:33111 /topic/bowerick.broker.management.reply 1
Creating producer: tcp://127.0.0.1:33111 /topic/bowerick.broker.management.reply
Creating connection.
Creating destination. Type: topic Name: bowerick.broker.management.reply
Info: Enabling management consumer at: /topic/bowerick.broker.management.command
Creating JSON consumer: tcp://127.0.0.1:33111 /topic/bowerick.broker.management.command 1
Creating consumer: tcp://127.0.0.1:33111 /topic/bowerick.broker.management.command
Consumer callback args count: 1
Creating connection.
Creating destination. Type: topic Name: bowerick.broker.management.command
Creating JSON producer: tcp://127.0.0.1:33111 /topic/testtopic.foo 1
Creating producer: tcp://127.0.0.1:33111 /topic/testtopic.foo
Creating connection.
Creating destination. Type: topic Name: testtopic.foo
Creating failsafe JSON consumer: tcp://127.0.0.1:33111 /topic/testtopic.foo 1
Creating consumer: tcp://127.0.0.1:33111 /topic/testtopic.foo
Consumer callback args count: 2
Creating connection.
Creating destination. Type: topic Name: testtopic.foo
Closing producer: tcp://127.0.0.1:33111 /topic/testtopic.foo
Closing consumer: tcp://127.0.0.1:33111 /topic/testtopic.foo
Closing consumer: tcp://127.0.0.1:33111 /topic/bowerick.broker.management.command
Closing producer: tcp://127.0.0.1:33111 /topic/bowerick.broker.management.reply
Info: Enabling management producer at: /topic/bowerick.broker.management.reply
Creating JSON producer: stomp://127.0.0.1:33222 /topic/bowerick.broker.management.reply 1
Creating producer: stomp://127.0.0.1:33222 /topic/bowerick.broker.management.reply
Creating connection.
Creating destination. Type: topic Name: bowerick.broker.management.reply
Info: Enabling management consumer at: /topic/bowerick.broker.management.command
Creating JSON consumer: stomp://127.0.0.1:33222 /topic/bowerick.broker.management.command 1
Creating consumer: stomp://127.0.0.1:33222 /topic/bowerick.broker.management.command
Consumer callback args count: 1
Creating connection.
Creating destination. Type: topic Name: bowerick.broker.management.command
Creating JSON producer: stomp://127.0.0.1:33222 /topic/testtopic.foo 1
Creating producer: stomp://127.0.0.1:33222 /topic/testtopic.foo
Creating connection.
Creating destination. Type: topic Name: testtopic.foo
Creating failsafe JSON consumer: stomp://127.0.0.1:33222 /topic/testtopic.foo 1
Creating consumer: stomp://127.0.0.1:33222 /topic/testtopic.foo
Consumer callback args count: 2
Creating connection.
Creating destination. Type: topic Name: testtopic.foo
Closing producer: stomp://127.0.0.1:33222 /topic/testtopic.foo
Closing consumer: stomp://127.0.0.1:33222 /topic/testtopic.foo
Closing consumer: stomp://127.0.0.1:33222 /topic/bowerick.broker.management.command
Closing producer: stomp://127.0.0.1:33222 /topic/bowerick.broker.management.reply
Info: Enabling management producer at: /topic/bowerick.broker.management.reply
Creating JSON producer: tcp://127.0.0.1:33111 /topic/bowerick.broker.management.reply 1
Creating producer: tcp://127.0.0.1:33111 /topic/bowerick.broker.management.reply
Creating connection.
Creating destination. Type: topic Name: bowerick.broker.management.reply
Info: Enabling management consumer at: /topic/bowerick.broker.management.command
Creating JSON consumer: tcp://127.0.0.1:33111 /topic/bowerick.broker.management.command 1
Creating consumer: tcp://127.0.0.1:33111 /topic/bowerick.broker.management.command
Consumer callback args count: 1
Creating connection.
Creating destination. Type: topic Name: bowerick.broker.management.command
Creating JSON producer: tcp://127.0.0.1:33111 /topic/testtopic.foo 1
Creating producer: tcp://127.0.0.1:33111 /topic/testtopic.foo
Creating connection.
Creating destination. Type: topic Name: testtopic.foo
Creating failsafe JSON consumer: tcp://127.0.0.1:33111 /topic/testtopic.foo 1
Creating consumer: tcp://127.0.0.1:33111 /topic/testtopic.foo
Consumer callback args count: 2
Creating connection.
Creating destination. Type: topic Name: testtopic.foo
Closing producer: tcp://127.0.0.1:33111 /topic/testtopic.foo
Closing consumer: tcp://127.0.0.1:33111 /topic/testtopic.foo
Closing consumer: tcp://127.0.0.1:33111 /topic/bowerick.broker.management.command
Closing producer: tcp://127.0.0.1:33111 /topic/bowerick.broker.management.reply
Info: Enabling management producer at: /topic/bowerick.broker.management.reply
Creating JSON producer: stomp://127.0.0.1:33222 /topic/bowerick.broker.management.reply 1
Creating producer: stomp://127.0.0.1:33222 /topic/bowerick.broker.management.reply
Creating connection.
Creating destination. Type: topic Name: bowerick.broker.management.reply
Info: Enabling management consumer at: /topic/bowerick.broker.management.command
Creating JSON consumer: stomp://127.0.0.1:33222 /topic/bowerick.broker.management.command 1
Creating consumer: stomp://127.0.0.1:33222 /topic/bowerick.broker.management.command
Consumer callback args count: 1
Creating connection.
Creating destination. Type: topic Name: bowerick.broker.management.command
Creating JSON producer: stomp://127.0.0.1:33222 /topic/testtopic.foo 1
Creating producer: stomp://127.0.0.1:33222 /topic/testtopic.foo
Creating connection.
Creating destination. Type: topic Name: testtopic.foo
Creating failsafe JSON consumer: stomp://127.0.0.1:33222 /topic/testtopic.foo 1
Creating consumer: stomp://127.0.0.1:33222 /topic/testtopic.foo
Consumer callback args count: 2
Creating connection.
Creating destination. Type: topic Name: testtopic.foo
Closing producer: stomp://127.0.0.1:33222 /topic/testtopic.foo
Closing consumer: stomp://127.0.0.1:33222 /topic/testtopic.foo
Closing consumer: stomp://127.0.0.1:33222 /topic/bowerick.broker.management.command
Closing producer: stomp://127.0.0.1:33222 /topic/bowerick.broker.management.reply
Info: Enabling management producer at: /topic/bowerick.broker.management.reply
Creating JSON producer: ws://127.0.0.1:33444 /topic/bowerick.broker.management.reply 1
Creating producer: ws://127.0.0.1:33444 /topic/bowerick.broker.management.reply
Info: Enabling management consumer at: /topic/bowerick.broker.management.command
Creating JSON consumer: ws://127.0.0.1:33444 /topic/bowerick.broker.management.command 1
Creating consumer: ws://127.0.0.1:33444 /topic/bowerick.broker.management.command
Consumer callback args count: 1
Creating failsafe JSON consumer: ws://127.0.0.1:33444 /topic/testtopic.foo 1
Creating consumer: ws://127.0.0.1:33444 /topic/testtopic.foo
Consumer callback args count: 2
Creating JSON producer: ws://127.0.0.1:33444 /topic/testtopic.foo 1
Creating producer: ws://127.0.0.1:33444 /topic/testtopic.foo
Closing producer: ws://127.0.0.1:33444 /topic/testtopic.foo
Closing consumer: ws://127.0.0.1:33444 /topic/testtopic.foo
Closing consumer: ws://127.0.0.1:33444 /topic/bowerick.broker.management.command
Closing producer: ws://127.0.0.1:33444 /topic/bowerick.broker.management.reply
Info: Enabling management producer at: /topic/bowerick.broker.management.reply
Creating JSON producer: mqtt://127.0.0.1:33333 /topic/bowerick.broker.management.reply 1
Creating producer: mqtt://127.0.0.1:33333 /topic/bowerick.broker.management.reply
Info: Enabling management consumer at: /topic/bowerick.broker.management.command
Creating JSON consumer: mqtt://127.0.0.1:33333 /topic/bowerick.broker.management.command 1
Creating consumer: mqtt://127.0.0.1:33333 /topic/bowerick.broker.management.command
Consumer callback args count: 1
Creating JSON producer: mqtt://127.0.0.1:33333 /topic/testtopic.foo 1
Creating producer: mqtt://127.0.0.1:33333 /topic/testtopic.foo
Creating failsafe JSON consumer: mqtt://127.0.0.1:33333 /topic/testtopic.foo 1
Creating consumer: mqtt://127.0.0.1:33333 /topic/testtopic.foo
Consumer callback args count: 2
Closing producer: mqtt://127.0.0.1:33333 /topic/testtopic.foo
Closing consumer: mqtt://127.0.0.1:33333 /topic/testtopic.foo
Closing consumer: mqtt://127.0.0.1:33333 /topic/bowerick.broker.management.command
Closing producer: mqtt://127.0.0.1:33333 /topic/bowerick.broker.management.reply
    </system-err>

        <system-out>
Info: Enabling management producer at:32/topic/bowerick.broker.management.reply
Creating JSON producer:32tcp://127.0.0.1:3311132/topic/bowerick.broker.management.reply321
Creating producer:32tcp://127.0.0.1:3311132/topic/bowerick.broker.management.reply
Creating connection.
Creating destination. Type:32topic32Name:32bowerick.broker.management.reply
Info: Enabling management consumer at:32/topic/bowerick.broker.management.command
Creating JSON consumer:32tcp://127.0.0.1:3311132/topic/bowerick.broker.management.command321
Creating consumer:32tcp://127.0.0.1:3311132/topic/bowerick.broker.management.command
Consumer callback args count:321
Creating connection.
Creating destination. Type:32topic32Name:32bowerick.broker.management.command
Creating JSON producer:32tcp://127.0.0.1:3311132/topic/testtopic.foo321
Creating producer:32tcp://127.0.0.1:3311132/topic/testtopic.foo
Creating connection.
Creating destination. Type:32topic32Name:32testtopic.foo
Creating failsafe JSON consumer:32tcp://127.0.0.1:3311132/topic/testtopic.foo321
Creating consumer:32tcp://127.0.0.1:3311132/topic/testtopic.foo
Consumer callback args count:322
Creating connection.
Creating destination. Type:32topic32Name:32testtopic.foo
Closing producer:32tcp://127.0.0.1:3311132/topic/testtopic.foo
Closing consumer:32tcp://127.0.0.1:3311132/topic/testtopic.foo
Closing consumer:32tcp://127.0.0.1:3311132/topic/bowerick.broker.management.command
Closing producer:32tcp://127.0.0.1:3311132/topic/bowerick.broker.management.reply
Info: Enabling management producer at:32/topic/bowerick.broker.management.reply
Creating JSON producer:32stomp://127.0.0.1:3322232/topic/bowerick.broker.management.reply321
Creating producer:32stomp://127.0.0.1:3322232/topic/bowerick.broker.management.reply
Creating connection.
Creating destination. Type:32topic32Name:32bowerick.broker.management.reply
Info: Enabling management consumer at:32/topic/bowerick.broker.management.command
Creating JSON consumer:32stomp://127.0.0.1:3322232/topic/bowerick.broker.management.command321
Creating consumer:32stomp://127.0.0.1:3322232/topic/bowerick.broker.management.command
Consumer callback args count:321
Creating connection.
Creating destination. Type:32topic32Name:32bowerick.broker.management.command
Creating JSON producer:32stomp://127.0.0.1:3322232/topic/testtopic.foo321
Creating producer:32stomp://127.0.0.1:3322232/topic/testtopic.foo
Creating connection.
Creating destination. Type:32topic32Name:32testtopic.foo
Creating failsafe JSON consumer:32stomp://127.0.0.1:3322232/topic/testtopic.foo321
Creating consumer:32stomp://127.0.0.1:3322232/topic/testtopic.foo
Consumer callback args count:322
Creating connection.
Creating destination. Type:32topic32Name:32testtopic.foo
Closing producer:32stomp://127.0.0.1:3322232/topic/testtopic.foo
Closing consumer:32stomp://127.0.0.1:3322232/topic/testtopic.foo
Closing consumer:32stomp://127.0.0.1:3322232/topic/bowerick.broker.management.command
Closing producer:32stomp://127.0.0.1:3322232/topic/bowerick.broker.management.reply
Info: Enabling management producer at:32/topic/bowerick.broker.management.reply
Creating JSON producer:32tcp://127.0.0.1:3311132/topic/bowerick.broker.management.reply321
Creating producer:32tcp://127.0.0.1:3311132/topic/bowerick.broker.management.reply
Creating connection.
Creating destination. Type:32topic32Name:32bowerick.broker.management.reply
Info: Enabling management consumer at:32/topic/bowerick.broker.management.command
Creating JSON consumer:32tcp://127.0.0.1:3311132/topic/bowerick.broker.management.command321
Creating consumer:32tcp://127.0.0.1:3311132/topic/bowerick.broker.management.command
Consumer callback args count:321
Creating connection.
Creating destination. Type:32topic32Name:32bowerick.broker.management.command
Creating JSON producer:32tcp://127.0.0.1:3311132/topic/testtopic.foo321
Creating producer:32tcp://127.0.0.1:3311132/topic/testtopic.foo
Creating connection.
Creating destination. Type:32topic32Name:32testtopic.foo
Creating failsafe JSON consumer:32tcp://127.0.0.1:3311132/topic/testtopic.foo321
Creating consumer:32tcp://127.0.0.1:3311132/topic/testtopic.foo
Consumer callback args count:322
Creating connection.
Creating destination. Type:32topic32Name:32testtopic.foo
RECEIVED MESSAGE (OPENWIRE):32ActiveMQBytesMessage {commandId = 5, responseRequired = false, messageId = ID:lcars-42857-1628409976008-20:1:1:1:1, originalDestination = null, originalTransactionId = null, producerId = ID:lcars-42857-1628409976008-20:1:1:1, destination = topic://testtopic.foo, transactionId = null, expiration = 0, timestamp = 1628409977280, arrival = 0, brokerInTime = 1628409977281, brokerOutTime = 1628409977284, correlationId = null, replyTo = null, persistent = false, type = null, priority = 4, groupID = null, groupSequence = 0, targetConsumerId = null, compressed = false, userID = null, content = org.apache.activemq.util.ByteSequence@572db5ee, marshalledProperties = null, dataStructure = null, redeliveryCounter = 0, size = 0, properties = null, readOnlyProperties = true, readOnlyBody = true, droppable = false, jmsXGroupFirstForConsumer = false} ActiveMQBytesMessage{ bytesOut = null, dataOut = null, dataIn = java.io.DataInputStream@36f80ceb }
Closing producer:32tcp://127.0.0.1:3311132/topic/testtopic.foo
Closing consumer:32tcp://127.0.0.1:3311132/topic/testtopic.foo
Closing consumer:32tcp://127.0.0.1:3311132/topic/bowerick.broker.management.command
Closing producer:32tcp://127.0.0.1:3311132/topic/bowerick.broker.management.reply
Info: Enabling management producer at:32/topic/bowerick.broker.management.reply
Creating JSON producer:32stomp://127.0.0.1:3322232/topic/bowerick.broker.management.reply321
Creating producer:32stomp://127.0.0.1:3322232/topic/bowerick.broker.management.reply
Creating connection.
Creating destination. Type:32topic32Name:32bowerick.broker.management.reply
Info: Enabling management consumer at:32/topic/bowerick.broker.management.command
Creating JSON consumer:32stomp://127.0.0.1:3322232/topic/bowerick.broker.management.command321
Creating consumer:32stomp://127.0.0.1:3322232/topic/bowerick.broker.management.command
Consumer callback args count:321
Creating connection.
Creating destination. Type:32topic32Name:32bowerick.broker.management.command
Creating JSON producer:32stomp://127.0.0.1:3322232/topic/testtopic.foo321
Creating producer:32stomp://127.0.0.1:3322232/topic/testtopic.foo
Creating connection.
Creating destination. Type:32topic32Name:32testtopic.foo
Creating failsafe JSON consumer:32stomp://127.0.0.1:3322232/topic/testtopic.foo321
Creating consumer:32stomp://127.0.0.1:3322232/topic/testtopic.foo
Consumer callback args count:322
Creating connection.
Creating destination. Type:32topic32Name:32testtopic.foo
RECEIVED MESSAGE (STOMP):32org.fusesource.stomp.jms.message.StompJmsBytesMessage@5cee2bea StompJmsBytesMessage{ bytesOut = null, dataIn = java.io.DataInputStream@3962b216 }
Closing producer:32stomp://127.0.0.1:3322232/topic/testtopic.foo
Closing consumer:32stomp://127.0.0.1:3322232/topic/testtopic.foo
Closing consumer:32stomp://127.0.0.1:3322232/topic/bowerick.broker.management.command
Closing producer:32stomp://127.0.0.1:3322232/topic/bowerick.broker.management.reply
Info: Enabling management producer at:32/topic/bowerick.broker.management.reply
Creating JSON producer:32ws://127.0.0.1:3344432/topic/bowerick.broker.management.reply321
Creating producer:32ws://127.0.0.1:3344432/topic/bowerick.broker.management.reply
Connecting WS STOMP client...
Waiting for WS STOMP client to connect...
WS STOMP client connection succeeded.
Info: Enabling management consumer at:32/topic/bowerick.broker.management.command
Creating JSON consumer:32ws://127.0.0.1:3344432/topic/bowerick.broker.management.command321
Creating consumer:32ws://127.0.0.1:3344432/topic/bowerick.broker.management.command
Consumer callback args count:321
Connecting WS STOMP client...
Waiting for WS STOMP client to connect...
WS STOMP client connection succeeded.
Subscribing to32/topic/bowerick.broker.management.command
Subscription succeeded.
Creating failsafe JSON consumer:32ws://127.0.0.1:3344432/topic/testtopic.foo321
Creating consumer:32ws://127.0.0.1:3344432/topic/testtopic.foo
Consumer callback args count:322
Connecting WS STOMP client...
Waiting for WS STOMP client to connect...
WS STOMP client connection succeeded.
Subscribing to32/topic/testtopic.foo
Subscription succeeded.
Creating JSON producer:32ws://127.0.0.1:3344432/topic/testtopic.foo321
Creating producer:32ws://127.0.0.1:3344432/topic/testtopic.foo
Connecting WS STOMP client...
Waiting for WS STOMP client to connect...
WS STOMP client connection succeeded.
Sending test-string...
Received message. Comparing result...
RECEIVED HEADERS (WS/STOMP):32{content-length=[13], expires=[0], destination=[/topic/testtopic.foo], subscription=[0], priority=[4], message-id=[ID:lcars-42857-1628409976008-12:12:-1:1:1], timestamp=[1628409978235]}
Closing producer:32ws://127.0.0.1:3344432/topic/testtopic.foo
Closing WebSocket session...
Closing consumer:32ws://127.0.0.1:3344432/topic/testtopic.foo
Closing WebSocket session...
Closing consumer:32ws://127.0.0.1:3344432/topic/bowerick.broker.management.command
Closing WebSocket session...
Closing producer:32ws://127.0.0.1:3344432/topic/bowerick.broker.management.reply
Closing WebSocket session...
Info: Enabling management producer at:32/topic/bowerick.broker.management.reply
Creating JSON producer:32mqtt://127.0.0.1:3333332/topic/bowerick.broker.management.reply321
Creating producer:32mqtt://127.0.0.1:3333332/topic/bowerick.broker.management.reply
Adjusted MQTT URL from32mqtt://127.0.0.1:3333332to32tcp://127.0.0.1:33333
Info: Enabling management consumer at:32/topic/bowerick.broker.management.command
Creating JSON consumer:32mqtt://127.0.0.1:3333332/topic/bowerick.broker.management.command321
Creating consumer:32mqtt://127.0.0.1:3333332/topic/bowerick.broker.management.command
Consumer callback args count:321
Adjusted MQTT URL from32mqtt://127.0.0.1:3333332to32tcp://127.0.0.1:33333
Creating JSON producer:32mqtt://127.0.0.1:3333332/topic/testtopic.foo321
Creating producer:32mqtt://127.0.0.1:3333332/topic/testtopic.foo
Adjusted MQTT URL from32mqtt://127.0.0.1:3333332to32tcp://127.0.0.1:33333
Creating failsafe JSON consumer:32mqtt://127.0.0.1:3333332/topic/testtopic.foo321
Creating consumer:32mqtt://127.0.0.1:3333332/topic/testtopic.foo
Consumer callback args count:322
Adjusted MQTT URL from32mqtt://127.0.0.1:3333332to32tcp://127.0.0.1:33333
Closing producer:32mqtt://127.0.0.1:3333332/topic/testtopic.foo
Closing consumer:32mqtt://127.0.0.1:3333332/topic/testtopic.foo
Closing consumer:32mqtt://127.0.0.1:3333332/topic/bowerick.broker.management.command
Closing producer:32mqtt://127.0.0.1:3333332/topic/bowerick.broker.management.reply
    </system-out>

        <properties>
[...]
</properties>

  </testsuite>
  <testsuite errors="0" failures="0" id="2" name="broker" package="bowerick.test" tests="5" time="0.9501" timestamp="2021-08-08_10:06:20+0200">
        <testcase classname="bowerick.test.broker" name="send-unknown-command-test" time="0.2450">
    </testcase>

        <testcase classname="bowerick.test.broker" name="get-all-destinations-via-jms-test" time="0.2140">
    </testcase>

        <testcase classname="bowerick.test.broker" name="get-destinations-test" time="0.1459">
    </testcase>

        <testcase classname="bowerick.test.broker" name="get-destinations-via-jms-test" time="0.1905">
    </testcase>

        <testcase classname="bowerick.test.broker" name="get-destinations-with-producer-test" time="0.1501">
    </testcase>

        <system-err>
Info: Enabling management producer at: /topic/bowerick.broker.management.reply
Creating JSON producer: tcp://127.0.0.1:12121 /topic/bowerick.broker.management.reply 1
Creating producer: tcp://127.0.0.1:12121 /topic/bowerick.broker.management.reply
Creating connection.
Creating destination. Type: topic Name: bowerick.broker.management.reply
Info: Enabling management consumer at: /topic/bowerick.broker.management.command
Creating JSON consumer: tcp://127.0.0.1:12121 /topic/bowerick.broker.management.command 1
Creating consumer: tcp://127.0.0.1:12121 /topic/bowerick.broker.management.command
Consumer callback args count: 1
Creating connection.
Creating destination. Type: topic Name: bowerick.broker.management.command
Creating JSON producer: tcp://127.0.0.1:12121 /topic/bowerick.broker.management.command 1
Creating producer: tcp://127.0.0.1:12121 /topic/bowerick.broker.management.command
Creating connection.
Creating destination. Type: topic Name: bowerick.broker.management.command
Creating JSON consumer: tcp://127.0.0.1:12121 /topic/bowerick.broker.management.reply 1
Creating consumer: tcp://127.0.0.1:12121 /topic/bowerick.broker.management.reply
Consumer callback args count: 1
Creating connection.
Creating destination. Type: topic Name: bowerick.broker.management.reply
Closing producer: tcp://127.0.0.1:12121 /topic/bowerick.broker.management.command
Closing consumer: tcp://127.0.0.1:12121 /topic/bowerick.broker.management.reply
Closing consumer: tcp://127.0.0.1:12121 /topic/bowerick.broker.management.command
Closing producer: tcp://127.0.0.1:12121 /topic/bowerick.broker.management.reply
Info: Enabling management producer at: /topic/bowerick.broker.management.reply
Creating JSON producer: tcp://127.0.0.1:12121 /topic/bowerick.broker.management.reply 1
Creating producer: tcp://127.0.0.1:12121 /topic/bowerick.broker.management.reply
Creating connection.
Creating destination. Type: topic Name: bowerick.broker.management.reply
Info: Enabling management consumer at: /topic/bowerick.broker.management.command
Creating JSON consumer: tcp://127.0.0.1:12121 /topic/bowerick.broker.management.command 1
Creating consumer: tcp://127.0.0.1:12121 /topic/bowerick.broker.management.command
Consumer callback args count: 1
Creating connection.
Creating destination. Type: topic Name: bowerick.broker.management.command
Creating JSON producer: tcp://127.0.0.1:12121 /topic/bowerick.broker.management.command 1
Creating producer: tcp://127.0.0.1:12121 /topic/bowerick.broker.management.command
Creating connection.
Creating destination. Type: topic Name: bowerick.broker.management.command
Creating JSON consumer: tcp://127.0.0.1:12121 /topic/bowerick.broker.management.reply 1
Creating consumer: tcp://127.0.0.1:12121 /topic/bowerick.broker.management.reply
Consumer callback args count: 1
Creating connection.
Creating destination. Type: topic Name: bowerick.broker.management.reply
Closing producer: tcp://127.0.0.1:12121 /topic/bowerick.broker.management.command
Closing consumer: tcp://127.0.0.1:12121 /topic/bowerick.broker.management.reply
Closing consumer: tcp://127.0.0.1:12121 /topic/bowerick.broker.management.command
Closing producer: tcp://127.0.0.1:12121 /topic/bowerick.broker.management.reply
Info: Enabling management producer at: /topic/bowerick.broker.management.reply
Creating JSON producer: tcp://127.0.0.1:12121 /topic/bowerick.broker.management.reply 1
Creating producer: tcp://127.0.0.1:12121 /topic/bowerick.broker.management.reply
Creating connection.
Creating destination. Type: topic Name: bowerick.broker.management.reply
Info: Enabling management consumer at: /topic/bowerick.broker.management.command
Creating JSON consumer: tcp://127.0.0.1:12121 /topic/bowerick.broker.management.command 1
Creating consumer: tcp://127.0.0.1:12121 /topic/bowerick.broker.management.command
Consumer callback args count: 1
Creating connection.
Creating destination. Type: topic Name: bowerick.broker.management.command
Closing consumer: tcp://127.0.0.1:12121 /topic/bowerick.broker.management.command
Closing producer: tcp://127.0.0.1:12121 /topic/bowerick.broker.management.reply
Info: Enabling management producer at: /topic/bowerick.broker.management.reply
Creating JSON producer: tcp://127.0.0.1:12121 /topic/bowerick.broker.management.reply 1
Creating producer: tcp://127.0.0.1:12121 /topic/bowerick.broker.management.reply
Creating connection.
Creating destination. Type: topic Name: bowerick.broker.management.reply
Info: Enabling management consumer at: /topic/bowerick.broker.management.command
Creating JSON consumer: tcp://127.0.0.1:12121 /topic/bowerick.broker.management.command 1
Creating consumer: tcp://127.0.0.1:12121 /topic/bowerick.broker.management.command
Consumer callback args count: 1
Creating connection.
Creating destination. Type: topic Name: bowerick.broker.management.command
Creating JSON producer: tcp://127.0.0.1:12121 /topic/bowerick.broker.management.command 1
Creating producer: tcp://127.0.0.1:12121 /topic/bowerick.broker.management.command
Creating connection.
Creating destination. Type: topic Name: bowerick.broker.management.command
Creating JSON consumer: tcp://127.0.0.1:12121 /topic/bowerick.broker.management.reply 1
Creating consumer: tcp://127.0.0.1:12121 /topic/bowerick.broker.management.reply
Consumer callback args count: 1
Creating connection.
Creating destination. Type: topic Name: bowerick.broker.management.reply
Closing producer: tcp://127.0.0.1:12121 /topic/bowerick.broker.management.command
Closing consumer: tcp://127.0.0.1:12121 /topic/bowerick.broker.management.reply
Closing consumer: tcp://127.0.0.1:12121 /topic/bowerick.broker.management.command
Closing producer: tcp://127.0.0.1:12121 /topic/bowerick.broker.management.reply
Info: Enabling management producer at: /topic/bowerick.broker.management.reply
Creating JSON producer: tcp://127.0.0.1:12121 /topic/bowerick.broker.management.reply 1
Creating producer: tcp://127.0.0.1:12121 /topic/bowerick.broker.management.reply
Creating connection.
Creating destination. Type: topic Name: bowerick.broker.management.reply
Info: Enabling management consumer at: /topic/bowerick.broker.management.command
Creating JSON consumer: tcp://127.0.0.1:12121 /topic/bowerick.broker.management.command 1
Creating consumer: tcp://127.0.0.1:12121 /topic/bowerick.broker.management.command
Consumer callback args count: 1
Creating connection.
Creating destination. Type: topic Name: bowerick.broker.management.command
Creating producer: tcp://127.0.0.1:12121 /topic/testtopic.foo
Creating connection.
Creating destination. Type: topic Name: testtopic.foo
Closing producer: tcp://127.0.0.1:12121 /topic/testtopic.foo
Closing consumer: tcp://127.0.0.1:12121 /topic/bowerick.broker.management.command
Closing producer: tcp://127.0.0.1:12121 /topic/bowerick.broker.management.reply
    </system-err>

        <system-out>
Info: Enabling management producer at:32/topic/bowerick.broker.management.reply
Creating JSON producer:32tcp://127.0.0.1:1212132/topic/bowerick.broker.management.reply321
Creating producer:32tcp://127.0.0.1:1212132/topic/bowerick.broker.management.reply
Creating connection.
Creating destination. Type:32topic32Name:32bowerick.broker.management.reply
Info: Enabling management consumer at:32/topic/bowerick.broker.management.command
Creating JSON consumer:32tcp://127.0.0.1:1212132/topic/bowerick.broker.management.command321
Creating consumer:32tcp://127.0.0.1:1212132/topic/bowerick.broker.management.command
Consumer callback args count:321
Creating connection.
Creating destination. Type:32topic32Name:32bowerick.broker.management.command
Creating JSON producer:32tcp://127.0.0.1:1212132/topic/bowerick.broker.management.command321
Creating producer:32tcp://127.0.0.1:1212132/topic/bowerick.broker.management.command
Creating connection.
Creating destination. Type:32topic32Name:32bowerick.broker.management.command
Creating JSON consumer:32tcp://127.0.0.1:1212132/topic/bowerick.broker.management.reply321
Creating consumer:32tcp://127.0.0.1:1212132/topic/bowerick.broker.management.reply
Consumer callback args count:321
Creating connection.
Creating destination. Type:32topic32Name:32bowerick.broker.management.reply
Closing producer:32tcp://127.0.0.1:1212132/topic/bowerick.broker.management.command
Closing consumer:32tcp://127.0.0.1:1212132/topic/bowerick.broker.management.reply
Closing consumer:32tcp://127.0.0.1:1212132/topic/bowerick.broker.management.command
Closing producer:32tcp://127.0.0.1:1212132/topic/bowerick.broker.management.reply
Info: Enabling management producer at:32/topic/bowerick.broker.management.reply
Creating JSON producer:32tcp://127.0.0.1:1212132/topic/bowerick.broker.management.reply321
Creating producer:32tcp://127.0.0.1:1212132/topic/bowerick.broker.management.reply
Creating connection.
Creating destination. Type:32topic32Name:32bowerick.broker.management.reply
Info: Enabling management consumer at:32/topic/bowerick.broker.management.command
Creating JSON consumer:32tcp://127.0.0.1:1212132/topic/bowerick.broker.management.command321
Creating consumer:32tcp://127.0.0.1:1212132/topic/bowerick.broker.management.command
Consumer callback args count:321
Creating connection.
Creating destination. Type:32topic32Name:32bowerick.broker.management.command
Creating JSON producer:32tcp://127.0.0.1:1212132/topic/bowerick.broker.management.command321
Creating producer:32tcp://127.0.0.1:1212132/topic/bowerick.broker.management.command
Creating connection.
Creating destination. Type:32topic32Name:32bowerick.broker.management.command
Creating JSON consumer:32tcp://127.0.0.1:1212132/topic/bowerick.broker.management.reply321
Creating consumer:32tcp://127.0.0.1:1212132/topic/bowerick.broker.management.reply
Consumer callback args count:321
Creating connection.
Creating destination. Type:32topic32Name:32bowerick.broker.management.reply
Closing producer:32tcp://127.0.0.1:1212132/topic/bowerick.broker.management.command
Closing consumer:32tcp://127.0.0.1:1212132/topic/bowerick.broker.management.reply
Closing consumer:32tcp://127.0.0.1:1212132/topic/bowerick.broker.management.command
Closing producer:32tcp://127.0.0.1:1212132/topic/bowerick.broker.management.reply
Info: Enabling management producer at:32/topic/bowerick.broker.management.reply
Creating JSON producer:32tcp://127.0.0.1:1212132/topic/bowerick.broker.management.reply321
Creating producer:32tcp://127.0.0.1:1212132/topic/bowerick.broker.management.reply
Creating connection.
Creating destination. Type:32topic32Name:32bowerick.broker.management.reply
Info: Enabling management consumer at:32/topic/bowerick.broker.management.command
Creating JSON consumer:32tcp://127.0.0.1:1212132/topic/bowerick.broker.management.command321
Creating consumer:32tcp://127.0.0.1:1212132/topic/bowerick.broker.management.command
Consumer callback args count:321
Creating connection.
Creating destination. Type:32topic32Name:32bowerick.broker.management.command
Closing consumer:32tcp://127.0.0.1:1212132/topic/bowerick.broker.management.command
Closing producer:32tcp://127.0.0.1:1212132/topic/bowerick.broker.management.reply
Info: Enabling management producer at:32/topic/bowerick.broker.management.reply
Creating JSON producer:32tcp://127.0.0.1:1212132/topic/bowerick.broker.management.reply321
Creating producer:32tcp://127.0.0.1:1212132/topic/bowerick.broker.management.reply
Creating connection.
Creating destination. Type:32topic32Name:32bowerick.broker.management.reply
Info: Enabling management consumer at:32/topic/bowerick.broker.management.command
Creating JSON consumer:32tcp://127.0.0.1:1212132/topic/bowerick.broker.management.command321
Creating consumer:32tcp://127.0.0.1:1212132/topic/bowerick.broker.management.command
Consumer callback args count:321
Creating connection.
Creating destination. Type:32topic32Name:32bowerick.broker.management.command
Creating JSON producer:32tcp://127.0.0.1:1212132/topic/bowerick.broker.management.command321
Creating producer:32tcp://127.0.0.1:1212132/topic/bowerick.broker.management.command
Creating connection.
Creating destination. Type:32topic32Name:32bowerick.broker.management.command
Creating JSON consumer:32tcp://127.0.0.1:1212132/topic/bowerick.broker.management.reply321
Creating consumer:32tcp://127.0.0.1:1212132/topic/bowerick.broker.management.reply
Consumer callback args count:321
Creating connection.
Creating destination. Type:32topic32Name:32bowerick.broker.management.reply
Closing producer:32tcp://127.0.0.1:1212132/topic/bowerick.broker.management.command
Closing consumer:32tcp://127.0.0.1:1212132/topic/bowerick.broker.management.reply
Closing consumer:32tcp://127.0.0.1:1212132/topic/bowerick.broker.management.command
Closing producer:32tcp://127.0.0.1:1212132/topic/bowerick.broker.management.reply
Info: Enabling management producer at:32/topic/bowerick.broker.management.reply
Creating JSON producer:32tcp://127.0.0.1:1212132/topic/bowerick.broker.management.reply321
Creating producer:32tcp://127.0.0.1:1212132/topic/bowerick.broker.management.reply
Creating connection.
Creating destination. Type:32topic32Name:32bowerick.broker.management.reply
Info: Enabling management consumer at:32/topic/bowerick.broker.management.command
Creating JSON consumer:32tcp://127.0.0.1:1212132/topic/bowerick.broker.management.command321
Creating consumer:32tcp://127.0.0.1:1212132/topic/bowerick.broker.management.command
Consumer callback args count:321
Creating connection.
Creating destination. Type:32topic32Name:32bowerick.broker.management.command
Creating producer:32tcp://127.0.0.1:1212132/topic/testtopic.foo
Creating connection.
Creating destination. Type:32topic32Name:32testtopic.foo
Closing producer:32tcp://127.0.0.1:1212132/topic/testtopic.foo
Closing consumer:32tcp://127.0.0.1:1212132/topic/bowerick.broker.management.command
Closing producer:32tcp://127.0.0.1:1212132/topic/bowerick.broker.management.reply
    </system-out>

        <properties>
[...]
</properties>

  </testsuite>
  <testsuite errors="0" failures="0" id="3" name="client-benchmark" package="bowerick.test" tests="1" time="2.2575" timestamp="2021-08-08_10:06:23+0200">
        <testcase classname="bowerick.test.client-benchmark" name="benchmark-client-test" time="2.1106">
    </testcase>

        <system-err>
Info: Enabling management producer at: /topic/bowerick.broker.management.reply
Creating JSON producer: tcp://127.0.0.1:1709 /topic/bowerick.broker.management.reply 1
Creating producer: tcp://127.0.0.1:1709 /topic/bowerick.broker.management.reply
Creating connection.
Creating destination. Type: topic Name: bowerick.broker.management.reply
Info: Enabling management consumer at: /topic/bowerick.broker.management.command
Creating JSON consumer: tcp://127.0.0.1:1709 /topic/bowerick.broker.management.command 1
Creating consumer: tcp://127.0.0.1:1709 /topic/bowerick.broker.management.command
Consumer callback args count: 1
Creating connection.
Creating destination. Type: topic Name: bowerick.broker.management.command
Creating producer: tcp://127.0.0.1:1709 /topic/testtopic.foo
Creating connection.
Creating destination. Type: topic Name: testtopic.foo
Starting bowerick using the following options:
{:config-file &quot;bowerick.cfg&quot;,
 :url [&quot;tcp://127.0.0.1:1709&quot;],
 :destination &quot;/topic/testtopic.foo&quot;,
 :interval 0,
 :loop-replay true,
 :pool-size 1,
 :benchmark-client true}
[]
Creating consumer: tcp://127.0.0.1:1709 /topic/testtopic.foo
Consumer callback args count: 1
Creating connection.
Creating destination. Type: topic Name: testtopic.foo
Closing consumer: tcp://127.0.0.1:1709 /topic/testtopic.foo
Closing consumer: tcp://127.0.0.1:1709 /topic/bowerick.broker.management.command
Closing producer: tcp://127.0.0.1:1709 /topic/bowerick.broker.management.reply
    </system-err>

        <system-out>
Info: Enabling management producer at:32/topic/bowerick.broker.management.reply
Creating JSON producer:32tcp://127.0.0.1:170932/topic/bowerick.broker.management.reply321
Creating producer:32tcp://127.0.0.1:170932/topic/bowerick.broker.management.reply
Creating connection.
Creating destination. Type:32topic32Name:32bowerick.broker.management.reply
Info: Enabling management consumer at:32/topic/bowerick.broker.management.command
Creating JSON consumer:32tcp://127.0.0.1:170932/topic/bowerick.broker.management.command321
Creating consumer:32tcp://127.0.0.1:170932/topic/bowerick.broker.management.command
Consumer callback args count:321
Creating connection.
Creating destination. Type:32topic32Name:32bowerick.broker.management.command
Creating producer:32tcp://127.0.0.1:170932/topic/testtopic.foo
Creating connection.
Creating destination. Type:32topic32Name:32testtopic.foo
Starting bowerick using the following options:
{:config-file &quot;bowerick.cfg&quot;,
 :url [&quot;tcp://127.0.0.1:1709&quot;],
 :destination &quot;/topic/testtopic.foo&quot;,
 :interval 0,
 :loop-replay true,
 :pool-size 1,
 :benchmark-client true}10[]10Creating consumer:32tcp://127.0.0.1:170932/topic/testtopic.foo
Consumer callback args count:321
Creating connection.
Creating destination. Type:32topic32Name:32testtopic.foo
Closing consumer:32tcp://127.0.0.1:170932/topic/testtopic.foo
Closing consumer:32tcp://127.0.0.1:170932/topic/bowerick.broker.management.command
Closing producer:32tcp://127.0.0.1:170932/topic/bowerick.broker.management.reply
    </system-out>

        <properties>
[...]
</properties>

  </testsuite>
  <testsuite errors="0" failures="0" id="4" name="client-cli-cfg" package="bowerick.test" tests="3" time="6.1763" timestamp="2021-08-08_10:06:44+0200">
        <testcase classname="bowerick.test.client-cli-cfg" name="dummy-receive-test" time="0.4790">
    </testcase>

        <testcase classname="bowerick.test.client-cli-cfg" name="simple-send-receive-test" time="1.2191">
    </testcase>

        <testcase classname="bowerick.test.client-cli-cfg" name="dummy-send-test" time="0.4691">
    </testcase>

        <system-err>
Setting broker SSLContext to use key store file: test/cfg/blah_broker.ks and trust store file: test/cfg/blah_broker.ts
Info: Enabling management producer at: /topic/bowerick.broker.management.reply
Creating JSON producer: ssl://127.0.0.1:42444 /topic/bowerick.broker.management.reply 1
Creating producer: ssl://127.0.0.1:42444 /topic/bowerick.broker.management.reply
Creating connection.
Creating destination. Type: topic Name: bowerick.broker.management.reply
Info: Enabling management consumer at: /topic/bowerick.broker.management.command
Creating JSON consumer: ssl://127.0.0.1:42444 /topic/bowerick.broker.management.command 1
Creating consumer: ssl://127.0.0.1:42444 /topic/bowerick.broker.management.command
Consumer callback args count: 1
Creating connection.
Creating destination. Type: topic Name: bowerick.broker.management.command
Starting bowerick using the following options:
{:config-file &quot;test/cfg/bowerick_test_config.cfg&quot;,
 :url &quot;tcp://localhost:61616&quot;,
 :destination &quot;/topic/bowerick.message.generator&quot;,
 :interval 0,
 :loop-replay true,
 :pool-size 1,
 :client true,
 :old-scroll true}
[]
Applying configuration from config file: test/cfg/bowerick_test_config.cfg
Starting bowerick in client mode.
Creating failsafe JSON consumer: ssl://127.0.0.1:42444 /topic/testtopic.foo 1
Creating consumer: ssl://127.0.0.1:42444 /topic/testtopic.foo
Consumer callback args count: 1
Creating connection.
Creating destination. Type: topic Name: testtopic.foo
Closing consumer: ssl://127.0.0.1:42444 /topic/testtopic.foo
Closing consumer: ssl://127.0.0.1:42444 /topic/bowerick.broker.management.command
Closing producer: ssl://127.0.0.1:42444 /topic/bowerick.broker.management.reply
Setting broker SSLContext to use key store file: test/cfg/blah_broker.ks and trust store file: test/cfg/blah_broker.ts
Info: Enabling management producer at: /topic/bowerick.broker.management.reply
Creating JSON producer: ssl://127.0.0.1:42444 /topic/bowerick.broker.management.reply 1
Creating producer: ssl://127.0.0.1:42444 /topic/bowerick.broker.management.reply
Creating connection.
Creating destination. Type: topic Name: bowerick.broker.management.reply
Info: Enabling management consumer at: /topic/bowerick.broker.management.command
Creating JSON consumer: ssl://127.0.0.1:42444 /topic/bowerick.broker.management.command 1
Creating consumer: ssl://127.0.0.1:42444 /topic/bowerick.broker.management.command
Consumer callback args count: 1
Creating connection.
Creating destination. Type: topic Name: bowerick.broker.management.command
Starting bowerick using the following options:
{:config-file &quot;test/cfg/bowerick_test_config.cfg&quot;,
 :url &quot;tcp://localhost:61616&quot;,
 :destination &quot;/topic/bowerick.message.generator&quot;,
 :interval 0,
 :loop-replay true,
 :pool-size 1,
 :client true,
 :old-scroll true}
[]
Applying configuration from config file: test/cfg/bowerick_test_config.cfg
Starting bowerick in client mode.
Creating failsafe JSON consumer: ssl://127.0.0.1:42444 /topic/testtopic.foo 1
Creating consumer: ssl://127.0.0.1:42444 /topic/testtopic.foo
Consumer callback args count: 1
Creating connection.
Creating destination. Type: topic Name: testtopic.foo
Creating JSON producer: ssl://127.0.0.1:42444 /topic/testtopic.foo 1
Creating producer: ssl://127.0.0.1:42444 /topic/testtopic.foo
Creating connection.
Creating destination. Type: topic Name: testtopic.foo
Closing producer: ssl://127.0.0.1:42444 /topic/testtopic.foo
Closing consumer: ssl://127.0.0.1:42444 /topic/testtopic.foo
Closing consumer: ssl://127.0.0.1:42444 /topic/bowerick.broker.management.command
Closing producer: ssl://127.0.0.1:42444 /topic/bowerick.broker.management.reply
Setting broker SSLContext to use key store file: test/cfg/blah_broker.ks and trust store file: test/cfg/blah_broker.ts
Info: Enabling management producer at: /topic/bowerick.broker.management.reply
Creating JSON producer: ssl://127.0.0.1:42444 /topic/bowerick.broker.management.reply 1
Creating producer: ssl://127.0.0.1:42444 /topic/bowerick.broker.management.reply
Creating connection.
Creating destination. Type: topic Name: bowerick.broker.management.reply
Info: Enabling management consumer at: /topic/bowerick.broker.management.command
Creating JSON consumer: ssl://127.0.0.1:42444 /topic/bowerick.broker.management.command 1
Creating consumer: ssl://127.0.0.1:42444 /topic/bowerick.broker.management.command
Consumer callback args count: 1
Creating connection.
Creating destination. Type: topic Name: bowerick.broker.management.command
Starting bowerick using the following options:
{:config-file &quot;test/cfg/bowerick_test_config.cfg&quot;,
 :url &quot;tcp://localhost:61616&quot;,
 :destination &quot;/topic/bowerick.message.generator&quot;,
 :interval 0,
 :loop-replay true,
 :pool-size 1,
 :client true,
 :old-scroll true}
[]
Applying configuration from config file: test/cfg/bowerick_test_config.cfg
Starting bowerick in client mode.
Creating JSON producer: ssl://127.0.0.1:42444 /topic/testtopic.foo 1
Creating producer: ssl://127.0.0.1:42444 /topic/testtopic.foo
Creating connection.
Creating destination. Type: topic Name: testtopic.foo
Closing producer: ssl://127.0.0.1:42444 /topic/testtopic.foo
Closing consumer: ssl://127.0.0.1:42444 /topic/bowerick.broker.management.command
Closing producer: ssl://127.0.0.1:42444 /topic/bowerick.broker.management.reply
    </system-err>

        <system-out>
Setting broker SSLContext to use key store file:32test/cfg/blah_broker.ks32and trust store file:32test/cfg/blah_broker.ts
Info: Enabling management producer at:32/topic/bowerick.broker.management.reply
Creating JSON producer:32ssl://127.0.0.1:4244432/topic/bowerick.broker.management.reply321
Creating producer:32ssl://127.0.0.1:4244432/topic/bowerick.broker.management.reply
Creating connection.
Creating destination. Type:32topic32Name:32bowerick.broker.management.reply
Info: Enabling management consumer at:32/topic/bowerick.broker.management.command
Creating JSON consumer:32ssl://127.0.0.1:4244432/topic/bowerick.broker.management.command321
Creating consumer:32ssl://127.0.0.1:4244432/topic/bowerick.broker.management.command
Consumer callback args count:321
Creating connection.
Creating destination. Type:32topic32Name:32bowerick.broker.management.command
Starting bowerick using the following options:
{:config-file &quot;test/cfg/bowerick_test_config.cfg&quot;,
 :url &quot;tcp://localhost:61616&quot;,
 :destination &quot;/topic/bowerick.message.generator&quot;,
 :interval 0,
 :loop-replay true,
 :pool-size 1,
 :client true,
 :old-scroll true}10[]10Applying configuration from config file:32test/cfg/bowerick_test_config.cfg
Starting bowerick in client mode.
Creating failsafe JSON consumer:32ssl://127.0.0.1:4244432/topic/testtopic.foo321
Creating consumer:32ssl://127.0.0.1:4244432/topic/testtopic.foo
Consumer callback args count:321
Creating connection.
Creating destination. Type:32topic32Name:32testtopic.foo
Closing consumer:32ssl://127.0.0.1:4244432/topic/testtopic.foo
Closing consumer:32ssl://127.0.0.1:4244432/topic/bowerick.broker.management.command
Closing producer:32ssl://127.0.0.1:4244432/topic/bowerick.broker.management.reply
Setting broker SSLContext to use key store file:32test/cfg/blah_broker.ks32and trust store file:32test/cfg/blah_broker.ts
Info: Enabling management producer at:32/topic/bowerick.broker.management.reply
Creating JSON producer:32ssl://127.0.0.1:4244432/topic/bowerick.broker.management.reply321
Creating producer:32ssl://127.0.0.1:4244432/topic/bowerick.broker.management.reply
Creating connection.
Creating destination. Type:32topic32Name:32bowerick.broker.management.reply
Info: Enabling management consumer at:32/topic/bowerick.broker.management.command
Creating JSON consumer:32ssl://127.0.0.1:4244432/topic/bowerick.broker.management.command321
Creating consumer:32ssl://127.0.0.1:4244432/topic/bowerick.broker.management.command
Consumer callback args count:321
Creating connection.
Creating destination. Type:32topic32Name:32bowerick.broker.management.command
Starting bowerick using the following options:
{:config-file &quot;test/cfg/bowerick_test_config.cfg&quot;,
 :url &quot;tcp://localhost:61616&quot;,
 :destination &quot;/topic/bowerick.message.generator&quot;,
 :interval 0,
 :loop-replay true,
 :pool-size 1,
 :client true,
 :old-scroll true}10[]10Applying configuration from config file:32test/cfg/bowerick_test_config.cfg
Starting bowerick in client mode.
Creating failsafe JSON consumer:32ssl://127.0.0.1:4244432/topic/testtopic.foo321
Creating consumer:32ssl://127.0.0.1:4244432/topic/testtopic.foo
Consumer callback args count:321
Creating connection.
Creating destination. Type:32topic32Name:32testtopic.foo
Creating JSON producer:32ssl://127.0.0.1:4244432/topic/testtopic.foo321
Creating producer:32ssl://127.0.0.1:4244432/topic/testtopic.foo
Creating connection.
Creating destination. Type:32topic32Name:32testtopic.foo
Closing producer:32ssl://127.0.0.1:4244432/topic/testtopic.foo
Closing consumer:32ssl://127.0.0.1:4244432/topic/testtopic.foo
Closing consumer:32ssl://127.0.0.1:4244432/topic/bowerick.broker.management.command
Closing producer:32ssl://127.0.0.1:4244432/topic/bowerick.broker.management.reply
Setting broker SSLContext to use key store file:32test/cfg/blah_broker.ks32and trust store file:32test/cfg/blah_broker.ts
Info: Enabling management producer at:32/topic/bowerick.broker.management.reply
Creating JSON producer:32ssl://127.0.0.1:4244432/topic/bowerick.broker.management.reply321
Creating producer:32ssl://127.0.0.1:4244432/topic/bowerick.broker.management.reply
Creating connection.
Creating destination. Type:32topic32Name:32bowerick.broker.management.reply
Info: Enabling management consumer at:32/topic/bowerick.broker.management.command
Creating JSON consumer:32ssl://127.0.0.1:4244432/topic/bowerick.broker.management.command321
Creating consumer:32ssl://127.0.0.1:4244432/topic/bowerick.broker.management.command
Consumer callback args count:321
Creating connection.
Creating destination. Type:32topic32Name:32bowerick.broker.management.command
Starting bowerick using the following options:
{:config-file &quot;test/cfg/bowerick_test_config.cfg&quot;,
 :url &quot;tcp://localhost:61616&quot;,
 :destination &quot;/topic/bowerick.message.generator&quot;,
 :interval 0,
 :loop-replay true,
 :pool-size 1,
 :client true,
 :old-scroll true}10[]10Applying configuration from config file:32test/cfg/bowerick_test_config.cfg
Starting bowerick in client mode.
Creating JSON producer:32ssl://127.0.0.1:4244432/topic/testtopic.foo321
Creating producer:32ssl://127.0.0.1:4244432/topic/testtopic.foo
Creating connection.
Creating destination. Type:32topic32Name:32testtopic.foo
Closing producer:32ssl://127.0.0.1:4244432/topic/testtopic.foo
Closing consumer:32ssl://127.0.0.1:4244432/topic/bowerick.broker.management.command
Closing producer:32ssl://127.0.0.1:4244432/topic/bowerick.broker.management.reply
    </system-out>

        <properties>
[...]
</properties>

  </testsuite>
  <testsuite errors="0" failures="0" id="5" name="client-cli" package="bowerick.test" tests="18" time="15.4824" timestamp="2021-08-08_10:06:38+0200">
        <testcase classname="bowerick.test.client-cli" name="simple-replay-file-test" time="1.0072">
    </testcase>

        <testcase classname="bowerick.test.client-cli" name="simple-send-receive-with-cli-broker-test" time="1.6434">
    </testcase>

        <testcase classname="bowerick.test.client-cli" name="simple-cli-broker-aframe-test" time="1.6826">
    </testcase>

        <testcase classname="bowerick.test.client-cli" name="simple-looped-replay-file-test" time="0.9708">
    </testcase>

        <testcase classname="bowerick.test.client-cli" name="broker-management-get-destinations-test" time="0.5609">
    </testcase>

        <testcase classname="bowerick.test.client-cli" name="simple-record-test" time="0.6895">
    </testcase>

        <testcase classname="bowerick.test.client-cli" name="simple-send-file-receive-test" time="0.5714">
    </testcase>

        <testcase classname="bowerick.test.client-cli" name="record-stop-through-quit-test" time="0.6852">
    </testcase>

        <testcase classname="bowerick.test.client-cli" name="simple-cli-broker-embedded-generator-hello-world-test" time="1.6539">
    </testcase>

        <testcase classname="bowerick.test.client-cli" name="simple-multi-destination-record-test" time="0.9179">
    </testcase>

        <testcase classname="bowerick.test.client-cli" name="simple-send-receive-with-cli-daemon-broker-test" time="0.6426">
    </testcase>

        <testcase classname="bowerick.test.client-cli" name="multi-destination-multi-arg-record-test" time="0.8967">
    </testcase>

        <testcase classname="bowerick.test.client-cli" name="simple-send-text-file-receive-test" time="0.3761">
    </testcase>

        <testcase classname="bowerick.test.client-cli" name="dummy-receive-test" time="0.0681">
    </testcase>

        <testcase classname="bowerick.test.client-cli" name="simple-send-receive-test" time="0.3756">
    </testcase>

        <testcase classname="bowerick.test.client-cli" name="broker-management-get-all-destinations-test" time="0.3985">
    </testcase>

        <testcase classname="bowerick.test.client-cli" name="show-help-test" time="0.0018">
    </testcase>

        <testcase classname="bowerick.test.client-cli" name="dummy-send-test" time="0.0658">
    </testcase>

        <system-err>
Info: Enabling management producer at: /topic/bowerick.broker.management.reply
Creating JSON producer: tcp://127.0.0.1:42424 /topic/bowerick.broker.management.reply 1
Creating producer: tcp://127.0.0.1:42424 /topic/bowerick.broker.management.reply
Creating connection.
Creating destination. Type: topic Name: bowerick.broker.management.reply
Info: Enabling management consumer at: /topic/bowerick.broker.management.command
Creating JSON consumer: tcp://127.0.0.1:42424 /topic/bowerick.broker.management.command 1
Creating consumer: tcp://127.0.0.1:42424 /topic/bowerick.broker.management.command
Consumer callback args count: 1
Creating connection.
Creating destination. Type: topic Name: bowerick.broker.management.command
Starting bowerick using the following options:
{:config-file &quot;bowerick.cfg&quot;,
 :url &quot;tcp://localhost:61616&quot;,
 :destination &quot;/topic/bowerick.message.generator&quot;,
 :interval 0,
 :loop-replay true,
 :pool-size 1,
 :client true,
 :old-scroll true}
[]
Starting bowerick in client mode.
Creating failsafe JSON consumer: tcp://127.0.0.1:42424 /topic/testtopic.foo 1
Creating consumer: tcp://127.0.0.1:42424 /topic/testtopic.foo
Consumer callback args count: 1
Creating connection.
Creating destination. Type: topic Name: testtopic.foo
Closing producer: tcp://127.0.0.1:42424 /topic/testtopic.foo
Closing consumer: tcp://127.0.0.1:42424 /topic/testtopic.foo
Closing consumer: tcp://127.0.0.1:42424 /topic/bowerick.broker.management.command
Closing producer: tcp://127.0.0.1:42424 /topic/bowerick.broker.management.reply
Info: Enabling management producer at: /topic/bowerick.broker.management.reply
Creating JSON producer: tcp://127.0.0.1:42424 /topic/bowerick.broker.management.reply 1
Creating producer: tcp://127.0.0.1:42424 /topic/bowerick.broker.management.reply
Creating connection.
Creating destination. Type: topic Name: bowerick.broker.management.reply
Info: Enabling management consumer at: /topic/bowerick.broker.management.command
Creating JSON consumer: tcp://127.0.0.1:42424 /topic/bowerick.broker.management.command 1
Creating consumer: tcp://127.0.0.1:42424 /topic/bowerick.broker.management.command
Consumer callback args count: 1
Creating connection.
Creating destination. Type: topic Name: bowerick.broker.management.command
Starting bowerick using the following options:
{:config-file &quot;bowerick.cfg&quot;,
 :url &quot;tcp://localhost:61616&quot;,
 :destination &quot;/topic/bowerick.message.generator&quot;,
 :interval 0,
 :loop-replay true,
 :pool-size 1,
 :client true,
 :old-scroll true}
[]
Starting bowerick in client mode.
Creating failsafe JSON consumer: tcp://127.0.0.1:53847 /topic/testtopic.foo 1
Creating consumer: tcp://127.0.0.1:53847 /topic/testtopic.foo
Consumer callback args count: 1
Creating connection.
Creating destination. Type: topic Name: testtopic.foo
Creating JSON producer: tcp://127.0.0.1:53847 /topic/testtopic.foo 1
Creating producer: tcp://127.0.0.1:53847 /topic/testtopic.foo
Creating connection.
Creating destination. Type: topic Name: testtopic.foo
Closing producer: tcp://127.0.0.1:53847 /topic/testtopic.foo
Closing consumer: tcp://127.0.0.1:53847 /topic/testtopic.foo
Closing consumer: tcp://127.0.0.1:42424 /topic/bowerick.broker.management.command
Closing producer: tcp://127.0.0.1:42424 /topic/bowerick.broker.management.reply
Info: Enabling management producer at: /topic/bowerick.broker.management.reply
Creating JSON producer: tcp://127.0.0.1:42424 /topic/bowerick.broker.management.reply 1
Creating producer: tcp://127.0.0.1:42424 /topic/bowerick.broker.management.reply
Creating connection.
Creating destination. Type: topic Name: bowerick.broker.management.reply
Info: Enabling management consumer at: /topic/bowerick.broker.management.command
Creating JSON consumer: tcp://127.0.0.1:42424 /topic/bowerick.broker.management.command 1
Creating consumer: tcp://127.0.0.1:42424 /topic/bowerick.broker.management.command
Consumer callback args count: 1
Creating connection.
Creating destination. Type: topic Name: bowerick.broker.management.command
Creating JSON consumer: tcp://127.0.0.1:53847 /topic/aframe 1
Creating consumer: tcp://127.0.0.1:53847 /topic/aframe
Consumer callback args count: 1
Creating connection.
Creating destination. Type: topic Name: aframe
Closing consumer: tcp://127.0.0.1:42424 /topic/bowerick.broker.management.command
Closing producer: tcp://127.0.0.1:42424 /topic/bowerick.broker.management.reply
Info: Enabling management producer at: /topic/bowerick.broker.management.reply
Creating JSON producer: tcp://127.0.0.1:42424 /topic/bowerick.broker.management.reply 1
Creating producer: tcp://127.0.0.1:42424 /topic/bowerick.broker.management.reply
Creating connection.
Creating destination. Type: topic Name: bowerick.broker.management.reply
Info: Enabling management consumer at: /topic/bowerick.broker.management.command
Creating JSON consumer: tcp://127.0.0.1:42424 /topic/bowerick.broker.management.command 1
Creating consumer: tcp://127.0.0.1:42424 /topic/bowerick.broker.management.command
Consumer callback args count: 1
Creating connection.
Creating destination. Type: topic Name: bowerick.broker.management.command
Starting bowerick using the following options:
{:config-file &quot;bowerick.cfg&quot;,
 :url &quot;tcp://localhost:61616&quot;,
 :destination &quot;/topic/bowerick.message.generator&quot;,
 :interval 0,
 :loop-replay true,
 :pool-size 1,
 :client true,
 :old-scroll true}
[]
Starting bowerick in client mode.
Creating failsafe JSON consumer: tcp://127.0.0.1:42424 /topic/testtopic.foo 1
Creating consumer: tcp://127.0.0.1:42424 /topic/testtopic.foo
Consumer callback args count: 1
Creating connection.
Creating destination. Type: topic Name: testtopic.foo
Closing producer: tcp://127.0.0.1:42424 /topic/testtopic.foo
Closing consumer: tcp://127.0.0.1:42424 /topic/testtopic.foo
Closing consumer: tcp://127.0.0.1:42424 /topic/bowerick.broker.management.command
Closing producer: tcp://127.0.0.1:42424 /topic/bowerick.broker.management.reply
Info: Enabling management producer at: /topic/bowerick.broker.management.reply
Creating JSON producer: tcp://127.0.0.1:42424 /topic/bowerick.broker.management.reply 1
Creating producer: tcp://127.0.0.1:42424 /topic/bowerick.broker.management.reply
Creating connection.
Creating destination. Type: topic Name: bowerick.broker.management.reply
Info: Enabling management consumer at: /topic/bowerick.broker.management.command
Creating JSON consumer: tcp://127.0.0.1:42424 /topic/bowerick.broker.management.command 1
Creating consumer: tcp://127.0.0.1:42424 /topic/bowerick.broker.management.command
Consumer callback args count: 1
Creating connection.
Creating destination. Type: topic Name: bowerick.broker.management.command
Starting bowerick using the following options:
{:config-file &quot;bowerick.cfg&quot;,
 :url &quot;tcp://localhost:61616&quot;,
 :destination &quot;/topic/bowerick.message.generator&quot;,
 :interval 0,
 :loop-replay true,
 :pool-size 1,
 :client true,
 :old-scroll true}
[]
Starting bowerick in client mode.
Creating failsafe JSON consumer: tcp://127.0.0.1:42424 /topic/bowerick.broker.management.reply 1
Creating consumer: tcp://127.0.0.1:42424 /topic/bowerick.broker.management.reply
Consumer callback args count: 1
Creating connection.
Creating destination. Type: topic Name: bowerick.broker.management.reply
Creating JSON producer: tcp://127.0.0.1:42424 /topic/bowerick.broker.management.command 1
Creating producer: tcp://127.0.0.1:42424 /topic/bowerick.broker.management.command
Creating connection.
Creating destination. Type: topic Name: bowerick.broker.management.command
Closing producer: tcp://127.0.0.1:42424 /topic/bowerick.broker.management.command
Closing consumer: tcp://127.0.0.1:42424 /topic/bowerick.broker.management.reply
Closing consumer: tcp://127.0.0.1:42424 /topic/bowerick.broker.management.command
Closing producer: tcp://127.0.0.1:42424 /topic/bowerick.broker.management.reply
Info: Enabling management producer at: /topic/bowerick.broker.management.reply
Creating JSON producer: tcp://127.0.0.1:42424 /topic/bowerick.broker.management.reply 1
Creating producer: tcp://127.0.0.1:42424 /topic/bowerick.broker.management.reply
Creating connection.
Creating destination. Type: topic Name: bowerick.broker.management.reply
Info: Enabling management consumer at: /topic/bowerick.broker.management.command
Creating JSON consumer: tcp://127.0.0.1:42424 /topic/bowerick.broker.management.command 1
Creating consumer: tcp://127.0.0.1:42424 /topic/bowerick.broker.management.command
Consumer callback args count: 1
Creating connection.
Creating destination. Type: topic Name: bowerick.broker.management.command
Starting bowerick using the following options:
{:config-file &quot;bowerick.cfg&quot;,
 :url &quot;tcp://localhost:61616&quot;,
 :destination &quot;/topic/bowerick.message.generator&quot;,
 :interval 0,
 :loop-replay true,
 :pool-size 1,
 :client true,
 :old-scroll true}
[]
Starting bowerick in client mode.
Creating consumer: tcp://127.0.0.1:42424 /topic/testtopic.foo
Consumer callback args count: 2
Creating connection.
Creating destination. Type: topic Name: testtopic.foo
Creating JSON producer: tcp://127.0.0.1:42424 /topic/testtopic.foo 1
Creating producer: tcp://127.0.0.1:42424 /topic/testtopic.foo
Creating connection.
Creating destination. Type: topic Name: testtopic.foo
Closing consumer: tcp://127.0.0.1:42424 /topic/testtopic.foo
Closing producer: tcp://127.0.0.1:42424 /topic/testtopic.foo
Closing consumer: tcp://127.0.0.1:42424 /topic/testtopic.foo
Closing consumer: tcp://127.0.0.1:42424 /topic/testtopic.foo
Closing consumer: tcp://127.0.0.1:42424 /topic/bowerick.broker.management.command
Closing producer: tcp://127.0.0.1:42424 /topic/bowerick.broker.management.reply
Info: Enabling management producer at: /topic/bowerick.broker.management.reply
Creating JSON producer: tcp://127.0.0.1:42424 /topic/bowerick.broker.management.reply 1
Creating producer: tcp://127.0.0.1:42424 /topic/bowerick.broker.management.reply
Creating connection.
Creating destination. Type: topic Name: bowerick.broker.management.reply
Info: Enabling management consumer at: /topic/bowerick.broker.management.command
Creating JSON consumer: tcp://127.0.0.1:42424 /topic/bowerick.broker.management.command 1
Creating consumer: tcp://127.0.0.1:42424 /topic/bowerick.broker.management.command
Consumer callback args count: 1
Creating connection.
Creating destination. Type: topic Name: bowerick.broker.management.command
Starting bowerick using the following options:
{:config-file &quot;bowerick.cfg&quot;,
 :url &quot;tcp://localhost:61616&quot;,
 :destination &quot;/topic/bowerick.message.generator&quot;,
 :interval 0,
 :loop-replay true,
 :pool-size 1,
 :client true,
 :old-scroll true}
[]
Starting bowerick in client mode.
Creating failsafe JSON consumer: tcp://127.0.0.1:42424 /topic/testtopic.foo 1
Creating consumer: tcp://127.0.0.1:42424 /topic/testtopic.foo
Consumer callback args count: 1
Creating connection.
Creating destination. Type: topic Name: testtopic.foo
Creating producer: tcp://127.0.0.1:42424 /topic/testtopic.foo
Creating connection.
Creating destination. Type: topic Name: testtopic.foo
Closing producer: tcp://127.0.0.1:42424 /topic/testtopic.foo
Closing consumer: tcp://127.0.0.1:42424 /topic/testtopic.foo
Closing consumer: tcp://127.0.0.1:42424 /topic/bowerick.broker.management.command
Closing producer: tcp://127.0.0.1:42424 /topic/bowerick.broker.management.reply
Info: Enabling management producer at: /topic/bowerick.broker.management.reply
Creating JSON producer: tcp://127.0.0.1:42424 /topic/bowerick.broker.management.reply 1
Creating producer: tcp://127.0.0.1:42424 /topic/bowerick.broker.management.reply
Creating connection.
Creating destination. Type: topic Name: bowerick.broker.management.reply
Info: Enabling management consumer at: /topic/bowerick.broker.management.command
Creating JSON consumer: tcp://127.0.0.1:42424 /topic/bowerick.broker.management.command 1
Creating consumer: tcp://127.0.0.1:42424 /topic/bowerick.broker.management.command
Consumer callback args count: 1
Creating connection.
Creating destination. Type: topic Name: bowerick.broker.management.command
Starting bowerick using the following options:
{:config-file &quot;bowerick.cfg&quot;,
 :url &quot;tcp://localhost:61616&quot;,
 :destination &quot;/topic/bowerick.message.generator&quot;,
 :interval 0,
 :loop-replay true,
 :pool-size 1,
 :client true,
 :old-scroll true}
[]
Starting bowerick in client mode.
Creating consumer: tcp://127.0.0.1:42424 /topic/testtopic.foo
Consumer callback args count: 2
Creating connection.
Creating destination. Type: topic Name: testtopic.foo
Creating JSON producer: tcp://127.0.0.1:42424 /topic/testtopic.foo 1
Creating producer: tcp://127.0.0.1:42424 /topic/testtopic.foo
Creating connection.
Creating destination. Type: topic Name: testtopic.foo
Wrong number of args (1) passed to: cli4clj.cli/get-cli-mandatory-default-options/fn--8356
Closing producer: tcp://127.0.0.1:42424 /topic/testtopic.foo
Closing consumer: tcp://127.0.0.1:42424 /topic/testtopic.foo
Closing consumer: tcp://127.0.0.1:42424 /topic/testtopic.foo
Closing consumer: tcp://127.0.0.1:42424 /topic/bowerick.broker.management.command
Closing producer: tcp://127.0.0.1:42424 /topic/bowerick.broker.management.reply
Info: Enabling management producer at: /topic/bowerick.broker.management.reply
Creating JSON producer: tcp://127.0.0.1:42424 /topic/bowerick.broker.management.reply 1
Creating producer: tcp://127.0.0.1:42424 /topic/bowerick.broker.management.reply
Creating connection.
Creating destination. Type: topic Name: bowerick.broker.management.reply
Info: Enabling management consumer at: /topic/bowerick.broker.management.command
Creating JSON consumer: tcp://127.0.0.1:42424 /topic/bowerick.broker.management.command 1
Creating consumer: tcp://127.0.0.1:42424 /topic/bowerick.broker.management.command
Consumer callback args count: 1
Creating connection.
Creating destination. Type: topic Name: bowerick.broker.management.command
Creating consumer: tcp://127.0.0.1:53847 /topic/bowerick.message.generator
Consumer callback args count: 1
Creating connection.
Creating destination. Type: topic Name: bowerick.message.generator
Closing consumer: tcp://127.0.0.1:42424 /topic/bowerick.broker.management.command
Closing producer: tcp://127.0.0.1:42424 /topic/bowerick.broker.management.reply
Info: Enabling management producer at: /topic/bowerick.broker.management.reply
Creating JSON producer: tcp://127.0.0.1:42424 /topic/bowerick.broker.management.reply 1
Creating producer: tcp://127.0.0.1:42424 /topic/bowerick.broker.management.reply
Creating connection.
Creating destination. Type: topic Name: bowerick.broker.management.reply
Info: Enabling management consumer at: /topic/bowerick.broker.management.command
Creating JSON consumer: tcp://127.0.0.1:42424 /topic/bowerick.broker.management.command 1
Creating consumer: tcp://127.0.0.1:42424 /topic/bowerick.broker.management.command
Consumer callback args count: 1
Creating connection.
Creating destination. Type: topic Name: bowerick.broker.management.command
Starting bowerick using the following options:
{:config-file &quot;bowerick.cfg&quot;,
 :url &quot;tcp://localhost:61616&quot;,
 :destination &quot;/topic/bowerick.message.generator&quot;,
 :interval 0,
 :loop-replay true,
 :pool-size 1,
 :client true,
 :old-scroll true}
[]
Starting bowerick in client mode.
Creating consumer: tcp://127.0.0.1:42424 /topic/testtopic.foo.a
Consumer callback args count: 2
Creating connection.
Creating destination. Type: topic Name: testtopic.foo.a
Creating consumer: tcp://127.0.0.1:42424 /topic/testtopic.foo.b
Consumer callback args count: 2
Creating connection.
Creating destination. Type: topic Name: testtopic.foo.b
Creating consumer: tcp://127.0.0.1:42424 /topic/testtopic.foo.c
Consumer callback args count: 2
Creating connection.
Creating destination. Type: topic Name: testtopic.foo.c
Creating JSON producer: tcp://127.0.0.1:42424 /topic/testtopic.foo.a 1
Creating producer: tcp://127.0.0.1:42424 /topic/testtopic.foo.a
Creating connection.
Creating destination. Type: topic Name: testtopic.foo.a
Creating JSON producer: tcp://127.0.0.1:42424 /topic/testtopic.foo.b 1
Creating producer: tcp://127.0.0.1:42424 /topic/testtopic.foo.b
Creating connection.
Creating destination. Type: topic Name: testtopic.foo.b
Creating JSON producer: tcp://127.0.0.1:42424 /topic/testtopic.foo.c 1
Creating producer: tcp://127.0.0.1:42424 /topic/testtopic.foo.c
Creating connection.
Creating destination. Type: topic Name: testtopic.foo.c
Closing consumer: tcp://127.0.0.1:42424 /topic/testtopic.foo.a
Closing consumer: tcp://127.0.0.1:42424 /topic/testtopic.foo.b
Closing consumer: tcp://127.0.0.1:42424 /topic/testtopic.foo.c
Closing producer: tcp://127.0.0.1:42424 /topic/testtopic.foo.a
Closing producer: tcp://127.0.0.1:42424 /topic/testtopic.foo.b
Closing producer: tcp://127.0.0.1:42424 /topic/testtopic.foo.c
Closing consumer: tcp://127.0.0.1:42424 /topic/testtopic.foo.a
Closing consumer: tcp://127.0.0.1:42424 /topic/testtopic.foo.b
Closing consumer: tcp://127.0.0.1:42424 /topic/testtopic.foo.c
Closing consumer: tcp://127.0.0.1:42424 /topic/testtopic.foo.a
Closing consumer: tcp://127.0.0.1:42424 /topic/testtopic.foo.b
Closing consumer: tcp://127.0.0.1:42424 /topic/testtopic.foo.c
Closing consumer: tcp://127.0.0.1:42424 /topic/bowerick.broker.management.command
Closing producer: tcp://127.0.0.1:42424 /topic/bowerick.broker.management.reply
Info: Enabling management producer at: /topic/bowerick.broker.management.reply
Creating JSON producer: tcp://127.0.0.1:42424 /topic/bowerick.broker.management.reply 1
Creating producer: tcp://127.0.0.1:42424 /topic/bowerick.broker.management.reply
Creating connection.
Creating destination. Type: topic Name: bowerick.broker.management.reply
Info: Enabling management consumer at: /topic/bowerick.broker.management.command
Creating JSON consumer: tcp://127.0.0.1:42424 /topic/bowerick.broker.management.command 1
Creating consumer: tcp://127.0.0.1:42424 /topic/bowerick.broker.management.command
Consumer callback args count: 1
Creating connection.
Creating destination. Type: topic Name: bowerick.broker.management.command
Starting bowerick using the following options:
{:config-file &quot;bowerick.cfg&quot;,
 :url &quot;tcp://localhost:61616&quot;,
 :destination &quot;/topic/bowerick.message.generator&quot;,
 :interval 0,
 :loop-replay true,
 :pool-size 1,
 :client true,
 :old-scroll true}
[]
Starting bowerick in client mode.
Creating failsafe JSON consumer: tcp://127.0.0.1:53847 /topic/testtopic.foo 1
Creating consumer: tcp://127.0.0.1:53847 /topic/testtopic.foo
Consumer callback args count: 1
Creating connection.
Creating destination. Type: topic Name: testtopic.foo
Creating JSON producer: tcp://127.0.0.1:53847 /topic/testtopic.foo 1
Creating producer: tcp://127.0.0.1:53847 /topic/testtopic.foo
Creating connection.
Creating destination. Type: topic Name: testtopic.foo
Closing producer: tcp://127.0.0.1:53847 /topic/testtopic.foo
Closing consumer: tcp://127.0.0.1:53847 /topic/testtopic.foo
Closing consumer: tcp://127.0.0.1:42424 /topic/bowerick.broker.management.command
Closing producer: tcp://127.0.0.1:42424 /topic/bowerick.broker.management.reply
Info: Enabling management producer at: /topic/bowerick.broker.management.reply
Creating JSON producer: tcp://127.0.0.1:42424 /topic/bowerick.broker.management.reply 1
Creating producer: tcp://127.0.0.1:42424 /topic/bowerick.broker.management.reply
Creating connection.
Creating destination. Type: topic Name: bowerick.broker.management.reply
Info: Enabling management consumer at: /topic/bowerick.broker.management.command
Creating JSON consumer: tcp://127.0.0.1:42424 /topic/bowerick.broker.management.command 1
Creating consumer: tcp://127.0.0.1:42424 /topic/bowerick.broker.management.command
Consumer callback args count: 1
Creating connection.
Creating destination. Type: topic Name: bowerick.broker.management.command
Starting bowerick using the following options:
{:config-file &quot;bowerick.cfg&quot;,
 :url &quot;tcp://localhost:61616&quot;,
 :destination &quot;/topic/bowerick.message.generator&quot;,
 :interval 0,
 :loop-replay true,
 :pool-size 1,
 :client true,
 :old-scroll true}
[]
Starting bowerick in client mode.
Creating consumer: tcp://127.0.0.1:42424 /topic/testtopic.foo.a
Consumer callback args count: 2
Creating connection.
Creating destination. Type: topic Name: testtopic.foo.a
Creating consumer: tcp://127.0.0.1:42424 /topic/testtopic.foo.b
Consumer callback args count: 2
Creating connection.
Creating destination. Type: topic Name: testtopic.foo.b
Creating consumer: tcp://127.0.0.1:42424 /topic/testtopic.foo.c
Consumer callback args count: 2
Creating connection.
Creating destination. Type: topic Name: testtopic.foo.c
Creating JSON producer: tcp://127.0.0.1:42424 /topic/testtopic.foo.a 1
Creating producer: tcp://127.0.0.1:42424 /topic/testtopic.foo.a
Creating connection.
Creating destination. Type: topic Name: testtopic.foo.a
Creating JSON producer: tcp://127.0.0.1:42424 /topic/testtopic.foo.b 1
Creating producer: tcp://127.0.0.1:42424 /topic/testtopic.foo.b
Creating connection.
Creating destination. Type: topic Name: testtopic.foo.b
Creating JSON producer: tcp://127.0.0.1:42424 /topic/testtopic.foo.c 1
Creating producer: tcp://127.0.0.1:42424 /topic/testtopic.foo.c
Creating connection.
Creating destination. Type: topic Name: testtopic.foo.c
Closing consumer: tcp://127.0.0.1:42424 /topic/testtopic.foo.a
Closing consumer: tcp://127.0.0.1:42424 /topic/testtopic.foo.b
Closing consumer: tcp://127.0.0.1:42424 /topic/testtopic.foo.c
Closing producer: tcp://127.0.0.1:42424 /topic/testtopic.foo.a
Closing producer: tcp://127.0.0.1:42424 /topic/testtopic.foo.b
Closing producer: tcp://127.0.0.1:42424 /topic/testtopic.foo.c
Closing consumer: tcp://127.0.0.1:42424 /topic/testtopic.foo.a
Closing consumer: tcp://127.0.0.1:42424 /topic/testtopic.foo.b
Closing consumer: tcp://127.0.0.1:42424 /topic/testtopic.foo.c
Closing consumer: tcp://127.0.0.1:42424 /topic/testtopic.foo.a
Closing consumer: tcp://127.0.0.1:42424 /topic/testtopic.foo.b
Closing consumer: tcp://127.0.0.1:42424 /topic/testtopic.foo.c
Closing consumer: tcp://127.0.0.1:42424 /topic/bowerick.broker.management.command
Closing producer: tcp://127.0.0.1:42424 /topic/bowerick.broker.management.reply
Info: Enabling management producer at: /topic/bowerick.broker.management.reply
Creating JSON producer: tcp://127.0.0.1:42424 /topic/bowerick.broker.management.reply 1
Creating producer: tcp://127.0.0.1:42424 /topic/bowerick.broker.management.reply
Creating connection.
Creating destination. Type: topic Name: bowerick.broker.management.reply
Info: Enabling management consumer at: /topic/bowerick.broker.management.command
Creating JSON consumer: tcp://127.0.0.1:42424 /topic/bowerick.broker.management.command 1
Creating consumer: tcp://127.0.0.1:42424 /topic/bowerick.broker.management.command
Consumer callback args count: 1
Creating connection.
Creating destination. Type: topic Name: bowerick.broker.management.command
Starting bowerick using the following options:
{:config-file &quot;bowerick.cfg&quot;,
 :url &quot;tcp://localhost:61616&quot;,
 :destination &quot;/topic/bowerick.message.generator&quot;,
 :interval 0,
 :loop-replay true,
 :pool-size 1,
 :client true,
 :old-scroll true}
[]
Starting bowerick in client mode.
Creating failsafe JSON consumer: tcp://127.0.0.1:42424 /topic/testtopic.foo 1
Creating consumer: tcp://127.0.0.1:42424 /topic/testtopic.foo
Consumer callback args count: 1
Creating connection.
Creating destination. Type: topic Name: testtopic.foo
Creating producer: tcp://127.0.0.1:42424 /topic/testtopic.foo
Creating connection.
Creating destination. Type: topic Name: testtopic.foo
Closing producer: tcp://127.0.0.1:42424 /topic/testtopic.foo
Closing consumer: tcp://127.0.0.1:42424 /topic/testtopic.foo
Closing consumer: tcp://127.0.0.1:42424 /topic/bowerick.broker.management.command
Closing producer: tcp://127.0.0.1:42424 /topic/bowerick.broker.management.reply
Info: Enabling management producer at: /topic/bowerick.broker.management.reply
Creating JSON producer: tcp://127.0.0.1:42424 /topic/bowerick.broker.management.reply 1
Creating producer: tcp://127.0.0.1:42424 /topic/bowerick.broker.management.reply
Creating connection.
Creating destination. Type: topic Name: bowerick.broker.management.reply
Info: Enabling management consumer at: /topic/bowerick.broker.management.command
Creating JSON consumer: tcp://127.0.0.1:42424 /topic/bowerick.broker.management.command 1
Creating consumer: tcp://127.0.0.1:42424 /topic/bowerick.broker.management.command
Consumer callback args count: 1
Creating connection.
Creating destination. Type: topic Name: bowerick.broker.management.command
Starting bowerick using the following options:
{:config-file &quot;bowerick.cfg&quot;,
 :url &quot;tcp://localhost:61616&quot;,
 :destination &quot;/topic/bowerick.message.generator&quot;,
 :interval 0,
 :loop-replay true,
 :pool-size 1,
 :client true,
 :old-scroll true}
[]
Starting bowerick in client mode.
Creating failsafe JSON consumer: tcp://127.0.0.1:42424 /topic/testtopic.foo 1
Creating consumer: tcp://127.0.0.1:42424 /topic/testtopic.foo
Consumer callback args count: 1
Creating connection.
Creating destination. Type: topic Name: testtopic.foo
Closing consumer: tcp://127.0.0.1:42424 /topic/testtopic.foo
Closing consumer: tcp://127.0.0.1:42424 /topic/bowerick.broker.management.command
Closing producer: tcp://127.0.0.1:42424 /topic/bowerick.broker.management.reply
Info: Enabling management producer at: /topic/bowerick.broker.management.reply
Creating JSON producer: tcp://127.0.0.1:42424 /topic/bowerick.broker.management.reply 1
Creating producer: tcp://127.0.0.1:42424 /topic/bowerick.broker.management.reply
Creating connection.
Creating destination. Type: topic Name: bowerick.broker.management.reply
Info: Enabling management consumer at: /topic/bowerick.broker.management.command
Creating JSON consumer: tcp://127.0.0.1:42424 /topic/bowerick.broker.management.command 1
Creating consumer: tcp://127.0.0.1:42424 /topic/bowerick.broker.management.command
Consumer callback args count: 1
Creating connection.
Creating destination. Type: topic Name: bowerick.broker.management.command
Starting bowerick using the following options:
{:config-file &quot;bowerick.cfg&quot;,
 :url &quot;tcp://localhost:61616&quot;,
 :destination &quot;/topic/bowerick.message.generator&quot;,
 :interval 0,
 :loop-replay true,
 :pool-size 1,
 :client true,
 :old-scroll true}
[]
Starting bowerick in client mode.
Creating failsafe JSON consumer: tcp://127.0.0.1:42424 /topic/testtopic.foo 1
Creating consumer: tcp://127.0.0.1:42424 /topic/testtopic.foo
Consumer callback args count: 1
Creating connection.
Creating destination. Type: topic Name: testtopic.foo
Creating JSON producer: tcp://127.0.0.1:42424 /topic/testtopic.foo 1
Creating producer: tcp://127.0.0.1:42424 /topic/testtopic.foo
Creating connection.
Creating destination. Type: topic Name: testtopic.foo
Closing producer: tcp://127.0.0.1:42424 /topic/testtopic.foo
Closing consumer: tcp://127.0.0.1:42424 /topic/testtopic.foo
Closing consumer: tcp://127.0.0.1:42424 /topic/bowerick.broker.management.command
Closing producer: tcp://127.0.0.1:42424 /topic/bowerick.broker.management.reply
Info: Enabling management producer at: /topic/bowerick.broker.management.reply
Creating JSON producer: tcp://127.0.0.1:42424 /topic/bowerick.broker.management.reply 1
[...]
Consumer callback args count:321
Creating connection.
Creating destination. Type:32topic32Name:32bowerick.broker.management.command
Creating nippy producer:32stomp://127.0.0.1:4433332/topic/testtopic.foo32132{:serializable-allowlist32#{com.thoughtworks.xstream.mapper.* java.math.* java.util.* clojure.lang.* org.apache.activemq.* java.lang.* org.fusesource.hawtbuf.*}}
Creating producer:32stomp://127.0.0.1:4433332/topic/testtopic.foo
Creating connection.
Creating destination. Type:32topic32Name:32testtopic.foo
Creating nippy consumer:32tcp://127.0.0.1:4411132/topic/testtopic.foo32132{:serializable-allowlist32#{com.thoughtworks.xstream.mapper.* java.math.* java.util.* clojure.lang.* org.apache.activemq.* java.lang.* org.fusesource.hawtbuf.*}}
Creating consumer:32tcp://127.0.0.1:4411132/topic/testtopic.foo
Consumer callback args count:321
Creating connection.
Creating destination. Type:32topic32Name:32testtopic.foo
Closing producer:32stomp://127.0.0.1:4433332/topic/testtopic.foo
Closing consumer:32tcp://127.0.0.1:4411132/topic/testtopic.foo
Closing consumer:32tcp://127.0.0.1:4411132/topic/bowerick.broker.management.command
Closing producer:32tcp://127.0.0.1:4411132/topic/bowerick.broker.management.reply
Setting broker SSLContext to use key store file:32test/cfg/blub_client.ks32and trust store file:32test/cfg/blub_client.ts
Info: Enabling management producer at:32/topic/bowerick.broker.management.reply
Creating JSON producer:32tcp://127.0.0.1:4411132/topic/bowerick.broker.management.reply321
Creating producer:32tcp://127.0.0.1:4411132/topic/bowerick.broker.management.reply
Creating connection.
Creating destination. Type:32topic32Name:32bowerick.broker.management.reply
Info: Enabling management consumer at:32/topic/bowerick.broker.management.command
Creating JSON consumer:32tcp://127.0.0.1:4411132/topic/bowerick.broker.management.command321
Creating consumer:32tcp://127.0.0.1:4411132/topic/bowerick.broker.management.command
Consumer callback args count:321
Creating connection.
Creating destination. Type:32topic32Name:32bowerick.broker.management.command
Creating producer:32stomp://127.0.0.1:4433332/topic/testtopic.foo
Creating connection.
Creating destination. Type:32topic32Name:32testtopic.foo
Creating consumer:32tcp://127.0.0.1:4411132/topic/testtopic.foo
Consumer callback args count:321
Creating connection.
Creating destination. Type:32topic32Name:32testtopic.foo
Closing producer:32stomp://127.0.0.1:4433332/topic/testtopic.foo
Closing consumer:32tcp://127.0.0.1:4411132/topic/testtopic.foo
Closing consumer:32tcp://127.0.0.1:4411132/topic/bowerick.broker.management.command
Closing producer:32tcp://127.0.0.1:4411132/topic/bowerick.broker.management.reply
Setting broker SSLContext to use key store file:32test/cfg/blub_client.ks32and trust store file:32test/cfg/blub_client.ts
Info: Enabling management producer at:32/topic/bowerick.broker.management.reply
Creating JSON producer:32tcp://127.0.0.1:4411132/topic/bowerick.broker.management.reply321
Creating producer:32tcp://127.0.0.1:4411132/topic/bowerick.broker.management.reply
Creating connection.
Creating destination. Type:32topic32Name:32bowerick.broker.management.reply
Info: Enabling management consumer at:32/topic/bowerick.broker.management.command
Creating JSON consumer:32tcp://127.0.0.1:4411132/topic/bowerick.broker.management.command321
Creating consumer:32tcp://127.0.0.1:4411132/topic/bowerick.broker.management.command
Consumer callback args count:321
Creating connection.
Creating destination. Type:32topic32Name:32bowerick.broker.management.command
Creating producer:32stomp://127.0.0.1:4433332/topic/testtopic.foo
Creating connection.
Creating destination. Type:32topic32Name:32testtopic.foo
Creating consumer:32tcp://127.0.0.1:4411132/topic/testtopic.foo
Consumer callback args count:321
Creating connection.
Creating destination. Type:32topic32Name:32testtopic.foo
Closing producer:32stomp://127.0.0.1:4433332/topic/testtopic.foo
Closing consumer:32tcp://127.0.0.1:4411132/topic/testtopic.foo
Closing consumer:32tcp://127.0.0.1:4411132/topic/bowerick.broker.management.command
Closing producer:32tcp://127.0.0.1:4411132/topic/bowerick.broker.management.reply
Setting broker SSLContext to use key store file:32test/cfg/blub_client.ks32and trust store file:32test/cfg/blub_client.ts
Info: Enabling management producer at:32/topic/bowerick.broker.management.reply
Creating JSON producer:32stomp://127.0.0.1:4433332/topic/bowerick.broker.management.reply321
Creating producer:32stomp://127.0.0.1:4433332/topic/bowerick.broker.management.reply
Creating connection.
Creating destination. Type:32topic32Name:32bowerick.broker.management.reply
Info: Enabling management consumer at:32/topic/bowerick.broker.management.command
Creating JSON consumer:32stomp://127.0.0.1:4433332/topic/bowerick.broker.management.command321
Creating consumer:32stomp://127.0.0.1:4433332/topic/bowerick.broker.management.command
Consumer callback args count:321
Creating connection.
Creating destination. Type:32topic32Name:32bowerick.broker.management.command
Creating producer:32stomp://127.0.0.1:4433332/topic/testtopic.foo
Creating connection.
Creating destination. Type:32topic32Name:32testtopic.foo
Creating consumer:32stomp://127.0.0.1:4444432/topic/testtopic.foo
Consumer callback args count:321
Creating connection.
Creating destination. Type:32topic32Name:32testtopic.foo
Closing producer:32stomp://127.0.0.1:4433332/topic/testtopic.foo
Closing consumer:32stomp://127.0.0.1:4444432/topic/testtopic.foo
Closing consumer:32stomp://127.0.0.1:4433332/topic/bowerick.broker.management.command
Closing producer:32stomp://127.0.0.1:4433332/topic/bowerick.broker.management.reply
Setting broker SSLContext to use key store file:32test/cfg/blub_client.ks32and trust store file:32test/cfg/blub_client.ts
Info: Enabling management producer at:32/topic/bowerick.broker.management.reply
Creating JSON producer:32tcp://127.0.0.1:4411132/topic/bowerick.broker.management.reply321
Creating producer:32tcp://127.0.0.1:4411132/topic/bowerick.broker.management.reply
Creating connection.
Creating destination. Type:32topic32Name:32bowerick.broker.management.reply
Info: Enabling management consumer at:32/topic/bowerick.broker.management.command
Creating JSON consumer:32tcp://127.0.0.1:4411132/topic/bowerick.broker.management.command321
Creating consumer:32tcp://127.0.0.1:4411132/topic/bowerick.broker.management.command
Consumer callback args count:321
Creating connection.
Creating destination. Type:32topic32Name:32bowerick.broker.management.command
Creating producer:32tcp://127.0.0.1:4411132/topic/testtopic.foo
Creating connection.
Creating destination. Type:32topic32Name:32testtopic.foo
Creating consumer:32stomp://127.0.0.1:4433332/topic/testtopic.foo
Consumer callback args count:321
Creating connection.
Creating destination. Type:32topic32Name:32testtopic.foo
Closing producer:32tcp://127.0.0.1:4411132/topic/testtopic.foo
Closing consumer:32stomp://127.0.0.1:4433332/topic/testtopic.foo
Closing consumer:32tcp://127.0.0.1:4411132/topic/bowerick.broker.management.command
Closing producer:32tcp://127.0.0.1:4411132/topic/bowerick.broker.management.reply
    </system-out>

        <properties>
[...]
</properties>

  </testsuite>
  <testsuite errors="0" failures="0" id="19" name="test-helper" package="bowerick.test" tests="0" time="0.0010" timestamp="2021-02-19_07:59:51+0100">
        <system-err>
    </system-err>

        <system-out>
    </system-out>

        <properties>
[...]
</properties>

  </testsuite>
  <testsuite errors="0" failures="0" id="20" name="websocket" package="bowerick.test" tests="4" time="2.8111" timestamp="2021-08-08_10:08:51+0200">
        <testcase classname="bowerick.test.websocket" name="websocket-ssl-to-stomp-string-test" time="0.4915">
    </testcase>

        <testcase classname="bowerick.test.websocket" name="websocket-string-test" time="0.0554">
    </testcase>

        <testcase classname="bowerick.test.websocket" name="websocket-to-openwire-string-test" time="0.0328">
    </testcase>

        <testcase classname="bowerick.test.websocket" name="websocket-to-stomp-string-test" time="0.0306">
    </testcase>

        <system-err>
Setting broker SSLContext to use key store file: test/ssl/broker.ks and trust store file: test/ssl/broker.ts
Info: Enabling management producer at: /topic/bowerick.broker.management.reply
Creating JSON producer: tcp://127.0.0.1:33323 /topic/bowerick.broker.management.reply 1
Creating producer: tcp://127.0.0.1:33323 /topic/bowerick.broker.management.reply
Creating connection.
Creating destination. Type: topic Name: bowerick.broker.management.reply
Info: Enabling management consumer at: /topic/bowerick.broker.management.command
Creating JSON consumer: tcp://127.0.0.1:33323 /topic/bowerick.broker.management.command 1
Creating consumer: tcp://127.0.0.1:33323 /topic/bowerick.broker.management.command
Consumer callback args count: 1
Creating connection.
Creating destination. Type: topic Name: bowerick.broker.management.command
Creating consumer: stomp://127.0.0.1:33324 /topic/testtopic.foo
Consumer callback args count: 1
Creating connection.
Creating destination. Type: topic Name: testtopic.foo
Creating producer: wss://127.0.0.1:33326?needClientAuth=true /topic/testtopic.foo
Closing producer: wss://127.0.0.1:33326?needClientAuth=true /topic/testtopic.foo
Closing consumer: stomp://127.0.0.1:33324 /topic/testtopic.foo
Closing consumer: tcp://127.0.0.1:33323 /topic/bowerick.broker.management.command
Closing producer: tcp://127.0.0.1:33323 /topic/bowerick.broker.management.reply
Setting broker SSLContext to use key store file: test/ssl/broker.ks and trust store file: test/ssl/broker.ts
Info: Enabling management producer at: /topic/bowerick.broker.management.reply
Creating JSON producer: tcp://127.0.0.1:33323 /topic/bowerick.broker.management.reply 1
Creating producer: tcp://127.0.0.1:33323 /topic/bowerick.broker.management.reply
Creating connection.
Creating destination. Type: topic Name: bowerick.broker.management.reply
Info: Enabling management consumer at: /topic/bowerick.broker.management.command
Creating JSON consumer: tcp://127.0.0.1:33323 /topic/bowerick.broker.management.command 1
Creating consumer: tcp://127.0.0.1:33323 /topic/bowerick.broker.management.command
Consumer callback args count: 1
Creating connection.
Creating destination. Type: topic Name: bowerick.broker.management.command
Creating consumer: ws://127.0.0.1:33325 /topic/testtopic.foo
Consumer callback args count: 1
Creating producer: ws://127.0.0.1:33325 /topic/testtopic.foo
Closing producer: ws://127.0.0.1:33325 /topic/testtopic.foo
Closing consumer: ws://127.0.0.1:33325 /topic/testtopic.foo
Closing consumer: tcp://127.0.0.1:33323 /topic/bowerick.broker.management.command
Closing producer: tcp://127.0.0.1:33323 /topic/bowerick.broker.management.reply
Setting broker SSLContext to use key store file: test/ssl/broker.ks and trust store file: test/ssl/broker.ts
Info: Enabling management producer at: /topic/bowerick.broker.management.reply
Creating JSON producer: tcp://127.0.0.1:33323 /topic/bowerick.broker.management.reply 1
Creating producer: tcp://127.0.0.1:33323 /topic/bowerick.broker.management.reply
Creating connection.
Creating destination. Type: topic Name: bowerick.broker.management.reply
Info: Enabling management consumer at: /topic/bowerick.broker.management.command
Creating JSON consumer: tcp://127.0.0.1:33323 /topic/bowerick.broker.management.command 1
Creating consumer: tcp://127.0.0.1:33323 /topic/bowerick.broker.management.command
Consumer callback args count: 1
Creating connection.
Creating destination. Type: topic Name: bowerick.broker.management.command
Creating consumer: tcp://127.0.0.1:33323 /topic/testtopic.foo
Consumer callback args count: 1
Creating connection.
Creating destination. Type: topic Name: testtopic.foo
Creating producer: ws://127.0.0.1:33325 /topic/testtopic.foo
Closing producer: ws://127.0.0.1:33325 /topic/testtopic.foo
Closing consumer: tcp://127.0.0.1:33323 /topic/testtopic.foo
Closing consumer: tcp://127.0.0.1:33323 /topic/bowerick.broker.management.command
Closing producer: tcp://127.0.0.1:33323 /topic/bowerick.broker.management.reply
Setting broker SSLContext to use key store file: test/ssl/broker.ks and trust store file: test/ssl/broker.ts
Info: Enabling management producer at: /topic/bowerick.broker.management.reply
Creating JSON producer: tcp://127.0.0.1:33323 /topic/bowerick.broker.management.reply 1
Creating producer: tcp://127.0.0.1:33323 /topic/bowerick.broker.management.reply
Creating connection.
Creating destination. Type: topic Name: bowerick.broker.management.reply
Info: Enabling management consumer at: /topic/bowerick.broker.management.command
Creating JSON consumer: tcp://127.0.0.1:33323 /topic/bowerick.broker.management.command 1
Creating consumer: tcp://127.0.0.1:33323 /topic/bowerick.broker.management.command
Consumer callback args count: 1
Creating connection.
Creating destination. Type: topic Name: bowerick.broker.management.command
Creating consumer: stomp://127.0.0.1:33324 /topic/testtopic.foo
Consumer callback args count: 1
Creating connection.
Creating destination. Type: topic Name: testtopic.foo
Creating producer: ws://127.0.0.1:33325 /topic/testtopic.foo
Closing producer: ws://127.0.0.1:33325 /topic/testtopic.foo
Closing consumer: stomp://127.0.0.1:33324 /topic/testtopic.foo
Closing consumer: tcp://127.0.0.1:33323 /topic/bowerick.broker.management.command
Closing producer: tcp://127.0.0.1:33323 /topic/bowerick.broker.management.reply
    </system-err>

        <system-out>
Setting broker SSLContext to use key store file:32test/ssl/broker.ks32and trust store file:32test/ssl/broker.ts
Info: Enabling management producer at:32/topic/bowerick.broker.management.reply
Creating JSON producer:32tcp://127.0.0.1:3332332/topic/bowerick.broker.management.reply321
Creating producer:32tcp://127.0.0.1:3332332/topic/bowerick.broker.management.reply
Creating connection.
Creating destination. Type:32topic32Name:32bowerick.broker.management.reply
Info: Enabling management consumer at:32/topic/bowerick.broker.management.command
Creating JSON consumer:32tcp://127.0.0.1:3332332/topic/bowerick.broker.management.command321
Creating consumer:32tcp://127.0.0.1:3332332/topic/bowerick.broker.management.command
Consumer callback args count:321
Creating connection.
Creating destination. Type:32topic32Name:32bowerick.broker.management.command
Creating consumer:32stomp://127.0.0.1:3332432/topic/testtopic.foo
Consumer callback args count:321
Creating connection.
Creating destination. Type:32topic32Name:32testtopic.foo
Creating producer:32wss://127.0.0.1:33326?needClientAuth=true32/topic/testtopic.foo
Connecting WS STOMP client...
Waiting for WS STOMP client to connect...
WS STOMP client connection succeeded.
Closing producer:32wss://127.0.0.1:33326?needClientAuth=true32/topic/testtopic.foo
Closing WebSocket session...
Closing consumer:32stomp://127.0.0.1:3332432/topic/testtopic.foo
Closing consumer:32tcp://127.0.0.1:3332332/topic/bowerick.broker.management.command
Closing producer:32tcp://127.0.0.1:3332332/topic/bowerick.broker.management.reply
Setting broker SSLContext to use key store file:32test/ssl/broker.ks32and trust store file:32test/ssl/broker.ts
Info: Enabling management producer at:32/topic/bowerick.broker.management.reply
Creating JSON producer:32tcp://127.0.0.1:3332332/topic/bowerick.broker.management.reply321
Creating producer:32tcp://127.0.0.1:3332332/topic/bowerick.broker.management.reply
Creating connection.
Creating destination. Type:32topic32Name:32bowerick.broker.management.reply
Info: Enabling management consumer at:32/topic/bowerick.broker.management.command
Creating JSON consumer:32tcp://127.0.0.1:3332332/topic/bowerick.broker.management.command321
Creating consumer:32tcp://127.0.0.1:3332332/topic/bowerick.broker.management.command
Consumer callback args count:321
Creating connection.
Creating destination. Type:32topic32Name:32bowerick.broker.management.command
Creating consumer:32ws://127.0.0.1:3332532/topic/testtopic.foo
Consumer callback args count:321
Connecting WS STOMP client...
Waiting for WS STOMP client to connect...
WS STOMP client connection succeeded.
Subscribing to32/topic/testtopic.foo
Subscription succeeded.
Creating producer:32ws://127.0.0.1:3332532/topic/testtopic.foo
Connecting WS STOMP client...
Waiting for WS STOMP client to connect...
WS STOMP client connection succeeded.
Closing producer:32ws://127.0.0.1:3332532/topic/testtopic.foo
Closing WebSocket session...
Closing consumer:32ws://127.0.0.1:3332532/topic/testtopic.foo
Closing WebSocket session...
Closing consumer:32tcp://127.0.0.1:3332332/topic/bowerick.broker.management.command
Closing producer:32tcp://127.0.0.1:3332332/topic/bowerick.broker.management.reply
Setting broker SSLContext to use key store file:32test/ssl/broker.ks32and trust store file:32test/ssl/broker.ts
Info: Enabling management producer at:32/topic/bowerick.broker.management.reply
Creating JSON producer:32tcp://127.0.0.1:3332332/topic/bowerick.broker.management.reply321
Creating producer:32tcp://127.0.0.1:3332332/topic/bowerick.broker.management.reply
Creating connection.
Creating destination. Type:32topic32Name:32bowerick.broker.management.reply
Info: Enabling management consumer at:32/topic/bowerick.broker.management.command
Creating JSON consumer:32tcp://127.0.0.1:3332332/topic/bowerick.broker.management.command321
Creating consumer:32tcp://127.0.0.1:3332332/topic/bowerick.broker.management.command
Consumer callback args count:321
Creating connection.
Creating destination. Type:32topic32Name:32bowerick.broker.management.command
Creating consumer:32tcp://127.0.0.1:3332332/topic/testtopic.foo
Consumer callback args count:321
Creating connection.
Creating destination. Type:32topic32Name:32testtopic.foo
Creating producer:32ws://127.0.0.1:3332532/topic/testtopic.foo
Connecting WS STOMP client...
Waiting for WS STOMP client to connect...
WS STOMP client connection succeeded.
Closing producer:32ws://127.0.0.1:3332532/topic/testtopic.foo
Closing WebSocket session...
Closing consumer:32tcp://127.0.0.1:3332332/topic/testtopic.foo
Closing consumer:32tcp://127.0.0.1:3332332/topic/bowerick.broker.management.command
Closing producer:32tcp://127.0.0.1:3332332/topic/bowerick.broker.management.reply
Setting broker SSLContext to use key store file:32test/ssl/broker.ks32and trust store file:32test/ssl/broker.ts
Info: Enabling management producer at:32/topic/bowerick.broker.management.reply
Creating JSON producer:32tcp://127.0.0.1:3332332/topic/bowerick.broker.management.reply321
Creating producer:32tcp://127.0.0.1:3332332/topic/bowerick.broker.management.reply
Creating connection.
Creating destination. Type:32topic32Name:32bowerick.broker.management.reply
Info: Enabling management consumer at:32/topic/bowerick.broker.management.command
Creating JSON consumer:32tcp://127.0.0.1:3332332/topic/bowerick.broker.management.command321
Creating consumer:32tcp://127.0.0.1:3332332/topic/bowerick.broker.management.command
Consumer callback args count:321
Creating connection.
Creating destination. Type:32topic32Name:32bowerick.broker.management.command
Creating consumer:32stomp://127.0.0.1:3332432/topic/testtopic.foo
Consumer callback args count:321
Creating connection.
Creating destination. Type:32topic32Name:32testtopic.foo
Creating producer:32ws://127.0.0.1:3332532/topic/testtopic.foo
Connecting WS STOMP client...
Waiting for WS STOMP client to connect...
WS STOMP client connection succeeded.
Closing producer:32ws://127.0.0.1:3332532/topic/testtopic.foo
Closing WebSocket session...
Closing consumer:32stomp://127.0.0.1:3332432/topic/testtopic.foo
Closing consumer:32tcp://127.0.0.1:3332332/topic/bowerick.broker.management.command
Closing producer:32tcp://127.0.0.1:3332332/topic/bowerick.broker.management.reply
    </system-out>

        <properties>
[...]
</properties>

  </testsuite>
</testsuites>
