<?xml version="1.0" encoding="UTF-8" ?>
<testsuites>
  <testsuite errors="0" failures="0" id="0" name="benchmarks" package="bowerick" tests="0" time="0.0069" timestamp="2017-09-08_14:03:40+0200">
        <system-err>
    </system-err>

        <system-out>
    </system-out>

        <properties>
[...]
</properties>

  </testsuite>
  <testsuite errors="0" failures="0" id="1" name="broker" package="bowerick.test" tests="5" time="2.3177" timestamp="2017-09-08_14:03:42+0200">
        <testcase classname="bowerick.test.broker" name="send-unknown-command-test" time="1.5132">
    </testcase>

        <testcase classname="bowerick.test.broker" name="get-all-destinations-via-jms-test" time="0.3367">
    </testcase>

        <testcase classname="bowerick.test.broker" name="get-destinations-test" time="0.1067">
    </testcase>

        <testcase classname="bowerick.test.broker" name="get-destinations-via-jms-test" time="0.2090">
    </testcase>

        <testcase classname="bowerick.test.broker" name="get-destinations-with-producer-test" time="0.1404">
    </testcase>

        <system-err>
Info: Enabling management producer at: /topic/bowerick.broker.management.reply
Creating JSON producer: tcp://127.0.0.1:42424 /topic/bowerick.broker.management.reply 1
Creating producer: tcp://127.0.0.1:42424 /topic/bowerick.broker.management.reply
Creating connection.
Creating destination. Type: topic Name: bowerick.broker.management.reply
Info: Enabling management consumer at: /topic/bowerick.broker.management.command
Creating JSON consumer: tcp://127.0.0.1:42424 /topic/bowerick.broker.management.command 1
Creating consumer: tcp://127.0.0.1:42424 /topic/bowerick.broker.management.command
Creating connection.
Creating destination. Type: topic Name: bowerick.broker.management.command
Creating JSON producer: tcp://127.0.0.1:42424 /topic/bowerick.broker.management.command 1
Creating producer: tcp://127.0.0.1:42424 /topic/bowerick.broker.management.command
Creating connection.
Creating destination. Type: topic Name: bowerick.broker.management.command
Creating JSON consumer: tcp://127.0.0.1:42424 /topic/bowerick.broker.management.reply 1
Creating consumer: tcp://127.0.0.1:42424 /topic/bowerick.broker.management.reply
Creating connection.
Creating destination. Type: topic Name: bowerick.broker.management.reply
Closing producer: tcp://127.0.0.1:42424 /topic/bowerick.broker.management.command
Closing consumer: tcp://127.0.0.1:42424 /topic/bowerick.broker.management.reply
Closing consumer: tcp://127.0.0.1:42424 /topic/bowerick.broker.management.command
Closing producer: tcp://127.0.0.1:42424 /topic/bowerick.broker.management.reply
Info: Enabling management producer at: /topic/bowerick.broker.management.reply
Creating JSON producer: tcp://127.0.0.1:42424 /topic/bowerick.broker.management.reply 1
Creating producer: tcp://127.0.0.1:42424 /topic/bowerick.broker.management.reply
Creating connection.
Creating destination. Type: topic Name: bowerick.broker.management.reply
Info: Enabling management consumer at: /topic/bowerick.broker.management.command
Creating JSON consumer: tcp://127.0.0.1:42424 /topic/bowerick.broker.management.command 1
Creating consumer: tcp://127.0.0.1:42424 /topic/bowerick.broker.management.command
Creating connection.
Creating destination. Type: topic Name: bowerick.broker.management.command
Creating JSON producer: tcp://127.0.0.1:42424 /topic/bowerick.broker.management.command 1
Creating producer: tcp://127.0.0.1:42424 /topic/bowerick.broker.management.command
Creating connection.
Creating destination. Type: topic Name: bowerick.broker.management.command
Creating JSON consumer: tcp://127.0.0.1:42424 /topic/bowerick.broker.management.reply 1
Creating consumer: tcp://127.0.0.1:42424 /topic/bowerick.broker.management.reply
Creating connection.
Creating destination. Type: topic Name: bowerick.broker.management.reply
Closing producer: tcp://127.0.0.1:42424 /topic/bowerick.broker.management.command
Closing consumer: tcp://127.0.0.1:42424 /topic/bowerick.broker.management.reply
Closing consumer: tcp://127.0.0.1:42424 /topic/bowerick.broker.management.command
Closing producer: tcp://127.0.0.1:42424 /topic/bowerick.broker.management.reply
Info: Enabling management producer at: /topic/bowerick.broker.management.reply
Creating JSON producer: tcp://127.0.0.1:42424 /topic/bowerick.broker.management.reply 1
Creating producer: tcp://127.0.0.1:42424 /topic/bowerick.broker.management.reply
Creating connection.
Creating destination. Type: topic Name: bowerick.broker.management.reply
Info: Enabling management consumer at: /topic/bowerick.broker.management.command
Creating JSON consumer: tcp://127.0.0.1:42424 /topic/bowerick.broker.management.command 1
Creating consumer: tcp://127.0.0.1:42424 /topic/bowerick.broker.management.command
Creating connection.
Creating destination. Type: topic Name: bowerick.broker.management.command
Closing consumer: tcp://127.0.0.1:42424 /topic/bowerick.broker.management.command
Closing producer: tcp://127.0.0.1:42424 /topic/bowerick.broker.management.reply
Info: Enabling management producer at: /topic/bowerick.broker.management.reply
Creating JSON producer: tcp://127.0.0.1:42424 /topic/bowerick.broker.management.reply 1
Creating producer: tcp://127.0.0.1:42424 /topic/bowerick.broker.management.reply
Creating connection.
Creating destination. Type: topic Name: bowerick.broker.management.reply
Info: Enabling management consumer at: /topic/bowerick.broker.management.command
Creating JSON consumer: tcp://127.0.0.1:42424 /topic/bowerick.broker.management.command 1
Creating consumer: tcp://127.0.0.1:42424 /topic/bowerick.broker.management.command
Creating connection.
Creating destination. Type: topic Name: bowerick.broker.management.command
Creating JSON producer: tcp://127.0.0.1:42424 /topic/bowerick.broker.management.command 1
Creating producer: tcp://127.0.0.1:42424 /topic/bowerick.broker.management.command
Creating connection.
Creating destination. Type: topic Name: bowerick.broker.management.command
Creating JSON consumer: tcp://127.0.0.1:42424 /topic/bowerick.broker.management.reply 1
Creating consumer: tcp://127.0.0.1:42424 /topic/bowerick.broker.management.reply
Creating connection.
Creating destination. Type: topic Name: bowerick.broker.management.reply
Closing producer: tcp://127.0.0.1:42424 /topic/bowerick.broker.management.command
Closing consumer: tcp://127.0.0.1:42424 /topic/bowerick.broker.management.reply
Closing consumer: tcp://127.0.0.1:42424 /topic/bowerick.broker.management.command
Closing producer: tcp://127.0.0.1:42424 /topic/bowerick.broker.management.reply
Info: Enabling management producer at: /topic/bowerick.broker.management.reply
Creating JSON producer: tcp://127.0.0.1:42424 /topic/bowerick.broker.management.reply 1
Creating producer: tcp://127.0.0.1:42424 /topic/bowerick.broker.management.reply
Creating connection.
Creating destination. Type: topic Name: bowerick.broker.management.reply
Info: Enabling management consumer at: /topic/bowerick.broker.management.command
Creating JSON consumer: tcp://127.0.0.1:42424 /topic/bowerick.broker.management.command 1
Creating consumer: tcp://127.0.0.1:42424 /topic/bowerick.broker.management.command
Creating connection.
Creating destination. Type: topic Name: bowerick.broker.management.command
Creating producer: tcp://127.0.0.1:42424 /topic/testtopic.foo
Creating connection.
Creating destination. Type: topic Name: testtopic.foo
Closing producer: tcp://127.0.0.1:42424 /topic/testtopic.foo
Closing consumer: tcp://127.0.0.1:42424 /topic/bowerick.broker.management.command
Closing producer: tcp://127.0.0.1:42424 /topic/bowerick.broker.management.reply
    </system-err>

        <system-out>
Info: Enabling management producer at:32/topic/bowerick.broker.management.reply
Creating JSON producer:32tcp://127.0.0.1:4242432/topic/bowerick.broker.management.reply321
Creating producer:32tcp://127.0.0.1:4242432/topic/bowerick.broker.management.reply
Creating connection.
Creating destination. Type:32topic32Name:32bowerick.broker.management.reply
Info: Enabling management consumer at:32/topic/bowerick.broker.management.command
Creating JSON consumer:32tcp://127.0.0.1:4242432/topic/bowerick.broker.management.command321
Creating consumer:32tcp://127.0.0.1:4242432/topic/bowerick.broker.management.command
Creating connection.
Creating destination. Type:32topic32Name:32bowerick.broker.management.command
Creating JSON producer:32tcp://127.0.0.1:4242432/topic/bowerick.broker.management.command321
Creating producer:32tcp://127.0.0.1:4242432/topic/bowerick.broker.management.command
Creating connection.
Creating destination. Type:32topic32Name:32bowerick.broker.management.command
Creating JSON consumer:32tcp://127.0.0.1:4242432/topic/bowerick.broker.management.reply321
Creating consumer:32tcp://127.0.0.1:4242432/topic/bowerick.broker.management.reply
Creating connection.
Creating destination. Type:32topic32Name:32bowerick.broker.management.reply
Closing producer:32tcp://127.0.0.1:4242432/topic/bowerick.broker.management.command
Closing consumer:32tcp://127.0.0.1:4242432/topic/bowerick.broker.management.reply
Closing consumer:32tcp://127.0.0.1:4242432/topic/bowerick.broker.management.command
Closing producer:32tcp://127.0.0.1:4242432/topic/bowerick.broker.management.reply
Info: Enabling management producer at:32/topic/bowerick.broker.management.reply
Creating JSON producer:32tcp://127.0.0.1:4242432/topic/bowerick.broker.management.reply321
Creating producer:32tcp://127.0.0.1:4242432/topic/bowerick.broker.management.reply
Creating connection.
Creating destination. Type:32topic32Name:32bowerick.broker.management.reply
Info: Enabling management consumer at:32/topic/bowerick.broker.management.command
Creating JSON consumer:32tcp://127.0.0.1:4242432/topic/bowerick.broker.management.command321
Creating consumer:32tcp://127.0.0.1:4242432/topic/bowerick.broker.management.command
Creating connection.
Creating destination. Type:32topic32Name:32bowerick.broker.management.command
Creating JSON producer:32tcp://127.0.0.1:4242432/topic/bowerick.broker.management.command321
Creating producer:32tcp://127.0.0.1:4242432/topic/bowerick.broker.management.command
Creating connection.
Creating destination. Type:32topic32Name:32bowerick.broker.management.command
Creating JSON consumer:32tcp://127.0.0.1:4242432/topic/bowerick.broker.management.reply321
Creating consumer:32tcp://127.0.0.1:4242432/topic/bowerick.broker.management.reply
Creating connection.
Creating destination. Type:32topic32Name:32bowerick.broker.management.reply
Closing producer:32tcp://127.0.0.1:4242432/topic/bowerick.broker.management.command
Closing consumer:32tcp://127.0.0.1:4242432/topic/bowerick.broker.management.reply
Closing consumer:32tcp://127.0.0.1:4242432/topic/bowerick.broker.management.command
Closing producer:32tcp://127.0.0.1:4242432/topic/bowerick.broker.management.reply
Info: Enabling management producer at:32/topic/bowerick.broker.management.reply
Creating JSON producer:32tcp://127.0.0.1:4242432/topic/bowerick.broker.management.reply321
Creating producer:32tcp://127.0.0.1:4242432/topic/bowerick.broker.management.reply
Creating connection.
Creating destination. Type:32topic32Name:32bowerick.broker.management.reply
Info: Enabling management consumer at:32/topic/bowerick.broker.management.command
Creating JSON consumer:32tcp://127.0.0.1:4242432/topic/bowerick.broker.management.command321
Creating consumer:32tcp://127.0.0.1:4242432/topic/bowerick.broker.management.command
Creating connection.
Creating destination. Type:32topic32Name:32bowerick.broker.management.command
Closing consumer:32tcp://127.0.0.1:4242432/topic/bowerick.broker.management.command
Closing producer:32tcp://127.0.0.1:4242432/topic/bowerick.broker.management.reply
Info: Enabling management producer at:32/topic/bowerick.broker.management.reply
Creating JSON producer:32tcp://127.0.0.1:4242432/topic/bowerick.broker.management.reply321
Creating producer:32tcp://127.0.0.1:4242432/topic/bowerick.broker.management.reply
Creating connection.
Creating destination. Type:32topic32Name:32bowerick.broker.management.reply
Info: Enabling management consumer at:32/topic/bowerick.broker.management.command
Creating JSON consumer:32tcp://127.0.0.1:4242432/topic/bowerick.broker.management.command321
Creating consumer:32tcp://127.0.0.1:4242432/topic/bowerick.broker.management.command
Creating connection.
Creating destination. Type:32topic32Name:32bowerick.broker.management.command
Creating JSON producer:32tcp://127.0.0.1:4242432/topic/bowerick.broker.management.command321
Creating producer:32tcp://127.0.0.1:4242432/topic/bowerick.broker.management.command
Creating connection.
Creating destination. Type:32topic32Name:32bowerick.broker.management.command
Creating JSON consumer:32tcp://127.0.0.1:4242432/topic/bowerick.broker.management.reply321
Creating consumer:32tcp://127.0.0.1:4242432/topic/bowerick.broker.management.reply
Creating connection.
Creating destination. Type:32topic32Name:32bowerick.broker.management.reply
Closing producer:32tcp://127.0.0.1:4242432/topic/bowerick.broker.management.command
Closing consumer:32tcp://127.0.0.1:4242432/topic/bowerick.broker.management.reply
Closing consumer:32tcp://127.0.0.1:4242432/topic/bowerick.broker.management.command
Closing producer:32tcp://127.0.0.1:4242432/topic/bowerick.broker.management.reply
Info: Enabling management producer at:32/topic/bowerick.broker.management.reply
Creating JSON producer:32tcp://127.0.0.1:4242432/topic/bowerick.broker.management.reply321
Creating producer:32tcp://127.0.0.1:4242432/topic/bowerick.broker.management.reply
Creating connection.
Creating destination. Type:32topic32Name:32bowerick.broker.management.reply
Info: Enabling management consumer at:32/topic/bowerick.broker.management.command
Creating JSON consumer:32tcp://127.0.0.1:4242432/topic/bowerick.broker.management.command321
Creating consumer:32tcp://127.0.0.1:4242432/topic/bowerick.broker.management.command
Creating connection.
Creating destination. Type:32topic32Name:32bowerick.broker.management.command
Creating producer:32tcp://127.0.0.1:4242432/topic/testtopic.foo
Creating connection.
Creating destination. Type:32topic32Name:32testtopic.foo
Closing producer:32tcp://127.0.0.1:4242432/topic/testtopic.foo
Closing consumer:32tcp://127.0.0.1:4242432/topic/bowerick.broker.management.command
Closing producer:32tcp://127.0.0.1:4242432/topic/bowerick.broker.management.reply
    </system-out>

        <properties>
[...]
</properties>

  </testsuite>
  <testsuite errors="0" failures="0" id="2" name="client-cli" package="bowerick.test" tests="8" time="3.1345" timestamp="2017-09-08_14:03:45+0200">
        <testcase classname="bowerick.test.client-cli" name="simple-send-receive-with-cli-broker-test" time="0.6545">
    </testcase>

        <testcase classname="bowerick.test.client-cli" name="broker-management-get-destinations-test" time="0.4400">
    </testcase>

        <testcase classname="bowerick.test.client-cli" name="simple-send-receive-with-cli-daemon-broker-test" time="0.4245">
    </testcase>

        <testcase classname="bowerick.test.client-cli" name="dummy-receive-test" time="0.1131">
    </testcase>

        <testcase classname="bowerick.test.client-cli" name="simple-send-receive-test" time="0.4043">
    </testcase>

        <testcase classname="bowerick.test.client-cli" name="broker-management-get-all-destinations-test" time="0.4009">
    </testcase>

        <testcase classname="bowerick.test.client-cli" name="show-help-test" time="0.0203">
    </testcase>

        <testcase classname="bowerick.test.client-cli" name="dummy-send-test" time="0.0629">
    </testcase>

        <system-err>
Info: Enabling management producer at: /topic/bowerick.broker.management.reply
Creating JSON producer: tcp://127.0.0.1:42424 /topic/bowerick.broker.management.reply 1
Creating producer: tcp://127.0.0.1:42424 /topic/bowerick.broker.management.reply
Creating connection.
Creating destination. Type: topic Name: bowerick.broker.management.reply
Info: Enabling management consumer at: /topic/bowerick.broker.management.command
Creating JSON consumer: tcp://127.0.0.1:42424 /topic/bowerick.broker.management.command 1
Creating consumer: tcp://127.0.0.1:42424 /topic/bowerick.broker.management.command
Creating connection.
Creating destination. Type: topic Name: bowerick.broker.management.command
Starting bowerick using the following options:
{:a-frame-demo false,
 :client true,
 :daemon false,
 :help false,
 :url &quot;tcp://localhost:61616&quot;}
[]
Starting bowerick in client mode.
Creating failsafe JSON consumer: tcp://127.0.0.1:53847 /topic/testtopic.foo 1
Creating consumer: tcp://127.0.0.1:53847 /topic/testtopic.foo
Creating connection.
Creating destination. Type: topic Name: testtopic.foo
Creating JSON producer: tcp://127.0.0.1:53847 /topic/testtopic.foo 1
Creating producer: tcp://127.0.0.1:53847 /topic/testtopic.foo
Creating connection.
Creating destination. Type: topic Name: testtopic.foo
Closing producer: tcp://127.0.0.1:53847 /topic/testtopic.foo
Closing consumer: tcp://127.0.0.1:53847 /topic/testtopic.foo
Closing consumer: tcp://127.0.0.1:42424 /topic/bowerick.broker.management.command
Closing producer: tcp://127.0.0.1:42424 /topic/bowerick.broker.management.reply
Info: Enabling management producer at: /topic/bowerick.broker.management.reply
Creating JSON producer: tcp://127.0.0.1:42424 /topic/bowerick.broker.management.reply 1
Creating producer: tcp://127.0.0.1:42424 /topic/bowerick.broker.management.reply
Creating connection.
Creating destination. Type: topic Name: bowerick.broker.management.reply
Info: Enabling management consumer at: /topic/bowerick.broker.management.command
Creating JSON consumer: tcp://127.0.0.1:42424 /topic/bowerick.broker.management.command 1
Creating consumer: tcp://127.0.0.1:42424 /topic/bowerick.broker.management.command
Creating connection.
Creating destination. Type: topic Name: bowerick.broker.management.command
Starting bowerick using the following options:
{:a-frame-demo false,
 :client true,
 :daemon false,
 :help false,
 :url &quot;tcp://localhost:61616&quot;}
[]
Starting bowerick in client mode.
Creating failsafe JSON consumer: tcp://127.0.0.1:42424 /topic/bowerick.broker.management.reply 1
Creating consumer: tcp://127.0.0.1:42424 /topic/bowerick.broker.management.reply
Creating connection.
Creating destination. Type: topic Name: bowerick.broker.management.reply
Creating JSON producer: tcp://127.0.0.1:42424 /topic/bowerick.broker.management.command 1
Creating producer: tcp://127.0.0.1:42424 /topic/bowerick.broker.management.command
Creating connection.
Creating destination. Type: topic Name: bowerick.broker.management.command
Closing producer: tcp://127.0.0.1:42424 /topic/bowerick.broker.management.command
Closing consumer: tcp://127.0.0.1:42424 /topic/bowerick.broker.management.reply
Closing consumer: tcp://127.0.0.1:42424 /topic/bowerick.broker.management.command
Closing producer: tcp://127.0.0.1:42424 /topic/bowerick.broker.management.reply
Info: Enabling management producer at: /topic/bowerick.broker.management.reply
Creating JSON producer: tcp://127.0.0.1:42424 /topic/bowerick.broker.management.reply 1
Creating producer: tcp://127.0.0.1:42424 /topic/bowerick.broker.management.reply
Creating connection.
Creating destination. Type: topic Name: bowerick.broker.management.reply
Info: Enabling management consumer at: /topic/bowerick.broker.management.command
Creating JSON consumer: tcp://127.0.0.1:42424 /topic/bowerick.broker.management.command 1
Creating consumer: tcp://127.0.0.1:42424 /topic/bowerick.broker.management.command
Creating connection.
Creating destination. Type: topic Name: bowerick.broker.management.command
Starting bowerick using the following options:
{:a-frame-demo false,
 :client true,
 :daemon false,
 :help false,
 :url &quot;tcp://localhost:61616&quot;}
[]
Starting bowerick in client mode.
Creating failsafe JSON consumer: tcp://127.0.0.1:53847 /topic/testtopic.foo 1
Creating consumer: tcp://127.0.0.1:53847 /topic/testtopic.foo
Creating connection.
Creating destination. Type: topic Name: testtopic.foo
Creating JSON producer: tcp://127.0.0.1:53847 /topic/testtopic.foo 1
Creating producer: tcp://127.0.0.1:53847 /topic/testtopic.foo
Creating connection.
Creating destination. Type: topic Name: testtopic.foo
Closing producer: tcp://127.0.0.1:53847 /topic/testtopic.foo
Closing consumer: tcp://127.0.0.1:53847 /topic/testtopic.foo
Closing consumer: tcp://127.0.0.1:42424 /topic/bowerick.broker.management.command
Closing producer: tcp://127.0.0.1:42424 /topic/bowerick.broker.management.reply
Info: Enabling management producer at: /topic/bowerick.broker.management.reply
Creating JSON producer: tcp://127.0.0.1:42424 /topic/bowerick.broker.management.reply 1
Creating producer: tcp://127.0.0.1:42424 /topic/bowerick.broker.management.reply
Creating connection.
Creating destination. Type: topic Name: bowerick.broker.management.reply
Info: Enabling management consumer at: /topic/bowerick.broker.management.command
Creating JSON consumer: tcp://127.0.0.1:42424 /topic/bowerick.broker.management.command 1
Creating consumer: tcp://127.0.0.1:42424 /topic/bowerick.broker.management.command
Creating connection.
Creating destination. Type: topic Name: bowerick.broker.management.command
Starting bowerick using the following options:
{:a-frame-demo false,
 :client true,
 :daemon false,
 :help false,
 :url &quot;tcp://localhost:61616&quot;}
[]
Starting bowerick in client mode.
Creating failsafe JSON consumer: tcp://127.0.0.1:42424 /topic/testtopic.foo 1
Creating consumer: tcp://127.0.0.1:42424 /topic/testtopic.foo
Creating connection.
Creating destination. Type: topic Name: testtopic.foo
Closing consumer: tcp://127.0.0.1:42424 /topic/testtopic.foo
Closing consumer: tcp://127.0.0.1:42424 /topic/bowerick.broker.management.command
Closing producer: tcp://127.0.0.1:42424 /topic/bowerick.broker.management.reply
Info: Enabling management producer at: /topic/bowerick.broker.management.reply
Creating JSON producer: tcp://127.0.0.1:42424 /topic/bowerick.broker.management.reply 1
Creating producer: tcp://127.0.0.1:42424 /topic/bowerick.broker.management.reply
Creating connection.
Creating destination. Type: topic Name: bowerick.broker.management.reply
Info: Enabling management consumer at: /topic/bowerick.broker.management.command
Creating JSON consumer: tcp://127.0.0.1:42424 /topic/bowerick.broker.management.command 1
Creating consumer: tcp://127.0.0.1:42424 /topic/bowerick.broker.management.command
Creating connection.
Creating destination. Type: topic Name: bowerick.broker.management.command
Starting bowerick using the following options:
{:a-frame-demo false,
 :client true,
 :daemon false,
 :help false,
 :url &quot;tcp://localhost:61616&quot;}
[]
Starting bowerick in client mode.
Creating failsafe JSON consumer: tcp://127.0.0.1:42424 /topic/testtopic.foo 1
Creating consumer: tcp://127.0.0.1:42424 /topic/testtopic.foo
Creating connection.
Creating destination. Type: topic Name: testtopic.foo
Creating JSON producer: tcp://127.0.0.1:42424 /topic/testtopic.foo 1
Creating producer: tcp://127.0.0.1:42424 /topic/testtopic.foo
Creating connection.
Creating destination. Type: topic Name: testtopic.foo
Closing producer: tcp://127.0.0.1:42424 /topic/testtopic.foo
Closing consumer: tcp://127.0.0.1:42424 /topic/testtopic.foo
Closing consumer: tcp://127.0.0.1:42424 /topic/bowerick.broker.management.command
Closing producer: tcp://127.0.0.1:42424 /topic/bowerick.broker.management.reply
Info: Enabling management producer at: /topic/bowerick.broker.management.reply
Creating JSON producer: tcp://127.0.0.1:42424 /topic/bowerick.broker.management.reply 1
Creating producer: tcp://127.0.0.1:42424 /topic/bowerick.broker.management.reply
Creating connection.
Creating destination. Type: topic Name: bowerick.broker.management.reply
Info: Enabling management consumer at: /topic/bowerick.broker.management.command
Creating JSON consumer: tcp://127.0.0.1:42424 /topic/bowerick.broker.management.command 1
Creating consumer: tcp://127.0.0.1:42424 /topic/bowerick.broker.management.command
Creating connection.
Creating destination. Type: topic Name: bowerick.broker.management.command
Starting bowerick using the following options:
{:a-frame-demo false,
 :client true,
 :daemon false,
 :help false,
 :url &quot;tcp://localhost:61616&quot;}
[]
Starting bowerick in client mode.
Creating failsafe JSON consumer: tcp://127.0.0.1:42424 /topic/bowerick.broker.management.reply 1
Creating consumer: tcp://127.0.0.1:42424 /topic/bowerick.broker.management.reply
Creating connection.
Creating destination. Type: topic Name: bowerick.broker.management.reply
Creating JSON producer: tcp://127.0.0.1:42424 /topic/bowerick.broker.management.command 1
Creating producer: tcp://127.0.0.1:42424 /topic/bowerick.broker.management.command
Creating connection.
Creating destination. Type: topic Name: bowerick.broker.management.command
Closing producer: tcp://127.0.0.1:42424 /topic/bowerick.broker.management.command
Closing consumer: tcp://127.0.0.1:42424 /topic/bowerick.broker.management.reply
Closing consumer: tcp://127.0.0.1:42424 /topic/bowerick.broker.management.command
Closing producer: tcp://127.0.0.1:42424 /topic/bowerick.broker.management.reply
Info: Enabling management producer at: /topic/bowerick.broker.management.reply
Creating JSON producer: tcp://127.0.0.1:42424 /topic/bowerick.broker.management.reply 1
Creating producer: tcp://127.0.0.1:42424 /topic/bowerick.broker.management.reply
Creating connection.
Creating destination. Type: topic Name: bowerick.broker.management.reply
Info: Enabling management consumer at: /topic/bowerick.broker.management.command
Creating JSON consumer: tcp://127.0.0.1:42424 /topic/bowerick.broker.management.command 1
Creating consumer: tcp://127.0.0.1:42424 /topic/bowerick.broker.management.command
Creating connection.
Creating destination. Type: topic Name: bowerick.broker.management.command
Closing consumer: tcp://127.0.0.1:42424 /topic/bowerick.broker.management.command
Closing producer: tcp://127.0.0.1:42424 /topic/bowerick.broker.management.reply
Info: Enabling management producer at: /topic/bowerick.broker.management.reply
Creating JSON producer: tcp://127.0.0.1:42424 /topic/bowerick.broker.management.reply 1
Creating producer: tcp://127.0.0.1:42424 /topic/bowerick.broker.management.reply
Creating connection.
Creating destination. Type: topic Name: bowerick.broker.management.reply
Info: Enabling management consumer at: /topic/bowerick.broker.management.command
Creating JSON consumer: tcp://127.0.0.1:42424 /topic/bowerick.broker.management.command 1
Creating consumer: tcp://127.0.0.1:42424 /topic/bowerick.broker.management.command
Creating connection.
Creating destination. Type: topic Name: bowerick.broker.management.command
Starting bowerick using the following options:
{:a-frame-demo false,
 :client true,
 :daemon false,
 :help false,
 :url &quot;tcp://localhost:61616&quot;}
[]
Starting bowerick in client mode.
Creating JSON producer: tcp://127.0.0.1:42424 /topic/testtopic.foo 1
Creating producer: tcp://127.0.0.1:42424 /topic/testtopic.foo
Creating connection.
Creating destination. Type: topic Name: testtopic.foo
Closing producer: tcp://127.0.0.1:42424 /topic/testtopic.foo
Closing consumer: tcp://127.0.0.1:42424 /topic/bowerick.broker.management.command
Closing producer: tcp://127.0.0.1:42424 /topic/bowerick.broker.management.reply
    </system-err>

        <system-out>
Info: Enabling management producer at:32/topic/bowerick.broker.management.reply
Creating JSON producer:32tcp://127.0.0.1:4242432/topic/bowerick.broker.management.reply321
Creating producer:32tcp://127.0.0.1:4242432/topic/bowerick.broker.management.reply
Creating connection.
Creating destination. Type:32topic32Name:32bowerick.broker.management.reply
Info: Enabling management consumer at:32/topic/bowerick.broker.management.command
Creating JSON consumer:32tcp://127.0.0.1:4242432/topic/bowerick.broker.management.command321
Creating consumer:32tcp://127.0.0.1:4242432/topic/bowerick.broker.management.command
Creating connection.
Creating destination. Type:32topic32Name:32bowerick.broker.management.command
Starting bowerick using the following options:
{:a-frame-demo false,
 :client true,
 :daemon false,
 :help false,
 :url &quot;tcp://localhost:61616&quot;}10[]10Starting bowerick in client mode.
Creating failsafe JSON consumer:32tcp://127.0.0.1:5384732/topic/testtopic.foo321
Creating consumer:32tcp://127.0.0.1:5384732/topic/testtopic.foo
Creating connection.
Creating destination. Type:32topic32Name:32testtopic.foo
Creating JSON producer:32tcp://127.0.0.1:5384732/topic/testtopic.foo321
Creating producer:32tcp://127.0.0.1:5384732/topic/testtopic.foo
Creating connection.
Creating destination. Type:32topic32Name:32testtopic.foo
Closing producer:32tcp://127.0.0.1:5384732/topic/testtopic.foo
Closing consumer:32tcp://127.0.0.1:5384732/topic/testtopic.foo
Closing consumer:32tcp://127.0.0.1:4242432/topic/bowerick.broker.management.command
Closing producer:32tcp://127.0.0.1:4242432/topic/bowerick.broker.management.reply
Info: Enabling management producer at:32/topic/bowerick.broker.management.reply
Creating JSON producer:32tcp://127.0.0.1:4242432/topic/bowerick.broker.management.reply321
Creating producer:32tcp://127.0.0.1:4242432/topic/bowerick.broker.management.reply
Creating connection.
Creating destination. Type:32topic32Name:32bowerick.broker.management.reply
Info: Enabling management consumer at:32/topic/bowerick.broker.management.command
Creating JSON consumer:32tcp://127.0.0.1:4242432/topic/bowerick.broker.management.command321
Creating consumer:32tcp://127.0.0.1:4242432/topic/bowerick.broker.management.command
Creating connection.
Creating destination. Type:32topic32Name:32bowerick.broker.management.command
Starting bowerick using the following options:
{:a-frame-demo false,
 :client true,
 :daemon false,
 :help false,
 :url &quot;tcp://localhost:61616&quot;}10[]10Starting bowerick in client mode.
Creating failsafe JSON consumer:32tcp://127.0.0.1:4242432/topic/bowerick.broker.management.reply321
Creating consumer:32tcp://127.0.0.1:4242432/topic/bowerick.broker.management.reply
Creating connection.
Creating destination. Type:32topic32Name:32bowerick.broker.management.reply
Creating JSON producer:32tcp://127.0.0.1:4242432/topic/bowerick.broker.management.command321
Creating producer:32tcp://127.0.0.1:4242432/topic/bowerick.broker.management.command
Creating connection.
Creating destination. Type:32topic32Name:32bowerick.broker.management.command
Closing producer:32tcp://127.0.0.1:4242432/topic/bowerick.broker.management.command
Closing consumer:32tcp://127.0.0.1:4242432/topic/bowerick.broker.management.reply
Closing consumer:32tcp://127.0.0.1:4242432/topic/bowerick.broker.management.command
Closing producer:32tcp://127.0.0.1:4242432/topic/bowerick.broker.management.reply
Info: Enabling management producer at:32/topic/bowerick.broker.management.reply
Creating JSON producer:32tcp://127.0.0.1:4242432/topic/bowerick.broker.management.reply321
Creating producer:32tcp://127.0.0.1:4242432/topic/bowerick.broker.management.reply
Creating connection.
Creating destination. Type:32topic32Name:32bowerick.broker.management.reply
Info: Enabling management consumer at:32/topic/bowerick.broker.management.command
Creating JSON consumer:32tcp://127.0.0.1:4242432/topic/bowerick.broker.management.command321
Creating consumer:32tcp://127.0.0.1:4242432/topic/bowerick.broker.management.command
Creating connection.
Creating destination. Type:32topic32Name:32bowerick.broker.management.command
Starting bowerick using the following options:
{:a-frame-demo false,
 :client true,
 :daemon false,
 :help false,
 :url &quot;tcp://localhost:61616&quot;}10[]10Starting bowerick in client mode.
Creating failsafe JSON consumer:32tcp://127.0.0.1:5384732/topic/testtopic.foo321
Creating consumer:32tcp://127.0.0.1:5384732/topic/testtopic.foo
Creating connection.
Creating destination. Type:32topic32Name:32testtopic.foo
Creating JSON producer:32tcp://127.0.0.1:5384732/topic/testtopic.foo321
Creating producer:32tcp://127.0.0.1:5384732/topic/testtopic.foo
Creating connection.
Creating destination. Type:32topic32Name:32testtopic.foo
Closing producer:32tcp://127.0.0.1:5384732/topic/testtopic.foo
Closing consumer:32tcp://127.0.0.1:5384732/topic/testtopic.foo
Closing consumer:32tcp://127.0.0.1:4242432/topic/bowerick.broker.management.command
Closing producer:32tcp://127.0.0.1:4242432/topic/bowerick.broker.management.reply
Info: Enabling management producer at:32/topic/bowerick.broker.management.reply
Creating JSON producer:32tcp://127.0.0.1:4242432/topic/bowerick.broker.management.reply321
Creating producer:32tcp://127.0.0.1:4242432/topic/bowerick.broker.management.reply
Creating connection.
Creating destination. Type:32topic32Name:32bowerick.broker.management.reply
Info: Enabling management consumer at:32/topic/bowerick.broker.management.command
Creating JSON consumer:32tcp://127.0.0.1:4242432/topic/bowerick.broker.management.command321
Creating consumer:32tcp://127.0.0.1:4242432/topic/bowerick.broker.management.command
Creating connection.
Creating destination. Type:32topic32Name:32bowerick.broker.management.command
Starting bowerick using the following options:
{:a-frame-demo false,
 :client true,
 :daemon false,
 :help false,
 :url &quot;tcp://localhost:61616&quot;}10[]10Starting bowerick in client mode.
Creating failsafe JSON consumer:32tcp://127.0.0.1:4242432/topic/testtopic.foo321
Creating consumer:32tcp://127.0.0.1:4242432/topic/testtopic.foo
Creating connection.
Creating destination. Type:32topic32Name:32testtopic.foo
Closing consumer:32tcp://127.0.0.1:4242432/topic/testtopic.foo
Closing consumer:32tcp://127.0.0.1:4242432/topic/bowerick.broker.management.command
Closing producer:32tcp://127.0.0.1:4242432/topic/bowerick.broker.management.reply
Info: Enabling management producer at:32/topic/bowerick.broker.management.reply
Creating JSON producer:32tcp://127.0.0.1:4242432/topic/bowerick.broker.management.reply321
Creating producer:32tcp://127.0.0.1:4242432/topic/bowerick.broker.management.reply
Creating connection.
Creating destination. Type:32topic32Name:32bowerick.broker.management.reply
Info: Enabling management consumer at:32/topic/bowerick.broker.management.command
Creating JSON consumer:32tcp://127.0.0.1:4242432/topic/bowerick.broker.management.command321
Creating consumer:32tcp://127.0.0.1:4242432/topic/bowerick.broker.management.command
Creating connection.
Creating destination. Type:32topic32Name:32bowerick.broker.management.command
Starting bowerick using the following options:
{:a-frame-demo false,
 :client true,
 :daemon false,
 :help false,
 :url &quot;tcp://localhost:61616&quot;}10[]10Starting bowerick in client mode.
Creating failsafe JSON consumer:32tcp://127.0.0.1:4242432/topic/testtopic.foo321
Creating consumer:32tcp://127.0.0.1:4242432/topic/testtopic.foo
Creating connection.
Creating destination. Type:32topic32Name:32testtopic.foo
Creating JSON producer:32tcp://127.0.0.1:4242432/topic/testtopic.foo321
Creating producer:32tcp://127.0.0.1:4242432/topic/testtopic.foo
Creating connection.
Creating destination. Type:32topic32Name:32testtopic.foo
Closing producer:32tcp://127.0.0.1:4242432/topic/testtopic.foo
Closing consumer:32tcp://127.0.0.1:4242432/topic/testtopic.foo
Closing consumer:32tcp://127.0.0.1:4242432/topic/bowerick.broker.management.command
Closing producer:32tcp://127.0.0.1:4242432/topic/bowerick.broker.management.reply
Info: Enabling management producer at:32/topic/bowerick.broker.management.reply
Creating JSON producer:32tcp://127.0.0.1:4242432/topic/bowerick.broker.management.reply321
Creating producer:32tcp://127.0.0.1:4242432/topic/bowerick.broker.management.reply
Creating connection.
Creating destination. Type:32topic32Name:32bowerick.broker.management.reply
Info: Enabling management consumer at:32/topic/bowerick.broker.management.command
Creating JSON consumer:32tcp://127.0.0.1:4242432/topic/bowerick.broker.management.command321
Creating consumer:32tcp://127.0.0.1:4242432/topic/bowerick.broker.management.command
Creating connection.
Creating destination. Type:32topic32Name:32bowerick.broker.management.command
Starting bowerick using the following options:
{:a-frame-demo false,
 :client true,
 :daemon false,
 :help false,
 :url &quot;tcp://localhost:61616&quot;}10[]10Starting bowerick in client mode.
Creating failsafe JSON consumer:32tcp://127.0.0.1:4242432/topic/bowerick.broker.management.reply321
Creating consumer:32tcp://127.0.0.1:4242432/topic/bowerick.broker.management.reply
Creating connection.
Creating destination. Type:32topic32Name:32bowerick.broker.management.reply
Creating JSON producer:32tcp://127.0.0.1:4242432/topic/bowerick.broker.management.command321
Creating producer:32tcp://127.0.0.1:4242432/topic/bowerick.broker.management.command
Creating connection.
Creating destination. Type:32topic32Name:32bowerick.broker.management.command
Closing producer:32tcp://127.0.0.1:4242432/topic/bowerick.broker.management.command
Closing consumer:32tcp://127.0.0.1:4242432/topic/bowerick.broker.management.reply
Closing consumer:32tcp://127.0.0.1:4242432/topic/bowerick.broker.management.command
Closing producer:32tcp://127.0.0.1:4242432/topic/bowerick.broker.management.reply
Info: Enabling management producer at:32/topic/bowerick.broker.management.reply
Creating JSON producer:32tcp://127.0.0.1:4242432/topic/bowerick.broker.management.reply321
Creating producer:32tcp://127.0.0.1:4242432/topic/bowerick.broker.management.reply
Creating connection.
Creating destination. Type:32topic32Name:32bowerick.broker.management.reply
Info: Enabling management consumer at:32/topic/bowerick.broker.management.command
Creating JSON consumer:32tcp://127.0.0.1:4242432/topic/bowerick.broker.management.command321
Creating consumer:32tcp://127.0.0.1:4242432/topic/bowerick.broker.management.command
Creating connection.
Creating destination. Type:32topic32Name:32bowerick.broker.management.command
Closing consumer:32tcp://127.0.0.1:4242432/topic/bowerick.broker.management.command
Closing producer:32tcp://127.0.0.1:4242432/topic/bowerick.broker.management.reply
Info: Enabling management producer at:32/topic/bowerick.broker.management.reply
Creating JSON producer:32tcp://127.0.0.1:4242432/topic/bowerick.broker.management.reply321
Creating producer:32tcp://127.0.0.1:4242432/topic/bowerick.broker.management.reply
Creating connection.
Creating destination. Type:32topic32Name:32bowerick.broker.management.reply
Info: Enabling management consumer at:32/topic/bowerick.broker.management.command
Creating JSON consumer:32tcp://127.0.0.1:4242432/topic/bowerick.broker.management.command321
Creating consumer:32tcp://127.0.0.1:4242432/topic/bowerick.broker.management.command
Creating connection.
Creating destination. Type:32topic32Name:32bowerick.broker.management.command
Starting bowerick using the following options:
{:a-frame-demo false,
 :client true,
 :daemon false,
 :help false,
 :url &quot;tcp://localhost:61616&quot;}10[]10Starting bowerick in client mode.
Creating JSON producer:32tcp://127.0.0.1:4242432/topic/testtopic.foo321
Creating producer:32tcp://127.0.0.1:4242432/topic/testtopic.foo
Creating connection.
Creating destination. Type:32topic32Name:32testtopic.foo
Closing producer:32tcp://127.0.0.1:4242432/topic/testtopic.foo
Closing consumer:32tcp://127.0.0.1:4242432/topic/bowerick.broker.management.command
Closing producer:32tcp://127.0.0.1:4242432/topic/bowerick.broker.management.reply
    </system-out>

        <properties>
[...]
</properties>

  </testsuite>
  <testsuite errors="0" failures="0" id="3" name="java-interop" package="bowerick.test" tests="9" time="1.5139" timestamp="2017-09-08_14:03:47+0200">
        <testcase classname="bowerick.test.java-interop" name="test-pooled-producer-and-consumer" time="0.1422">
    </testcase>

        <testcase classname="bowerick.test.java-interop" name="test-create-producer" time="0.0193">
    </testcase>

        <testcase classname="bowerick.test.java-interop" name="test-create-controller" time="0.0011">
    </testcase>

        <testcase classname="bowerick.test.java-interop" name="test-start-stop-embedded-broker" time="0.1251">
    </testcase>

        <testcase classname="bowerick.test.java-interop" name="test-start-stop-embedded-broker-with-data-exchange" time="0.1351">
    </testcase>

        <testcase classname="bowerick.test.java-interop" name="test-pooled-carbonite-lzf-producer-and-consumer" time="0.3062">
    </testcase>

        <testcase classname="bowerick.test.java-interop" name="test-pooled-carbonite-producer-and-consumer" time="0.0660">
    </testcase>

        <testcase classname="bowerick.test.java-interop" name="test-json-producer-and-consumer" time="0.0859">
    </testcase>

        <testcase classname="bowerick.test.java-interop" name="test-producer-and-consumer" time="0.0565">
    </testcase>

        <system-err>
Info: Enabling management producer at: /topic/bowerick.broker.management.reply
Creating JSON producer: tcp://127.0.0.1:42424 /topic/bowerick.broker.management.reply 1
Creating producer: tcp://127.0.0.1:42424 /topic/bowerick.broker.management.reply
Creating connection.
Creating destination. Type: topic Name: bowerick.broker.management.reply
Info: Enabling management consumer at: /topic/bowerick.broker.management.command
Creating JSON consumer: tcp://127.0.0.1:42424 /topic/bowerick.broker.management.command 1
Creating consumer: tcp://127.0.0.1:42424 /topic/bowerick.broker.management.command
Creating connection.
Creating destination. Type: topic Name: bowerick.broker.management.command
Creating pooled producer: tcp://127.0.0.1:42424 /topic/testtopic.foo 3
Creating producer: tcp://127.0.0.1:42424 /topic/testtopic.foo
Creating connection.
Creating destination. Type: topic Name: testtopic.foo
Creating pooled consumer: tcp://127.0.0.1:42424 /topic/testtopic.foo
Creating consumer: tcp://127.0.0.1:42424 /topic/testtopic.foo
Creating connection.
Creating destination. Type: topic Name: testtopic.foo
Closing pooled producer.
Closing producer: tcp://127.0.0.1:42424 /topic/testtopic.foo
Closing pooled consumer.
Closing consumer: tcp://127.0.0.1:42424 /topic/testtopic.foo
Closing consumer: tcp://127.0.0.1:42424 /topic/bowerick.broker.management.command
Closing producer: tcp://127.0.0.1:42424 /topic/bowerick.broker.management.reply
Info: Enabling management producer at: /topic/bowerick.broker.management.reply
Creating JSON producer: tcp://127.0.0.1:42424 /topic/bowerick.broker.management.reply 1
Creating producer: tcp://127.0.0.1:42424 /topic/bowerick.broker.management.reply
Creating connection.
Creating destination. Type: topic Name: bowerick.broker.management.reply
Info: Enabling management consumer at: /topic/bowerick.broker.management.command
Creating JSON consumer: tcp://127.0.0.1:42424 /topic/bowerick.broker.management.command 1
Creating consumer: tcp://127.0.0.1:42424 /topic/bowerick.broker.management.command
Creating connection.
Creating destination. Type: topic Name: bowerick.broker.management.command
Creating producer: tcp://127.0.0.1:42424 /topic/testtopic.foo
Creating connection.
Creating destination. Type: topic Name: testtopic.foo
Closing producer: tcp://127.0.0.1:42424 /topic/testtopic.foo
Closing consumer: tcp://127.0.0.1:42424 /topic/bowerick.broker.management.command
Closing producer: tcp://127.0.0.1:42424 /topic/bowerick.broker.management.reply
Info: Enabling management producer at: /topic/bowerick.broker.management.reply
Creating JSON producer: tcp://127.0.0.1:42424 /topic/bowerick.broker.management.reply 1
Creating producer: tcp://127.0.0.1:42424 /topic/bowerick.broker.management.reply
Creating connection.
Creating destination. Type: topic Name: bowerick.broker.management.reply
Info: Enabling management consumer at: /topic/bowerick.broker.management.command
Creating JSON consumer: tcp://127.0.0.1:42424 /topic/bowerick.broker.management.command 1
Creating consumer: tcp://127.0.0.1:42424 /topic/bowerick.broker.management.command
Creating connection.
Creating destination. Type: topic Name: bowerick.broker.management.command
Closing consumer: tcp://127.0.0.1:42424 /topic/bowerick.broker.management.command
Closing producer: tcp://127.0.0.1:42424 /topic/bowerick.broker.management.reply
Info: Enabling management producer at: /topic/bowerick.broker.management.reply
Creating JSON producer: tcp://127.0.0.1:42424 /topic/bowerick.broker.management.reply 1
Creating producer: tcp://127.0.0.1:42424 /topic/bowerick.broker.management.reply
Creating connection.
Creating destination. Type: topic Name: bowerick.broker.management.reply
Info: Enabling management consumer at: /topic/bowerick.broker.management.command
Creating JSON consumer: tcp://127.0.0.1:42424 /topic/bowerick.broker.management.command 1
Creating consumer: tcp://127.0.0.1:42424 /topic/bowerick.broker.management.command
Creating connection.
Creating destination. Type: topic Name: bowerick.broker.management.command
Info: Enabling management producer at: /topic/bowerick.broker.management.reply
Creating JSON producer: tcp://localhost:52525 /topic/bowerick.broker.management.reply 1
Creating producer: tcp://localhost:52525 /topic/bowerick.broker.management.reply
Creating connection.
Creating destination. Type: topic Name: bowerick.broker.management.reply
Info: Enabling management consumer at: /topic/bowerick.broker.management.command
Creating JSON consumer: tcp://localhost:52525 /topic/bowerick.broker.management.command 1
Creating consumer: tcp://localhost:52525 /topic/bowerick.broker.management.command
Creating connection.
Creating destination. Type: topic Name: bowerick.broker.management.command
Closing consumer: tcp://localhost:52525 /topic/bowerick.broker.management.command
Closing producer: tcp://localhost:52525 /topic/bowerick.broker.management.reply
Closing consumer: tcp://127.0.0.1:42424 /topic/bowerick.broker.management.command
Closing producer: tcp://127.0.0.1:42424 /topic/bowerick.broker.management.reply
Info: Enabling management producer at: /topic/bowerick.broker.management.reply
Creating JSON producer: tcp://127.0.0.1:42424 /topic/bowerick.broker.management.reply 1
Creating producer: tcp://127.0.0.1:42424 /topic/bowerick.broker.management.reply
Creating connection.
Creating destination. Type: topic Name: bowerick.broker.management.reply
Info: Enabling management consumer at: /topic/bowerick.broker.management.command
Creating JSON consumer: tcp://127.0.0.1:42424 /topic/bowerick.broker.management.command 1
Creating consumer: tcp://127.0.0.1:42424 /topic/bowerick.broker.management.command
Creating connection.
Creating destination. Type: topic Name: bowerick.broker.management.command
Info: Enabling management producer at: /topic/bowerick.broker.management.reply
Creating JSON producer: tcp://localhost:52525 /topic/bowerick.broker.management.reply 1
Creating producer: tcp://localhost:52525 /topic/bowerick.broker.management.reply
Creating connection.
Creating destination. Type: topic Name: bowerick.broker.management.reply
Info: Enabling management consumer at: /topic/bowerick.broker.management.command
Creating JSON consumer: tcp://localhost:52525 /topic/bowerick.broker.management.command 1
Creating consumer: tcp://localhost:52525 /topic/bowerick.broker.management.command
Creating connection.
Creating destination. Type: topic Name: bowerick.broker.management.command
Creating producer: tcp://localhost:52525 /topic/testtopic.foo
Creating connection.
Creating destination. Type: topic Name: testtopic.foo
Creating consumer: tcp://localhost:52525 /topic/testtopic.foo
Creating connection.
Creating destination. Type: topic Name: testtopic.foo
Closing producer: tcp://localhost:52525 /topic/testtopic.foo
Closing consumer: tcp://localhost:52525 /topic/testtopic.foo
Closing consumer: tcp://localhost:52525 /topic/bowerick.broker.management.command
Closing producer: tcp://localhost:52525 /topic/bowerick.broker.management.reply
Closing consumer: tcp://127.0.0.1:42424 /topic/bowerick.broker.management.command
Closing producer: tcp://127.0.0.1:42424 /topic/bowerick.broker.management.reply
Info: Enabling management producer at: /topic/bowerick.broker.management.reply
Creating JSON producer: tcp://127.0.0.1:42424 /topic/bowerick.broker.management.reply 1
Creating producer: tcp://127.0.0.1:42424 /topic/bowerick.broker.management.reply
Creating connection.
Creating destination. Type: topic Name: bowerick.broker.management.reply
Info: Enabling management consumer at: /topic/bowerick.broker.management.command
Creating JSON consumer: tcp://127.0.0.1:42424 /topic/bowerick.broker.management.command 1
Creating consumer: tcp://127.0.0.1:42424 /topic/bowerick.broker.management.command
Creating connection.
Creating destination. Type: topic Name: bowerick.broker.management.command
Creating carbonite LZF producer: tcp://127.0.0.1:42424 /topic/testtopic.foo 3
Creating pooled producer: tcp://127.0.0.1:42424 /topic/testtopic.foo 3
Creating producer: tcp://127.0.0.1:42424 /topic/testtopic.foo
Creating connection.
Creating destination. Type: topic Name: testtopic.foo
Creating carbonite LZF consumer: tcp://127.0.0.1:42424 /topic/testtopic.foo 3
Creating pooled consumer: tcp://127.0.0.1:42424 /topic/testtopic.foo
Creating consumer: tcp://127.0.0.1:42424 /topic/testtopic.foo
Creating connection.
Creating destination. Type: topic Name: testtopic.foo
Closing pooled producer.
Closing producer: tcp://127.0.0.1:42424 /topic/testtopic.foo
Closing pooled consumer.
Closing consumer: tcp://127.0.0.1:42424 /topic/testtopic.foo
Closing consumer: tcp://127.0.0.1:42424 /topic/bowerick.broker.management.command
Closing producer: tcp://127.0.0.1:42424 /topic/bowerick.broker.management.reply
Info: Enabling management producer at: /topic/bowerick.broker.management.reply
Creating JSON producer: tcp://127.0.0.1:42424 /topic/bowerick.broker.management.reply 1
Creating producer: tcp://127.0.0.1:42424 /topic/bowerick.broker.management.reply
Creating connection.
Creating destination. Type: topic Name: bowerick.broker.management.reply
Info: Enabling management consumer at: /topic/bowerick.broker.management.command
Creating JSON consumer: tcp://127.0.0.1:42424 /topic/bowerick.broker.management.command 1
Creating consumer: tcp://127.0.0.1:42424 /topic/bowerick.broker.management.command
Creating connection.
Creating destination. Type: topic Name: bowerick.broker.management.command
Creating carbonite producer: tcp://127.0.0.1:42424 /topic/testtopic.foo 3
Creating pooled producer: tcp://127.0.0.1:42424 /topic/testtopic.foo 3
Creating producer: tcp://127.0.0.1:42424 /topic/testtopic.foo
Creating connection.
Creating destination. Type: topic Name: testtopic.foo
Creating carbonite consumer: tcp://127.0.0.1:42424 /topic/testtopic.foo 3
Creating pooled consumer: tcp://127.0.0.1:42424 /topic/testtopic.foo
Creating consumer: tcp://127.0.0.1:42424 /topic/testtopic.foo
Creating connection.
Creating destination. Type: topic Name: testtopic.foo
Closing pooled producer.
Closing producer: tcp://127.0.0.1:42424 /topic/testtopic.foo
Closing pooled consumer.
Closing consumer: tcp://127.0.0.1:42424 /topic/testtopic.foo
Closing consumer: tcp://127.0.0.1:42424 /topic/bowerick.broker.management.command
Closing producer: tcp://127.0.0.1:42424 /topic/bowerick.broker.management.reply
Info: Enabling management producer at: /topic/bowerick.broker.management.reply
Creating JSON producer: tcp://127.0.0.1:42424 /topic/bowerick.broker.management.reply 1
Creating producer: tcp://127.0.0.1:42424 /topic/bowerick.broker.management.reply
Creating connection.
Creating destination. Type: topic Name: bowerick.broker.management.reply
Info: Enabling management consumer at: /topic/bowerick.broker.management.command
Creating JSON consumer: tcp://127.0.0.1:42424 /topic/bowerick.broker.management.command 1
Creating consumer: tcp://127.0.0.1:42424 /topic/bowerick.broker.management.command
Creating connection.
Creating destination. Type: topic Name: bowerick.broker.management.command
Creating JSON producer: tcp://127.0.0.1:42424 /topic/testtopic.foo 1
Creating producer: tcp://127.0.0.1:42424 /topic/testtopic.foo
Creating connection.
Creating destination. Type: topic Name: testtopic.foo
Creating JSON consumer: tcp://127.0.0.1:42424 /topic/testtopic.foo 1
Creating consumer: tcp://127.0.0.1:42424 /topic/testtopic.foo
Creating connection.
Creating destination. Type: topic Name: testtopic.foo
Closing producer: tcp://127.0.0.1:42424 /topic/testtopic.foo
Closing consumer: tcp://127.0.0.1:42424 /topic/testtopic.foo
Closing consumer: tcp://127.0.0.1:42424 /topic/bowerick.broker.management.command
Closing producer: tcp://127.0.0.1:42424 /topic/bowerick.broker.management.reply
Info: Enabling management producer at: /topic/bowerick.broker.management.reply
Creating JSON producer: tcp://127.0.0.1:42424 /topic/bowerick.broker.management.reply 1
Creating producer: tcp://127.0.0.1:42424 /topic/bowerick.broker.management.reply
Creating connection.
Creating destination. Type: topic Name: bowerick.broker.management.reply
Info: Enabling management consumer at: /topic/bowerick.broker.management.command
Creating JSON consumer: tcp://127.0.0.1:42424 /topic/bowerick.broker.management.command 1
Creating consumer: tcp://127.0.0.1:42424 /topic/bowerick.broker.management.command
Creating connection.
Creating destination. Type: topic Name: bowerick.broker.management.command
Creating producer: tcp://127.0.0.1:42424 /topic/testtopic.foo
Creating connection.
Creating destination. Type: topic Name: testtopic.foo
Creating consumer: tcp://127.0.0.1:42424 /topic/testtopic.foo
Creating connection.
Creating destination. Type: topic Name: testtopic.foo
Closing producer: tcp://127.0.0.1:42424 /topic/testtopic.foo
Closing consumer: tcp://127.0.0.1:42424 /topic/testtopic.foo
Closing consumer: tcp://127.0.0.1:42424 /topic/bowerick.broker.management.command
Closing producer: tcp://127.0.0.1:42424 /topic/bowerick.broker.management.reply
    </system-err>

        <system-out>
Info: Enabling management producer at:32/topic/bowerick.broker.management.reply
Creating JSON producer:32tcp://127.0.0.1:4242432/topic/bowerick.broker.management.reply321
Creating producer:32tcp://127.0.0.1:4242432/topic/bowerick.broker.management.reply
Creating connection.
Creating destination. Type:32topic32Name:32bowerick.broker.management.reply
Info: Enabling management consumer at:32/topic/bowerick.broker.management.command
Creating JSON consumer:32tcp://127.0.0.1:4242432/topic/bowerick.broker.management.command321
Creating consumer:32tcp://127.0.0.1:4242432/topic/bowerick.broker.management.command
Creating connection.
Creating destination. Type:32topic32Name:32bowerick.broker.management.command
Creating pooled producer:32tcp://127.0.0.1:4242432/topic/testtopic.foo323
Creating producer:32tcp://127.0.0.1:4242432/topic/testtopic.foo
Creating connection.
Creating destination. Type:32topic32Name:32testtopic.foo
Creating pooled consumer:32tcp://127.0.0.1:4242432/topic/testtopic.foo
Creating consumer:32tcp://127.0.0.1:4242432/topic/testtopic.foo
Creating connection.
Creating destination. Type:32topic32Name:32testtopic.foo
Closing pooled producer.
Closing producer:32tcp://127.0.0.1:4242432/topic/testtopic.foo
Closing pooled consumer.
Closing consumer:32tcp://127.0.0.1:4242432/topic/testtopic.foo
Closing consumer:32tcp://127.0.0.1:4242432/topic/bowerick.broker.management.command
Closing producer:32tcp://127.0.0.1:4242432/topic/bowerick.broker.management.reply
Info: Enabling management producer at:32/topic/bowerick.broker.management.reply
Creating JSON producer:32tcp://127.0.0.1:4242432/topic/bowerick.broker.management.reply321
Creating producer:32tcp://127.0.0.1:4242432/topic/bowerick.broker.management.reply
Creating connection.
Creating destination. Type:32topic32Name:32bowerick.broker.management.reply
Info: Enabling management consumer at:32/topic/bowerick.broker.management.command
Creating JSON consumer:32tcp://127.0.0.1:4242432/topic/bowerick.broker.management.command321
Creating consumer:32tcp://127.0.0.1:4242432/topic/bowerick.broker.management.command
Creating connection.
Creating destination. Type:32topic32Name:32bowerick.broker.management.command
Creating producer:32tcp://127.0.0.1:4242432/topic/testtopic.foo
Creating connection.
Creating destination. Type:32topic32Name:32testtopic.foo
Closing producer:32tcp://127.0.0.1:4242432/topic/testtopic.foo
Closing consumer:32tcp://127.0.0.1:4242432/topic/bowerick.broker.management.command
Closing producer:32tcp://127.0.0.1:4242432/topic/bowerick.broker.management.reply
Info: Enabling management producer at:32/topic/bowerick.broker.management.reply
Creating JSON producer:32tcp://127.0.0.1:4242432/topic/bowerick.broker.management.reply321
Creating producer:32tcp://127.0.0.1:4242432/topic/bowerick.broker.management.reply
Creating connection.
Creating destination. Type:32topic32Name:32bowerick.broker.management.reply
Info: Enabling management consumer at:32/topic/bowerick.broker.management.command
Creating JSON consumer:32tcp://127.0.0.1:4242432/topic/bowerick.broker.management.command321
Creating consumer:32tcp://127.0.0.1:4242432/topic/bowerick.broker.management.command
Creating connection.
Creating destination. Type:32topic32Name:32bowerick.broker.management.command
Closing consumer:32tcp://127.0.0.1:4242432/topic/bowerick.broker.management.command
Closing producer:32tcp://127.0.0.1:4242432/topic/bowerick.broker.management.reply
Info: Enabling management producer at:32/topic/bowerick.broker.management.reply
Creating JSON producer:32tcp://127.0.0.1:4242432/topic/bowerick.broker.management.reply321
Creating producer:32tcp://127.0.0.1:4242432/topic/bowerick.broker.management.reply
Creating connection.
Creating destination. Type:32topic32Name:32bowerick.broker.management.reply
Info: Enabling management consumer at:32/topic/bowerick.broker.management.command
Creating JSON consumer:32tcp://127.0.0.1:4242432/topic/bowerick.broker.management.command321
Creating consumer:32tcp://127.0.0.1:4242432/topic/bowerick.broker.management.command
Creating connection.
Creating destination. Type:32topic32Name:32bowerick.broker.management.command
Info: Enabling management producer at:32/topic/bowerick.broker.management.reply
Creating JSON producer:32tcp://localhost:5252532/topic/bowerick.broker.management.reply321
Creating producer:32tcp://localhost:5252532/topic/bowerick.broker.management.reply
Creating connection.
Creating destination. Type:32topic32Name:32bowerick.broker.management.reply
Info: Enabling management consumer at:32/topic/bowerick.broker.management.command
Creating JSON consumer:32tcp://localhost:5252532/topic/bowerick.broker.management.command321
Creating consumer:32tcp://localhost:5252532/topic/bowerick.broker.management.command
Creating connection.
Creating destination. Type:32topic32Name:32bowerick.broker.management.command
Closing consumer:32tcp://localhost:5252532/topic/bowerick.broker.management.command
Closing producer:32tcp://localhost:5252532/topic/bowerick.broker.management.reply
Closing consumer:32tcp://127.0.0.1:4242432/topic/bowerick.broker.management.command
Closing producer:32tcp://127.0.0.1:4242432/topic/bowerick.broker.management.reply
Info: Enabling management producer at:32/topic/bowerick.broker.management.reply
Creating JSON producer:32tcp://127.0.0.1:4242432/topic/bowerick.broker.management.reply321
Creating producer:32tcp://127.0.0.1:4242432/topic/bowerick.broker.management.reply
Creating connection.
Creating destination. Type:32topic32Name:32bowerick.broker.management.reply
Info: Enabling management consumer at:32/topic/bowerick.broker.management.command
Creating JSON consumer:32tcp://127.0.0.1:4242432/topic/bowerick.broker.management.command321
Creating consumer:32tcp://127.0.0.1:4242432/topic/bowerick.broker.management.command
Creating connection.
Creating destination. Type:32topic32Name:32bowerick.broker.management.command
Info: Enabling management producer at:32/topic/bowerick.broker.management.reply
Creating JSON producer:32tcp://localhost:5252532/topic/bowerick.broker.management.reply321
Creating producer:32tcp://localhost:5252532/topic/bowerick.broker.management.reply
Creating connection.
Creating destination. Type:32topic32Name:32bowerick.broker.management.reply
Info: Enabling management consumer at:32/topic/bowerick.broker.management.command
Creating JSON consumer:32tcp://localhost:5252532/topic/bowerick.broker.management.command321
Creating consumer:32tcp://localhost:5252532/topic/bowerick.broker.management.command
Creating connection.
Creating destination. Type:32topic32Name:32bowerick.broker.management.command
Creating producer:32tcp://localhost:5252532/topic/testtopic.foo
Creating connection.
Creating destination. Type:32topic32Name:32testtopic.foo
Creating consumer:32tcp://localhost:5252532/topic/testtopic.foo
Creating connection.
Creating destination. Type:32topic32Name:32testtopic.foo
Closing producer:32tcp://localhost:5252532/topic/testtopic.foo
Closing consumer:32tcp://localhost:5252532/topic/testtopic.foo
Closing consumer:32tcp://localhost:5252532/topic/bowerick.broker.management.command
Closing producer:32tcp://localhost:5252532/topic/bowerick.broker.management.reply
Closing consumer:32tcp://127.0.0.1:4242432/topic/bowerick.broker.management.command
Closing producer:32tcp://127.0.0.1:4242432/topic/bowerick.broker.management.reply
Info: Enabling management producer at:32/topic/bowerick.broker.management.reply
Creating JSON producer:32tcp://127.0.0.1:4242432/topic/bowerick.broker.management.reply321
Creating producer:32tcp://127.0.0.1:4242432/topic/bowerick.broker.management.reply
Creating connection.
Creating destination. Type:32topic32Name:32bowerick.broker.management.reply
Info: Enabling management consumer at:32/topic/bowerick.broker.management.command
Creating JSON consumer:32tcp://127.0.0.1:4242432/topic/bowerick.broker.management.command321
Creating consumer:32tcp://127.0.0.1:4242432/topic/bowerick.broker.management.command
Creating connection.
Creating destination. Type:32topic32Name:32bowerick.broker.management.command
Creating carbonite LZF producer:32tcp://127.0.0.1:4242432/topic/testtopic.foo323
Creating pooled producer:32tcp://127.0.0.1:4242432/topic/testtopic.foo323
Creating producer:32tcp://127.0.0.1:4242432/topic/testtopic.foo
Creating connection.
Creating destination. Type:32topic32Name:32testtopic.foo
Creating carbonite LZF consumer:32tcp://127.0.0.1:4242432/topic/testtopic.foo323
Creating pooled consumer:32tcp://127.0.0.1:4242432/topic/testtopic.foo
Creating consumer:32tcp://127.0.0.1:4242432/topic/testtopic.foo
Creating connection.
Creating destination. Type:32topic32Name:32testtopic.foo
Closing pooled producer.
Closing producer:32tcp://127.0.0.1:4242432/topic/testtopic.foo
Closing pooled consumer.
Closing consumer:32tcp://127.0.0.1:4242432/topic/testtopic.foo
Closing consumer:32tcp://127.0.0.1:4242432/topic/bowerick.broker.management.command
Closing producer:32tcp://127.0.0.1:4242432/topic/bowerick.broker.management.reply
Info: Enabling management producer at:32/topic/bowerick.broker.management.reply
Creating JSON producer:32tcp://127.0.0.1:4242432/topic/bowerick.broker.management.reply321
Creating producer:32tcp://127.0.0.1:4242432/topic/bowerick.broker.management.reply
Creating connection.
Creating destination. Type:32topic32Name:32bowerick.broker.management.reply
Info: Enabling management consumer at:32/topic/bowerick.broker.management.command
Creating JSON consumer:32tcp://127.0.0.1:4242432/topic/bowerick.broker.management.command321
Creating consumer:32tcp://127.0.0.1:4242432/topic/bowerick.broker.management.command
Creating connection.
Creating destination. Type:32topic32Name:32bowerick.broker.management.command
Creating carbonite producer:32tcp://127.0.0.1:4242432/topic/testtopic.foo323
Creating pooled producer:32tcp://127.0.0.1:4242432/topic/testtopic.foo323
Creating producer:32tcp://127.0.0.1:4242432/topic/testtopic.foo
Creating connection.
Creating destination. Type:32topic32Name:32testtopic.foo
Creating carbonite consumer:32tcp://127.0.0.1:4242432/topic/testtopic.foo323
Creating pooled consumer:32tcp://127.0.0.1:4242432/topic/testtopic.foo
Creating consumer:32tcp://127.0.0.1:4242432/topic/testtopic.foo
Creating connection.
Creating destination. Type:32topic32Name:32testtopic.foo
Closing pooled producer.
Closing producer:32tcp://127.0.0.1:4242432/topic/testtopic.foo
Closing pooled consumer.
Closing consumer:32tcp://127.0.0.1:4242432/topic/testtopic.foo
Closing consumer:32tcp://127.0.0.1:4242432/topic/bowerick.broker.management.command
Closing producer:32tcp://127.0.0.1:4242432/topic/bowerick.broker.management.reply
Info: Enabling management producer at:32/topic/bowerick.broker.management.reply
Creating JSON producer:32tcp://127.0.0.1:4242432/topic/bowerick.broker.management.reply321
Creating producer:32tcp://127.0.0.1:4242432/topic/bowerick.broker.management.reply
Creating connection.
Creating destination. Type:32topic32Name:32bowerick.broker.management.reply
Info: Enabling management consumer at:32/topic/bowerick.broker.management.command
Creating JSON consumer:32tcp://127.0.0.1:4242432/topic/bowerick.broker.management.command321
Creating consumer:32tcp://127.0.0.1:4242432/topic/bowerick.broker.management.command
Creating connection.
Creating destination. Type:32topic32Name:32bowerick.broker.management.command
Creating JSON producer:32tcp://127.0.0.1:4242432/topic/testtopic.foo321
Creating producer:32tcp://127.0.0.1:4242432/topic/testtopic.foo
Creating connection.
Creating destination. Type:32topic32Name:32testtopic.foo
Creating JSON consumer:32tcp://127.0.0.1:4242432/topic/testtopic.foo321
Creating consumer:32tcp://127.0.0.1:4242432/topic/testtopic.foo
Creating connection.
Creating destination. Type:32topic32Name:32testtopic.foo
Closing producer:32tcp://127.0.0.1:4242432/topic/testtopic.foo
Closing consumer:32tcp://127.0.0.1:4242432/topic/testtopic.foo
Closing consumer:32tcp://127.0.0.1:4242432/topic/bowerick.broker.management.command
Closing producer:32tcp://127.0.0.1:4242432/topic/bowerick.broker.management.reply
Info: Enabling management producer at:32/topic/bowerick.broker.management.reply
Creating JSON producer:32tcp://127.0.0.1:4242432/topic/bowerick.broker.management.reply321
Creating producer:32tcp://127.0.0.1:4242432/topic/bowerick.broker.management.reply
Creating connection.
Creating destination. Type:32topic32Name:32bowerick.broker.management.reply
Info: Enabling management consumer at:32/topic/bowerick.broker.management.command
Creating JSON consumer:32tcp://127.0.0.1:4242432/topic/bowerick.broker.management.command321
Creating consumer:32tcp://127.0.0.1:4242432/topic/bowerick.broker.management.command
Creating connection.
Creating destination. Type:32topic32Name:32bowerick.broker.management.command
Creating producer:32tcp://127.0.0.1:4242432/topic/testtopic.foo
Creating connection.
Creating destination. Type:32topic32Name:32testtopic.foo
Creating consumer:32tcp://127.0.0.1:4242432/topic/testtopic.foo
Creating connection.
Creating destination. Type:32topic32Name:32testtopic.foo
Closing producer:32tcp://127.0.0.1:4242432/topic/testtopic.foo
Closing consumer:32tcp://127.0.0.1:4242432/topic/testtopic.foo
Closing consumer:32tcp://127.0.0.1:4242432/topic/bowerick.broker.management.command
Closing producer:32tcp://127.0.0.1:4242432/topic/bowerick.broker.management.reply
    </system-out>

        <properties>
[...]
</properties>

  </testsuite>
  <testsuite errors="0" failures="0" id="4" name="jms-permissions-test" package="bowerick.test" tests="4" time="0.3374" timestamp="2017-09-08_14:03:50+0200">
        <testcase classname="bowerick.test.jms-permissions-test" name="create-producer-without-permission-test" time="0.0732">
    </testcase>

        <testcase classname="bowerick.test.jms-permissions-test" name="create-producer-with-permission-test" time="0.0351">
    </testcase>

        <testcase classname="bowerick.test.jms-permissions-test" name="test-selective-permissions-with-anonymous-test" time="0.0909">
    </testcase>

        <testcase classname="bowerick.test.jms-permissions-test" name="test-selective-permissions-with-anonymous-convenience-test" time="0.1301">
    </testcase>

        <system-err>
Creating producer: tcp://127.0.0.1:31313 /topic/test.topic.a
Creating connection.
Creating producer: tcp://127.0.0.1:31313 /topic/test.topic.a
Creating connection for user: test-user
Creating destination. Type: topic Name: test.topic.a
Creating producer: tcp://127.0.0.1:31313 /topic/test.topic.a
Creating connection for user: test-user
Creating destination. Type: topic Name: test.topic.a
Creating consumer: tcp://127.0.0.1:31313 /topic/test.topic.a
Creating connection for user: test-user
Creating destination. Type: topic Name: test.topic.a
Creating producer: tcp://127.0.0.1:31313 /topic/test.topic.a
Creating connection.
Creating destination. Type: topic Name: test.topic.a
Creating consumer: tcp://127.0.0.1:31313 /topic/test.topic.a
Creating connection.
Creating destination. Type: topic Name: test.topic.a
Setting permission: {target &gt;, type topic, admin admins, read consumers, write publishers}
Setting permission: {target test.topic.a, type topic, write anonymous}
Setting permission: {target ActiveMQ.Advisory.TempQueue,ActiveMQ.Advisory.TempTopic, type topic, read anonymous}
Info: Enabling management producer at: /topic/bowerick.broker.management.reply
Creating JSON producer: tcp://127.0.0.1:31313 /topic/bowerick.broker.management.reply 1
Creating producer: tcp://127.0.0.1:31313 /topic/bowerick.broker.management.reply
Creating connection.
Warning: Could not create management producer for: /topic/bowerick.broker.management.reply
Info: Enabling management consumer at: /topic/bowerick.broker.management.command
Creating JSON consumer: tcp://127.0.0.1:31313 /topic/bowerick.broker.management.command 1
Creating consumer: tcp://127.0.0.1:31313 /topic/bowerick.broker.management.command
Creating connection.
Warning: Could not create management consumer for: /topic/bowerick.broker.management.command
Creating producer: tcp://127.0.0.1:31313 /topic/test.topic.a
Creating connection for user: test-user
Creating destination. Type: topic Name: test.topic.a
Creating consumer: tcp://127.0.0.1:31313 /topic/test.topic.a
Creating connection for user: test-user
Creating destination. Type: topic Name: test.topic.a
Creating producer: tcp://127.0.0.1:31313 /topic/test.topic.a
Creating connection.
Creating destination. Type: topic Name: test.topic.a
Creating consumer: tcp://127.0.0.1:31313 /topic/test.topic.a
Creating connection.
Creating destination. Type: topic Name: test.topic.a
    </system-err>

        <system-out>
Creating producer:32tcp://127.0.0.1:3131332/topic/test.topic.a
Creating connection.
Creating producer:32tcp://127.0.0.1:3131332/topic/test.topic.a
Creating connection for user:32test-user
Creating destination. Type:32topic32Name:32test.topic.a
Creating producer:32tcp://127.0.0.1:3131332/topic/test.topic.a
Creating connection for user:32test-user
Creating destination. Type:32topic32Name:32test.topic.a
Creating consumer:32tcp://127.0.0.1:3131332/topic/test.topic.a
Creating connection for user:32test-user
Creating destination. Type:32topic32Name:32test.topic.a
Creating producer:32tcp://127.0.0.1:3131332/topic/test.topic.a
Creating connection.
Creating destination. Type:32topic32Name:32test.topic.a
Creating consumer:32tcp://127.0.0.1:3131332/topic/test.topic.a
Creating connection.
Creating destination. Type:32topic32Name:32test.topic.a
Setting permission:32{target32&gt;, type32topic, admin32admins, read32consumers, write32publishers}
Setting permission:32{target32test.topic.a, type32topic, write32anonymous}
Setting permission:32{target32ActiveMQ.Advisory.TempQueue,ActiveMQ.Advisory.TempTopic, type32topic, read32anonymous}
Info: Enabling management producer at:32/topic/bowerick.broker.management.reply
Creating JSON producer:32tcp://127.0.0.1:3131332/topic/bowerick.broker.management.reply321
Creating producer:32tcp://127.0.0.1:3131332/topic/bowerick.broker.management.reply
Creating connection.
Warning: Could not create management producer for:32/topic/bowerick.broker.management.reply
Info: Enabling management consumer at:32/topic/bowerick.broker.management.command
Creating JSON consumer:32tcp://127.0.0.1:3131332/topic/bowerick.broker.management.command321
Creating consumer:32tcp://127.0.0.1:3131332/topic/bowerick.broker.management.command
Creating connection.
Warning: Could not create management consumer for:32/topic/bowerick.broker.management.command
Creating producer:32tcp://127.0.0.1:3131332/topic/test.topic.a
Creating connection for user:32test-user
Creating destination. Type:32topic32Name:32test.topic.a
Creating consumer:32tcp://127.0.0.1:3131332/topic/test.topic.a
Creating connection for user:32test-user
Creating destination. Type:32topic32Name:32test.topic.a
Creating producer:32tcp://127.0.0.1:3131332/topic/test.topic.a
Creating connection.
Creating destination. Type:32topic32Name:32test.topic.a
Creating consumer:32tcp://127.0.0.1:3131332/topic/test.topic.a
Creating connection.
Creating destination. Type:32topic32Name:32test.topic.a
    </system-out>

        <properties>
[...]
</properties>

  </testsuite>
  <testsuite errors="0" failures="0" id="5" name="jms-test-base" package="bowerick.test" tests="0" time="0.0004" timestamp="2016-05-05_21:02:31+0200">
</testsuite>
  <testsuite errors="0" failures="0" id="6" name="jms-transport" package="bowerick.test" tests="28" time="13.6927" timestamp="2017-09-08_14:04:03+0200">
        <testcase classname="bowerick.test.jms-transport" name="send-byte-array-test" time="0.0474">
    </testcase>

        <testcase classname="bowerick.test.jms-transport" name="send-byte-array-test" time="0.0602">
    </testcase>

        <testcase classname="bowerick.test.jms-transport" name="send-byte-array-test" time="0.1081">
    </testcase>

        <testcase classname="bowerick.test.jms-transport" name="send-byte-array-test" time="0.4530">
    </testcase>

        <testcase classname="bowerick.test.jms-transport" name="send-byte-array-test" time="0.4621">
    </testcase>

        <testcase classname="bowerick.test.jms-transport" name="send-byte-array-test" time="0.3254">
    </testcase>

        <testcase classname="bowerick.test.jms-transport" name="send-byte-array-test" time="0.5232">
    </testcase>

        <testcase classname="bowerick.test.jms-transport" name="send-vector-test" time="0.0685">
    </testcase>

        <testcase classname="bowerick.test.jms-transport" name="send-vector-test" time="0.0509">
    </testcase>

        <testcase classname="bowerick.test.jms-transport" name="send-vector-test" time="0.1143">
    </testcase>

        <testcase classname="bowerick.test.jms-transport" name="send-vector-test" time="0.4095">
    </testcase>

        <testcase classname="bowerick.test.jms-transport" name="send-vector-test" time="0.4135">
    </testcase>

        <testcase classname="bowerick.test.jms-transport" name="send-vector-test" time="0.3086">
    </testcase>

        <testcase classname="bowerick.test.jms-transport" name="send-vector-test" time="0.4467">
    </testcase>

        <testcase classname="bowerick.test.jms-transport" name="send-list-test" time="0.1276">
    </testcase>

        <testcase classname="bowerick.test.jms-transport" name="send-list-test" time="0.0561">
    </testcase>

        <testcase classname="bowerick.test.jms-transport" name="send-list-test" time="0.0942">
    </testcase>

        <testcase classname="bowerick.test.jms-transport" name="send-list-test" time="0.4155">
    </testcase>

        <testcase classname="bowerick.test.jms-transport" name="send-list-test" time="0.4092">
    </testcase>

        <testcase classname="bowerick.test.jms-transport" name="send-list-test" time="0.3056">
    </testcase>

        <testcase classname="bowerick.test.jms-transport" name="send-list-test" time="0.4258">
    </testcase>

        <testcase classname="bowerick.test.jms-transport" name="send-string-test" time="0.0440">
    </testcase>

        <testcase classname="bowerick.test.jms-transport" name="send-string-test" time="0.0641">
    </testcase>

        <testcase classname="bowerick.test.jms-transport" name="send-string-test" time="0.0917">
    </testcase>

        <testcase classname="bowerick.test.jms-transport" name="send-string-test" time="0.3698">
    </testcase>

        <testcase classname="bowerick.test.jms-transport" name="send-string-test" time="0.3973">
    </testcase>

        <testcase classname="bowerick.test.jms-transport" name="send-string-test" time="0.3135">
    </testcase>

        <testcase classname="bowerick.test.jms-transport" name="send-string-test" time="0.4376">
    </testcase>

        <system-err>
Setting broker SSLContext to use key store file: test/ssl/broker.ks and trust store file: test/ssl/broker.ts
Info: Enabling management producer at: /topic/bowerick.broker.management.reply
Creating JSON producer: tcp://127.0.0.1:42424 /topic/bowerick.broker.management.reply 1
Creating producer: tcp://127.0.0.1:42424 /topic/bowerick.broker.management.reply
Creating connection.
Creating destination. Type: topic Name: bowerick.broker.management.reply
Info: Enabling management consumer at: /topic/bowerick.broker.management.command
Creating JSON consumer: tcp://127.0.0.1:42424 /topic/bowerick.broker.management.command 1
Creating consumer: tcp://127.0.0.1:42424 /topic/bowerick.broker.management.command
Creating connection.
Creating destination. Type: topic Name: bowerick.broker.management.command
Creating producer: tcp://127.0.0.1:42424 /topic/testtopic.foo
Creating connection.
Creating destination. Type: topic Name: testtopic.foo
Creating consumer: tcp://127.0.0.1:42424 /topic/testtopic.foo
Creating connection.
Creating destination. Type: topic Name: testtopic.foo
Closing producer: tcp://127.0.0.1:42424 /topic/testtopic.foo
Closing consumer: tcp://127.0.0.1:42424 /topic/testtopic.foo
Closing consumer: tcp://127.0.0.1:42424 /topic/bowerick.broker.management.command
Closing producer: tcp://127.0.0.1:42424 /topic/bowerick.broker.management.reply
Setting broker SSLContext to use key store file: test/ssl/broker.ks and trust store file: test/ssl/broker.ts
Info: Enabling management producer at: /topic/bowerick.broker.management.reply
Creating JSON producer: udp://127.0.0.1:42426 /topic/bowerick.broker.management.reply 1
Creating producer: udp://127.0.0.1:42426 /topic/bowerick.broker.management.reply
Creating connection.
Creating destination. Type: topic Name: bowerick.broker.management.reply
Info: Enabling management consumer at: /topic/bowerick.broker.management.command
Creating JSON consumer: udp://127.0.0.1:42426 /topic/bowerick.broker.management.command 1
Creating consumer: udp://127.0.0.1:42426 /topic/bowerick.broker.management.command
Creating connection.
Creating destination. Type: topic Name: bowerick.broker.management.command
Creating producer: udp://127.0.0.1:42426 /topic/testtopic.foo
Creating connection.
Creating destination. Type: topic Name: testtopic.foo
Creating consumer: udp://127.0.0.1:42426 /topic/testtopic.foo
Creating connection.
Creating destination. Type: topic Name: testtopic.foo
Closing producer: udp://127.0.0.1:42426 /topic/testtopic.foo
Closing consumer: udp://127.0.0.1:42426 /topic/testtopic.foo
Closing consumer: udp://127.0.0.1:42426 /topic/bowerick.broker.management.command
Closing producer: udp://127.0.0.1:42426 /topic/bowerick.broker.management.reply
Setting broker SSLContext to use key store file: test/ssl/broker.ks and trust store file: test/ssl/broker.ts
Info: Enabling management producer at: /topic/bowerick.broker.management.reply
Creating JSON producer: stomp://127.0.0.1:42422 /topic/bowerick.broker.management.reply 1
Creating producer: stomp://127.0.0.1:42422 /topic/bowerick.broker.management.reply
Creating connection.
Creating destination. Type: topic Name: bowerick.broker.management.reply
Info: Enabling management consumer at: /topic/bowerick.broker.management.command
[...]
Creating connection.
Creating destination. Type:32topic32Name:32bowerick.broker.management.command
Creating nippy producer:32stomp://127.0.0.1:4433332/topic/testtopic.foo32132{}
Creating producer:32stomp://127.0.0.1:4433332/topic/testtopic.foo
Creating connection.
Creating destination. Type:32topic32Name:32testtopic.foo
Creating nippy consumer:32tcp://127.0.0.1:4411132/topic/testtopic.foo32132{}
Creating consumer:32tcp://127.0.0.1:4411132/topic/testtopic.foo
Creating connection.
Creating destination. Type:32topic32Name:32testtopic.foo
Closing producer:32stomp://127.0.0.1:4433332/topic/testtopic.foo
Closing consumer:32tcp://127.0.0.1:4411132/topic/testtopic.foo
Closing consumer:32tcp://127.0.0.1:4411132/topic/bowerick.broker.management.command
Closing producer:32tcp://127.0.0.1:4411132/topic/bowerick.broker.management.reply
Info: Enabling management producer at:32/topic/bowerick.broker.management.reply
Creating JSON producer:32tcp://127.0.0.1:4411132/topic/bowerick.broker.management.reply321
Creating producer:32tcp://127.0.0.1:4411132/topic/bowerick.broker.management.reply
Creating connection.
Creating destination. Type:32topic32Name:32bowerick.broker.management.reply
Info: Enabling management consumer at:32/topic/bowerick.broker.management.command
Creating JSON consumer:32tcp://127.0.0.1:4411132/topic/bowerick.broker.management.command321
Creating consumer:32tcp://127.0.0.1:4411132/topic/bowerick.broker.management.command
Creating connection.
Creating destination. Type:32topic32Name:32bowerick.broker.management.command
Creating producer:32tcp://127.0.0.1:4411132/topic/testtopic.foo
Creating connection.
Creating destination. Type:32topic32Name:32testtopic.foo
Creating consumer:32tcp://127.0.0.1:4422232/topic/testtopic.foo
Creating connection.
Creating destination. Type:32topic32Name:32testtopic.foo
Closing producer:32tcp://127.0.0.1:4411132/topic/testtopic.foo
Closing consumer:32tcp://127.0.0.1:4422232/topic/testtopic.foo
Closing consumer:32tcp://127.0.0.1:4411132/topic/bowerick.broker.management.command
Closing producer:32tcp://127.0.0.1:4411132/topic/bowerick.broker.management.reply
Info: Enabling management producer at:32/topic/bowerick.broker.management.reply
Creating JSON producer:32tcp://127.0.0.1:4411132/topic/bowerick.broker.management.reply321
Creating producer:32tcp://127.0.0.1:4411132/topic/bowerick.broker.management.reply
Creating connection.
Creating destination. Type:32topic32Name:32bowerick.broker.management.reply
Info: Enabling management consumer at:32/topic/bowerick.broker.management.command
Creating JSON consumer:32tcp://127.0.0.1:4411132/topic/bowerick.broker.management.command321
Creating consumer:32tcp://127.0.0.1:4411132/topic/bowerick.broker.management.command
Creating connection.
Creating destination. Type:32topic32Name:32bowerick.broker.management.command
Creating nippy producer:32stomp://127.0.0.1:4433332/topic/testtopic.foo32132{}
Creating producer:32stomp://127.0.0.1:4433332/topic/testtopic.foo
Creating connection.
Creating destination. Type:32topic32Name:32testtopic.foo
Creating nippy consumer:32tcp://127.0.0.1:4411132/topic/testtopic.foo32132{}
Creating consumer:32tcp://127.0.0.1:4411132/topic/testtopic.foo
Creating connection.
Creating destination. Type:32topic32Name:32testtopic.foo
Closing producer:32stomp://127.0.0.1:4433332/topic/testtopic.foo
Closing consumer:32tcp://127.0.0.1:4411132/topic/testtopic.foo
Closing consumer:32tcp://127.0.0.1:4411132/topic/bowerick.broker.management.command
Closing producer:32tcp://127.0.0.1:4411132/topic/bowerick.broker.management.reply
Info: Enabling management producer at:32/topic/bowerick.broker.management.reply
Creating JSON producer:32tcp://127.0.0.1:4411132/topic/bowerick.broker.management.reply321
Creating producer:32tcp://127.0.0.1:4411132/topic/bowerick.broker.management.reply
Creating connection.
Creating destination. Type:32topic32Name:32bowerick.broker.management.reply
Info: Enabling management consumer at:32/topic/bowerick.broker.management.command
Creating JSON consumer:32tcp://127.0.0.1:4411132/topic/bowerick.broker.management.command321
Creating consumer:32tcp://127.0.0.1:4411132/topic/bowerick.broker.management.command
Creating connection.
Creating destination. Type:32topic32Name:32bowerick.broker.management.command
Creating producer:32stomp://127.0.0.1:4433332/topic/testtopic.foo
Creating connection.
Creating destination. Type:32topic32Name:32testtopic.foo
Creating consumer:32tcp://127.0.0.1:4411132/topic/testtopic.foo
Creating connection.
Creating destination. Type:32topic32Name:32testtopic.foo
Closing producer:32stomp://127.0.0.1:4433332/topic/testtopic.foo
Closing consumer:32tcp://127.0.0.1:4411132/topic/testtopic.foo
Closing consumer:32tcp://127.0.0.1:4411132/topic/bowerick.broker.management.command
Closing producer:32tcp://127.0.0.1:4411132/topic/bowerick.broker.management.reply
Info: Enabling management producer at:32/topic/bowerick.broker.management.reply
Creating JSON producer:32tcp://127.0.0.1:4411132/topic/bowerick.broker.management.reply321
Creating producer:32tcp://127.0.0.1:4411132/topic/bowerick.broker.management.reply
Creating connection.
Creating destination. Type:32topic32Name:32bowerick.broker.management.reply
Info: Enabling management consumer at:32/topic/bowerick.broker.management.command
Creating JSON consumer:32tcp://127.0.0.1:4411132/topic/bowerick.broker.management.command321
Creating consumer:32tcp://127.0.0.1:4411132/topic/bowerick.broker.management.command
Creating connection.
Creating destination. Type:32topic32Name:32bowerick.broker.management.command
Creating producer:32stomp://127.0.0.1:4433332/topic/testtopic.foo
Creating connection.
Creating destination. Type:32topic32Name:32testtopic.foo
Creating consumer:32tcp://127.0.0.1:4411132/topic/testtopic.foo
Creating connection.
Creating destination. Type:32topic32Name:32testtopic.foo
Closing producer:32stomp://127.0.0.1:4433332/topic/testtopic.foo
Closing consumer:32tcp://127.0.0.1:4411132/topic/testtopic.foo
Closing consumer:32tcp://127.0.0.1:4411132/topic/bowerick.broker.management.command
Closing producer:32tcp://127.0.0.1:4411132/topic/bowerick.broker.management.reply
Info: Enabling management producer at:32/topic/bowerick.broker.management.reply
Creating JSON producer:32stomp://127.0.0.1:4433332/topic/bowerick.broker.management.reply321
Creating producer:32stomp://127.0.0.1:4433332/topic/bowerick.broker.management.reply
Creating connection.
Creating destination. Type:32topic32Name:32bowerick.broker.management.reply
Info: Enabling management consumer at:32/topic/bowerick.broker.management.command
Creating JSON consumer:32stomp://127.0.0.1:4433332/topic/bowerick.broker.management.command321
Creating consumer:32stomp://127.0.0.1:4433332/topic/bowerick.broker.management.command
Creating connection.
Creating destination. Type:32topic32Name:32bowerick.broker.management.command
Creating producer:32stomp://127.0.0.1:4433332/topic/testtopic.foo
Creating connection.
Creating destination. Type:32topic32Name:32testtopic.foo
Creating consumer:32stomp://127.0.0.1:4444432/topic/testtopic.foo
Creating connection.
Creating destination. Type:32topic32Name:32testtopic.foo
Closing producer:32stomp://127.0.0.1:4433332/topic/testtopic.foo
Closing consumer:32stomp://127.0.0.1:4444432/topic/testtopic.foo
Closing consumer:32stomp://127.0.0.1:4433332/topic/bowerick.broker.management.command
Closing producer:32stomp://127.0.0.1:4433332/topic/bowerick.broker.management.reply
Info: Enabling management producer at:32/topic/bowerick.broker.management.reply
Creating JSON producer:32tcp://127.0.0.1:4411132/topic/bowerick.broker.management.reply321
Creating producer:32tcp://127.0.0.1:4411132/topic/bowerick.broker.management.reply
Creating connection.
Creating destination. Type:32topic32Name:32bowerick.broker.management.reply
Info: Enabling management consumer at:32/topic/bowerick.broker.management.command
Creating JSON consumer:32tcp://127.0.0.1:4411132/topic/bowerick.broker.management.command321
Creating consumer:32tcp://127.0.0.1:4411132/topic/bowerick.broker.management.command
Creating connection.
Creating destination. Type:32topic32Name:32bowerick.broker.management.command
Creating producer:32tcp://127.0.0.1:4411132/topic/testtopic.foo
Creating connection.
Creating destination. Type:32topic32Name:32testtopic.foo
Creating consumer:32stomp://127.0.0.1:4433332/topic/testtopic.foo
Creating connection.
Creating destination. Type:32topic32Name:32testtopic.foo
Closing producer:32tcp://127.0.0.1:4411132/topic/testtopic.foo
Closing consumer:32stomp://127.0.0.1:4433332/topic/testtopic.foo
Closing consumer:32tcp://127.0.0.1:4411132/topic/bowerick.broker.management.command
Closing producer:32tcp://127.0.0.1:4411132/topic/bowerick.broker.management.reply
    </system-out>

        <properties>
[...]
</properties>

  </testsuite>
  <testsuite errors="0" failures="0" id="11" name="websocket" package="bowerick.test" tests="4" time="2.8763" timestamp="2017-09-08_14:04:10+0200">
        <testcase classname="bowerick.test.websocket" name="websocket-ssl-to-stomp-string-test" time="1.3021">
    </testcase>

        <testcase classname="bowerick.test.websocket" name="websocket-string-test" time="0.4365">
    </testcase>

        <testcase classname="bowerick.test.websocket" name="websocket-to-openwire-string-test" time="0.1152">
    </testcase>

        <testcase classname="bowerick.test.websocket" name="websocket-to-stomp-string-test" time="0.1306">
    </testcase>

        <system-err>
Setting broker SSLContext to use key store file: test/ssl/broker.ks and trust store file: test/ssl/broker.ts
Info: Enabling management producer at: /topic/bowerick.broker.management.reply
Creating JSON producer: tcp://127.0.0.1:42423 /topic/bowerick.broker.management.reply 1
Creating producer: tcp://127.0.0.1:42423 /topic/bowerick.broker.management.reply
Creating connection.
Creating destination. Type: topic Name: bowerick.broker.management.reply
Info: Enabling management consumer at: /topic/bowerick.broker.management.command
Creating JSON consumer: tcp://127.0.0.1:42423 /topic/bowerick.broker.management.command 1
Creating consumer: tcp://127.0.0.1:42423 /topic/bowerick.broker.management.command
Creating connection.
Creating destination. Type: topic Name: bowerick.broker.management.command
Creating producer: wss://127.0.0.1:42426?needClientAuth=true /topic/testtopic.foo
Creating consumer: stomp://127.0.0.1:42424 /topic/testtopic.foo
Creating connection.
Creating destination. Type: topic Name: testtopic.foo
Closing producer: wss://127.0.0.1:42426?needClientAuth=true /topic/testtopic.foo
Closing consumer: stomp://127.0.0.1:42424 /topic/testtopic.foo
Closing consumer: tcp://127.0.0.1:42423 /topic/bowerick.broker.management.command
Closing producer: tcp://127.0.0.1:42423 /topic/bowerick.broker.management.reply
Setting broker SSLContext to use key store file: test/ssl/broker.ks and trust store file: test/ssl/broker.ts
Info: Enabling management producer at: /topic/bowerick.broker.management.reply
Creating JSON producer: tcp://127.0.0.1:42423 /topic/bowerick.broker.management.reply 1
Creating producer: tcp://127.0.0.1:42423 /topic/bowerick.broker.management.reply
Creating connection.
Creating destination. Type: topic Name: bowerick.broker.management.reply
Info: Enabling management consumer at: /topic/bowerick.broker.management.command
Creating JSON consumer: tcp://127.0.0.1:42423 /topic/bowerick.broker.management.command 1
Creating consumer: tcp://127.0.0.1:42423 /topic/bowerick.broker.management.command
Creating connection.
Creating destination. Type: topic Name: bowerick.broker.management.command
Creating producer: ws://127.0.0.1:42425 /topic/testtopic.foo
Creating consumer: ws://127.0.0.1:42425 /topic/testtopic.foo
Closing producer: ws://127.0.0.1:42425 /topic/testtopic.foo
Closing consumer: ws://127.0.0.1:42425 /topic/testtopic.foo
Closing consumer: tcp://127.0.0.1:42423 /topic/bowerick.broker.management.command
Closing producer: tcp://127.0.0.1:42423 /topic/bowerick.broker.management.reply
Setting broker SSLContext to use key store file: test/ssl/broker.ks and trust store file: test/ssl/broker.ts
Info: Enabling management producer at: /topic/bowerick.broker.management.reply
Creating JSON producer: tcp://127.0.0.1:42423 /topic/bowerick.broker.management.reply 1
Creating producer: tcp://127.0.0.1:42423 /topic/bowerick.broker.management.reply
Creating connection.
Creating destination. Type: topic Name: bowerick.broker.management.reply
Info: Enabling management consumer at: /topic/bowerick.broker.management.command
Creating JSON consumer: tcp://127.0.0.1:42423 /topic/bowerick.broker.management.command 1
Creating consumer: tcp://127.0.0.1:42423 /topic/bowerick.broker.management.command
Creating connection.
Creating destination. Type: topic Name: bowerick.broker.management.command
Creating producer: ws://127.0.0.1:42425 /topic/testtopic.foo
Creating consumer: tcp://127.0.0.1:42423 /topic/testtopic.foo
Creating connection.
Creating destination. Type: topic Name: testtopic.foo
Closing producer: ws://127.0.0.1:42425 /topic/testtopic.foo
Closing consumer: tcp://127.0.0.1:42423 /topic/testtopic.foo
Closing consumer: tcp://127.0.0.1:42423 /topic/bowerick.broker.management.command
Closing producer: tcp://127.0.0.1:42423 /topic/bowerick.broker.management.reply
Setting broker SSLContext to use key store file: test/ssl/broker.ks and trust store file: test/ssl/broker.ts
Info: Enabling management producer at: /topic/bowerick.broker.management.reply
Creating JSON producer: tcp://127.0.0.1:42423 /topic/bowerick.broker.management.reply 1
Creating producer: tcp://127.0.0.1:42423 /topic/bowerick.broker.management.reply
Creating connection.
Creating destination. Type: topic Name: bowerick.broker.management.reply
Info: Enabling management consumer at: /topic/bowerick.broker.management.command
Creating JSON consumer: tcp://127.0.0.1:42423 /topic/bowerick.broker.management.command 1
Creating consumer: tcp://127.0.0.1:42423 /topic/bowerick.broker.management.command
Creating connection.
Creating destination. Type: topic Name: bowerick.broker.management.command
Creating producer: ws://127.0.0.1:42425 /topic/testtopic.foo
Creating consumer: stomp://127.0.0.1:42424 /topic/testtopic.foo
Creating connection.
Creating destination. Type: topic Name: testtopic.foo
Closing producer: ws://127.0.0.1:42425 /topic/testtopic.foo
Closing consumer: stomp://127.0.0.1:42424 /topic/testtopic.foo
Closing consumer: tcp://127.0.0.1:42423 /topic/bowerick.broker.management.command
Closing producer: tcp://127.0.0.1:42423 /topic/bowerick.broker.management.reply
    </system-err>

        <system-out>
Setting broker SSLContext to use key store file:32test/ssl/broker.ks32and trust store file:32test/ssl/broker.ts
Info: Enabling management producer at:32/topic/bowerick.broker.management.reply
Creating JSON producer:32tcp://127.0.0.1:4242332/topic/bowerick.broker.management.reply321
Creating producer:32tcp://127.0.0.1:4242332/topic/bowerick.broker.management.reply
Creating connection.
Creating destination. Type:32topic32Name:32bowerick.broker.management.reply
Info: Enabling management consumer at:32/topic/bowerick.broker.management.command
Creating JSON consumer:32tcp://127.0.0.1:4242332/topic/bowerick.broker.management.command321
Creating consumer:32tcp://127.0.0.1:4242332/topic/bowerick.broker.management.command
Creating connection.
Creating destination. Type:32topic32Name:32bowerick.broker.management.command
Creating producer:32wss://127.0.0.1:42426?needClientAuth=true32/topic/testtopic.foo
Creating consumer:32stomp://127.0.0.1:4242432/topic/testtopic.foo
Creating connection.
Creating destination. Type:32topic32Name:32testtopic.foo
Closing producer:32wss://127.0.0.1:42426?needClientAuth=true32/topic/testtopic.foo
Closing consumer:32stomp://127.0.0.1:4242432/topic/testtopic.foo
Closing consumer:32tcp://127.0.0.1:4242332/topic/bowerick.broker.management.command
Closing producer:32tcp://127.0.0.1:4242332/topic/bowerick.broker.management.reply
Setting broker SSLContext to use key store file:32test/ssl/broker.ks32and trust store file:32test/ssl/broker.ts
Info: Enabling management producer at:32/topic/bowerick.broker.management.reply
Creating JSON producer:32tcp://127.0.0.1:4242332/topic/bowerick.broker.management.reply321
Creating producer:32tcp://127.0.0.1:4242332/topic/bowerick.broker.management.reply
Creating connection.
Creating destination. Type:32topic32Name:32bowerick.broker.management.reply
Info: Enabling management consumer at:32/topic/bowerick.broker.management.command
Creating JSON consumer:32tcp://127.0.0.1:4242332/topic/bowerick.broker.management.command321
Creating consumer:32tcp://127.0.0.1:4242332/topic/bowerick.broker.management.command
Creating connection.
Creating destination. Type:32topic32Name:32bowerick.broker.management.command
Creating producer:32ws://127.0.0.1:4242532/topic/testtopic.foo
Creating consumer:32ws://127.0.0.1:4242532/topic/testtopic.foo
Closing producer:32ws://127.0.0.1:4242532/topic/testtopic.foo
Closing consumer:32ws://127.0.0.1:4242532/topic/testtopic.foo
Closing consumer:32tcp://127.0.0.1:4242332/topic/bowerick.broker.management.command
Closing producer:32tcp://127.0.0.1:4242332/topic/bowerick.broker.management.reply
Setting broker SSLContext to use key store file:32test/ssl/broker.ks32and trust store file:32test/ssl/broker.ts
Info: Enabling management producer at:32/topic/bowerick.broker.management.reply
Creating JSON producer:32tcp://127.0.0.1:4242332/topic/bowerick.broker.management.reply321
Creating producer:32tcp://127.0.0.1:4242332/topic/bowerick.broker.management.reply
Creating connection.
Creating destination. Type:32topic32Name:32bowerick.broker.management.reply
Info: Enabling management consumer at:32/topic/bowerick.broker.management.command
Creating JSON consumer:32tcp://127.0.0.1:4242332/topic/bowerick.broker.management.command321
Creating consumer:32tcp://127.0.0.1:4242332/topic/bowerick.broker.management.command
Creating connection.
Creating destination. Type:32topic32Name:32bowerick.broker.management.command
Creating producer:32ws://127.0.0.1:4242532/topic/testtopic.foo
Creating consumer:32tcp://127.0.0.1:4242332/topic/testtopic.foo
Creating connection.
Creating destination. Type:32topic32Name:32testtopic.foo
Closing producer:32ws://127.0.0.1:4242532/topic/testtopic.foo
Closing consumer:32tcp://127.0.0.1:4242332/topic/testtopic.foo
Closing consumer:32tcp://127.0.0.1:4242332/topic/bowerick.broker.management.command
Closing producer:32tcp://127.0.0.1:4242332/topic/bowerick.broker.management.reply
Setting broker SSLContext to use key store file:32test/ssl/broker.ks32and trust store file:32test/ssl/broker.ts
Info: Enabling management producer at:32/topic/bowerick.broker.management.reply
Creating JSON producer:32tcp://127.0.0.1:4242332/topic/bowerick.broker.management.reply321
Creating producer:32tcp://127.0.0.1:4242332/topic/bowerick.broker.management.reply
Creating connection.
Creating destination. Type:32topic32Name:32bowerick.broker.management.reply
Info: Enabling management consumer at:32/topic/bowerick.broker.management.command
Creating JSON consumer:32tcp://127.0.0.1:4242332/topic/bowerick.broker.management.command321
Creating consumer:32tcp://127.0.0.1:4242332/topic/bowerick.broker.management.command
Creating connection.
Creating destination. Type:32topic32Name:32bowerick.broker.management.command
Creating producer:32ws://127.0.0.1:4242532/topic/testtopic.foo
Creating consumer:32stomp://127.0.0.1:4242432/topic/testtopic.foo
Creating connection.
Creating destination. Type:32topic32Name:32testtopic.foo
Closing producer:32ws://127.0.0.1:4242532/topic/testtopic.foo
Closing consumer:32stomp://127.0.0.1:4242432/topic/testtopic.foo
Closing consumer:32tcp://127.0.0.1:4242332/topic/bowerick.broker.management.command
Closing producer:32tcp://127.0.0.1:4242332/topic/bowerick.broker.management.reply
    </system-out>

        <properties>
[...]
</properties>

  </testsuite>
</testsuites>
