<?xml version="1.0" encoding="UTF-8" ?>
<testsuites>
  <testsuite errors="0" failures="0" id="0" name="benchmarks" package="bowerick" tests="0" time="0.0025" timestamp="2016-05-05_20:53:57+0200">
</testsuite>
  <testsuite errors="0" failures="0" id="1" name="broker" package="bowerick.test" tests="2" time="0.2594" timestamp="2016-05-05_20:53:57+0200">
        <testcase classname="bowerick.test.broker" name="get-destinations-test" time="0.1779">
    </testcase>

        <testcase classname="bowerick.test.broker" name="get-destinations-with-producer-test" time="0.0797">
    </testcase>

  </testsuite>
  <testsuite errors="21" failures="0" id="2" name="java-interop" package="bowerick.test" tests="56" time="3.1875" timestamp="2016-05-05_20:54:01+0200">
        <testcase classname="bowerick.test.java-interop" name="test-pooled-producer-and-consumer" time="0.0122">
          <error message="Uncaught exception, not in assertion.">Uncaught exception, not in assertion.
expected: nil
  actual: clojure.lang.ArityException: Wrong number of args (1) passed to: util/prepare-flag
 at clojure.lang.AFn.throwArity (AFn.java:429)
    clojure.lang.AFn.invoke (AFn.java:32)
    bowerick.test.java_interop$fn__1220.invokeStatic (java_interop.clj:80)
    bowerick.test.java_interop/fn (java_interop.clj:75)
    clojure.test$test_var$fn__7983.invoke (test.clj:716)
    clojure.test$test_var.invokeStatic (test.clj:716)
    clojure.test$test_var.invoke (test.clj:707)
    clojure.test$test_vars$fn__8005$fn__8010.invoke (test.clj:734)
    bowerick.test.jms_test_base$run_test.invokeStatic (jms_test_base.clj:28)
    bowerick.test.jms_test_base$run_test.invoke (jms_test_base.clj:22)
    bowerick.test.jms_test_base$single_test_fixture.invokeStatic (jms_test_base.clj:32)
    bowerick.test.jms_test_base$single_test_fixture.invoke (jms_test_base.clj:31)
    clojure.test$compose_fixtures$fn__7977$fn__7978.invoke (test.clj:693)
    clojure.test$default_fixture.invokeStatic (test.clj:686)
    clojure.test$default_fixture.invoke (test.clj:682)
    clojure.test$compose_fixtures$fn__7977.invoke (test.clj:693)
    clojure.test$test_vars$fn__8005.invoke (test.clj:734)
    clojure.test$default_fixture.invokeStatic (test.clj:686)
    clojure.test$default_fixture.invoke (test.clj:682)
    clojure.test$test_vars.invokeStatic (test.clj:730)
    clojure.test$test_all_vars.invokeStatic (test.clj:736)
    clojure.test$test_ns.invokeStatic (test.clj:757)
    clojure.test$test_ns.invoke (test.clj:742)
    clojure.lang.AFn.applyToHelper (AFn.java:154)
    clojure.lang.AFn.applyTo (AFn.java:144)
    clojure.core$apply.invokeStatic (core.clj:646)
    clojure.core$apply.invoke (core.clj:641)
    test2junit.core$apply_junit_output_hook$fn__220.doInvoke (core.clj:52)
    clojure.lang.RestFn.applyTo (RestFn.java:139)
    clojure.core$apply.invokeStatic (core.clj:648)
    clojure.core$apply.invoke (core.clj:641)
    robert.hooke$compose_hooks$fn__31.doInvoke (hooke.clj:40)
    clojure.lang.RestFn.applyTo (RestFn.java:137)
    clojure.core$apply.invokeStatic (core.clj:646)
    clojure.core$apply.invoke (core.clj:641)
    robert.hooke$run_hooks.invokeStatic (hooke.clj:46)
    robert.hooke$run_hooks.invoke (hooke.clj:45)
    robert.hooke$prepare_for_hooks$fn__36$fn__37.doInvoke (hooke.clj:54)
    clojure.lang.RestFn.applyTo (RestFn.java:137)
    clojure.lang.AFunction$1.doInvoke (AFunction.java:29)
    clojure.lang.RestFn.invoke (RestFn.java:408)
    clojure.core$map$fn__4785.invoke (core.clj:2646)
    clojure.lang.LazySeq.sval (LazySeq.java:40)
    clojure.lang.LazySeq.seq (LazySeq.java:49)
    clojure.lang.Cons.next (Cons.java:39)
    clojure.lang.RT.next (RT.java:688)
    clojure.core$next__4341.invokeStatic (core.clj:64)
    clojure.core$reduce1.invokeStatic (core.clj:925)
    clojure.core$reduce1.invokeStatic (core.clj:915)
    clojure.core$merge_with.invokeStatic (core.clj:2950)
    clojure.core$merge_with.doInvoke (core.clj:2942)
    clojure.lang.RestFn.applyTo (RestFn.java:139)
    clojure.core$apply.invokeStatic (core.clj:648)
    clojure.test$run_tests.invokeStatic (test.clj:767)
    clojure.test$run_tests.doInvoke (test.clj:767)
    clojure.lang.RestFn.applyTo (RestFn.java:137)
    clojure.core$apply.invokeStatic (core.clj:646)
    clojure.core$apply.invoke (core.clj:641)
    user$eval306$fn__361$fn__392.invoke (form-init4432374087311623207.clj:1)
    user$eval306$fn__361$fn__362.invoke (form-init4432374087311623207.clj:1)
    user$eval306$fn__361.invoke (form-init4432374087311623207.clj:1)
    user$eval306.invokeStatic (form-init4432374087311623207.clj:1)
    user$eval306.invoke (form-init4432374087311623207.clj:1)
    clojure.lang.Compiler.eval (Compiler.java:6927)
    clojure.lang.Compiler.eval (Compiler.java:6917)
    clojure.lang.Compiler.load (Compiler.java:7379)
    clojure.lang.Compiler.loadFile (Compiler.java:7317)
    clojure.main$load_script.invokeStatic (main.clj:275)
    clojure.main$init_opt.invokeStatic (main.clj:277)
    clojure.main$init_opt.invoke (main.clj:277)
    clojure.main$initialize.invokeStatic (main.clj:308)
    clojure.main$null_opt.invokeStatic (main.clj:342)
    clojure.main$null_opt.invoke (main.clj:339)
    clojure.main$main.invokeStatic (main.clj:421)
    clojure.main$main.doInvoke (main.clj:384)
    clojure.lang.RestFn.invoke (RestFn.java:421)
    clojure.lang.Var.invoke (Var.java:383)
    clojure.lang.AFn.applyToHelper (AFn.java:156)
    clojure.lang.Var.applyTo (Var.java:700)
    clojure.main.main (main.java:37)

      at: junit.clj:157</error>

        </testcase>

        <testcase classname="bowerick.test.java-interop" name="test-pooled-producer-and-consumer" time="0.0174">
          <error message="Uncaught exception, not in assertion.">Uncaught exception, not in assertion.
expected: nil
  actual: clojure.lang.ArityException: Wrong number of args (1) passed to: util/prepare-flag
 at clojure.lang.AFn.throwArity (AFn.java:429)
    clojure.lang.AFn.invoke (AFn.java:32)
    bowerick.test.java_interop$fn__1220.invokeStatic (java_interop.clj:80)
    bowerick.test.java_interop/fn (java_interop.clj:75)
    clojure.test$test_var$fn__7983.invoke (test.clj:716)
    clojure.test$test_var.invokeStatic (test.clj:716)
    clojure.test$test_var.invoke (test.clj:707)
    clojure.test$test_vars$fn__8005$fn__8010.invoke (test.clj:734)
    bowerick.test.jms_test_base$run_test.invokeStatic (jms_test_base.clj:28)
    bowerick.test.jms_test_base$run_test.invoke (jms_test_base.clj:22)
    bowerick.test.jms_test_base$single_test_fixture$fn__1120.invoke (jms_test_base.clj:34)
    bowerick.test.jms_test_base$single_test_fixture.invokeStatic (jms_test_base.clj:33)
    bowerick.test.jms_test_base$single_test_fixture.invoke (jms_test_base.clj:31)
    clojure.test$compose_fixtures$fn__7977$fn__7978.invoke (test.clj:693)
    clojure.test$default_fixture.invokeStatic (test.clj:686)
    clojure.test$default_fixture.invoke (test.clj:682)
    clojure.test$compose_fixtures$fn__7977.invoke (test.clj:693)
    clojure.test$test_vars$fn__8005.invoke (test.clj:734)
    clojure.test$default_fixture.invokeStatic (test.clj:686)
    clojure.test$default_fixture.invoke (test.clj:682)
    clojure.test$test_vars.invokeStatic (test.clj:730)
    clojure.test$test_all_vars.invokeStatic (test.clj:736)
    clojure.test$test_ns.invokeStatic (test.clj:757)
    clojure.test$test_ns.invoke (test.clj:742)
    clojure.lang.AFn.applyToHelper (AFn.java:154)
    clojure.lang.AFn.applyTo (AFn.java:144)
    clojure.core$apply.invokeStatic (core.clj:646)
    clojure.core$apply.invoke (core.clj:641)
    test2junit.core$apply_junit_output_hook$fn__220.doInvoke (core.clj:52)
    clojure.lang.RestFn.applyTo (RestFn.java:139)
    clojure.core$apply.invokeStatic (core.clj:648)
    clojure.core$apply.invoke (core.clj:641)
    robert.hooke$compose_hooks$fn__31.doInvoke (hooke.clj:40)
    clojure.lang.RestFn.applyTo (RestFn.java:137)
    clojure.core$apply.invokeStatic (core.clj:646)
    clojure.core$apply.invoke (core.clj:641)
    robert.hooke$run_hooks.invokeStatic (hooke.clj:46)
    robert.hooke$run_hooks.invoke (hooke.clj:45)
    robert.hooke$prepare_for_hooks$fn__36$fn__37.doInvoke (hooke.clj:54)
    clojure.lang.RestFn.applyTo (RestFn.java:137)
    clojure.lang.AFunction$1.doInvoke (AFunction.java:29)
    clojure.lang.RestFn.invoke (RestFn.java:408)
    clojure.core$map$fn__4785.invoke (core.clj:2646)
    clojure.lang.LazySeq.sval (LazySeq.java:40)
    clojure.lang.LazySeq.seq (LazySeq.java:49)
    clojure.lang.Cons.next (Cons.java:39)
    clojure.lang.RT.next (RT.java:688)
    clojure.core$next__4341.invokeStatic (core.clj:64)
    clojure.core$reduce1.invokeStatic (core.clj:925)
    clojure.core$reduce1.invokeStatic (core.clj:915)
    clojure.core$merge_with.invokeStatic (core.clj:2950)
    clojure.core$merge_with.doInvoke (core.clj:2942)
    clojure.lang.RestFn.applyTo (RestFn.java:139)
    clojure.core$apply.invokeStatic (core.clj:648)
    clojure.test$run_tests.invokeStatic (test.clj:767)
    clojure.test$run_tests.doInvoke (test.clj:767)
    clojure.lang.RestFn.applyTo (RestFn.java:137)
    clojure.core$apply.invokeStatic (core.clj:646)
    clojure.core$apply.invoke (core.clj:641)
    user$eval306$fn__361$fn__392.invoke (form-init4432374087311623207.clj:1)
    user$eval306$fn__361$fn__362.invoke (form-init4432374087311623207.clj:1)
    user$eval306$fn__361.invoke (form-init4432374087311623207.clj:1)
    user$eval306.invokeStatic (form-init4432374087311623207.clj:1)
    user$eval306.invoke (form-init4432374087311623207.clj:1)
    clojure.lang.Compiler.eval (Compiler.java:6927)
    clojure.lang.Compiler.eval (Compiler.java:6917)
    clojure.lang.Compiler.load (Compiler.java:7379)
    clojure.lang.Compiler.loadFile (Compiler.java:7317)
    clojure.main$load_script.invokeStatic (main.clj:275)
    clojure.main$init_opt.invokeStatic (main.clj:277)
    clojure.main$init_opt.invoke (main.clj:277)
    clojure.main$initialize.invokeStatic (main.clj:308)
    clojure.main$null_opt.invokeStatic (main.clj:342)
    clojure.main$null_opt.invoke (main.clj:339)
    clojure.main$main.invokeStatic (main.clj:421)
    clojure.main$main.doInvoke (main.clj:384)
    clojure.lang.RestFn.invoke (RestFn.java:421)
    clojure.lang.Var.invoke (Var.java:383)
    clojure.lang.AFn.applyToHelper (AFn.java:156)
    clojure.lang.Var.applyTo (Var.java:700)
    clojure.main.main (main.java:37)

      at: junit.clj:157</error>

        </testcase>

        <testcase classname="bowerick.test.java-interop" name="test-pooled-producer-and-consumer" time="0.1391">
          <error message="Uncaught exception, not in assertion.">Uncaught exception, not in assertion.
expected: nil
  actual: clojure.lang.ArityException: Wrong number of args (1) passed to: util/prepare-flag
 at clojure.lang.AFn.throwArity (AFn.java:429)
    clojure.lang.AFn.invoke (AFn.java:32)
    bowerick.test.java_interop$fn__1220.invokeStatic (java_interop.clj:80)
    bowerick.test.java_interop/fn (java_interop.clj:75)
    clojure.test$test_var$fn__7983.invoke (test.clj:716)
    clojure.test$test_var.invokeStatic (test.clj:716)
    clojure.test$test_var.invoke (test.clj:707)
    clojure.test$test_vars$fn__8005$fn__8010.invoke (test.clj:734)
    bowerick.test.jms_test_base$run_test.invokeStatic (jms_test_base.clj:28)
    bowerick.test.jms_test_base$run_test.invoke (jms_test_base.clj:22)
    bowerick.test.jms_test_base$single_test_fixture$fn__1122.invoke (jms_test_base.clj:36)
    bowerick.test.jms_test_base$single_test_fixture.invokeStatic (jms_test_base.clj:35)
    bowerick.test.jms_test_base$single_test_fixture.invoke (jms_test_base.clj:31)
    clojure.test$compose_fixtures$fn__7977$fn__7978.invoke (test.clj:693)
    clojure.test$default_fixture.invokeStatic (test.clj:686)
    clojure.test$default_fixture.invoke (test.clj:682)
    clojure.test$compose_fixtures$fn__7977.invoke (test.clj:693)
    clojure.test$test_vars$fn__8005.invoke (test.clj:734)
    clojure.test$default_fixture.invokeStatic (test.clj:686)
    clojure.test$default_fixture.invoke (test.clj:682)
    clojure.test$test_vars.invokeStatic (test.clj:730)
    clojure.test$test_all_vars.invokeStatic (test.clj:736)
    clojure.test$test_ns.invokeStatic (test.clj:757)
    clojure.test$test_ns.invoke (test.clj:742)
    clojure.lang.AFn.applyToHelper (AFn.java:154)
    clojure.lang.AFn.applyTo (AFn.java:144)
    clojure.core$apply.invokeStatic (core.clj:646)
    clojure.core$apply.invoke (core.clj:641)
    test2junit.core$apply_junit_output_hook$fn__220.doInvoke (core.clj:52)
    clojure.lang.RestFn.applyTo (RestFn.java:139)
    clojure.core$apply.invokeStatic (core.clj:648)
    clojure.core$apply.invoke (core.clj:641)
    robert.hooke$compose_hooks$fn__31.doInvoke (hooke.clj:40)
    clojure.lang.RestFn.applyTo (RestFn.java:137)
    clojure.core$apply.invokeStatic (core.clj:646)
    clojure.core$apply.invoke (core.clj:641)
    robert.hooke$run_hooks.invokeStatic (hooke.clj:46)
    robert.hooke$run_hooks.invoke (hooke.clj:45)
    robert.hooke$prepare_for_hooks$fn__36$fn__37.doInvoke (hooke.clj:54)
    clojure.lang.RestFn.applyTo (RestFn.java:137)
    clojure.lang.AFunction$1.doInvoke (AFunction.java:29)
    clojure.lang.RestFn.invoke (RestFn.java:408)
    clojure.core$map$fn__4785.invoke (core.clj:2646)
    clojure.lang.LazySeq.sval (LazySeq.java:40)
    clojure.lang.LazySeq.seq (LazySeq.java:49)
    clojure.lang.Cons.next (Cons.java:39)
    clojure.lang.RT.next (RT.java:688)
    clojure.core$next__4341.invokeStatic (core.clj:64)
    clojure.core$reduce1.invokeStatic (core.clj:925)
    clojure.core$reduce1.invokeStatic (core.clj:915)
    clojure.core$merge_with.invokeStatic (core.clj:2950)
    clojure.core$merge_with.doInvoke (core.clj:2942)
    clojure.lang.RestFn.applyTo (RestFn.java:139)
    clojure.core$apply.invokeStatic (core.clj:648)
    clojure.test$run_tests.invokeStatic (test.clj:767)
    clojure.test$run_tests.doInvoke (test.clj:767)
    clojure.lang.RestFn.applyTo (RestFn.java:137)
    clojure.core$apply.invokeStatic (core.clj:646)
    clojure.core$apply.invoke (core.clj:641)
    user$eval306$fn__361$fn__392.invoke (form-init4432374087311623207.clj:1)
    user$eval306$fn__361$fn__362.invoke (form-init4432374087311623207.clj:1)
    user$eval306$fn__361.invoke (form-init4432374087311623207.clj:1)
    user$eval306.invokeStatic (form-init4432374087311623207.clj:1)
    user$eval306.invoke (form-init4432374087311623207.clj:1)
    clojure.lang.Compiler.eval (Compiler.java:6927)
    clojure.lang.Compiler.eval (Compiler.java:6917)
    clojure.lang.Compiler.load (Compiler.java:7379)
    clojure.lang.Compiler.loadFile (Compiler.java:7317)
    clojure.main$load_script.invokeStatic (main.clj:275)
    clojure.main$init_opt.invokeStatic (main.clj:277)
    clojure.main$init_opt.invoke (main.clj:277)
    clojure.main$initialize.invokeStatic (main.clj:308)
    clojure.main$null_opt.invokeStatic (main.clj:342)
    clojure.main$null_opt.invoke (main.clj:339)
    clojure.main$main.invokeStatic (main.clj:421)
    clojure.main$main.doInvoke (main.clj:384)
    clojure.lang.RestFn.invoke (RestFn.java:421)
    clojure.lang.Var.invoke (Var.java:383)
    clojure.lang.AFn.applyToHelper (AFn.java:156)
    clojure.lang.Var.applyTo (Var.java:700)
    clojure.main.main (main.java:37)

      at: junit.clj:157</error>

        </testcase>

        <testcase classname="bowerick.test.java-interop" name="test-pooled-producer-and-consumer" time="0.1094">
          <error message="Uncaught exception, not in assertion.">Uncaught exception, not in assertion.
expected: nil
  actual: clojure.lang.ArityException: Wrong number of args (1) passed to: util/prepare-flag
 at clojure.lang.AFn.throwArity (AFn.java:429)
    clojure.lang.AFn.invoke (AFn.java:32)
    bowerick.test.java_interop$fn__1220.invokeStatic (java_interop.clj:80)
    bowerick.test.java_interop/fn (java_interop.clj:75)
    clojure.test$test_var$fn__7983.invoke (test.clj:716)
    clojure.test$test_var.invokeStatic (test.clj:716)
    clojure.test$test_var.invoke (test.clj:707)
    clojure.test$test_vars$fn__8005$fn__8010.invoke (test.clj:734)
    bowerick.test.jms_test_base$run_test.invokeStatic (jms_test_base.clj:28)
    bowerick.test.jms_test_base$run_test.invoke (jms_test_base.clj:22)
    bowerick.test.jms_test_base$single_test_fixture$fn__1124.invoke (jms_test_base.clj:42)
    bowerick.test.jms_test_base$single_test_fixture.invokeStatic (jms_test_base.clj:37)
    bowerick.test.jms_test_base$single_test_fixture.invoke (jms_test_base.clj:31)
    clojure.test$compose_fixtures$fn__7977$fn__7978.invoke (test.clj:693)
    clojure.test$default_fixture.invokeStatic (test.clj:686)
    clojure.test$default_fixture.invoke (test.clj:682)
    clojure.test$compose_fixtures$fn__7977.invoke (test.clj:693)
    clojure.test$test_vars$fn__8005.invoke (test.clj:734)
    clojure.test$default_fixture.invokeStatic (test.clj:686)
    clojure.test$default_fixture.invoke (test.clj:682)
    clojure.test$test_vars.invokeStatic (test.clj:730)
    clojure.test$test_all_vars.invokeStatic (test.clj:736)
    clojure.test$test_ns.invokeStatic (test.clj:757)
    clojure.test$test_ns.invoke (test.clj:742)
    clojure.lang.AFn.applyToHelper (AFn.java:154)
    clojure.lang.AFn.applyTo (AFn.java:144)
    clojure.core$apply.invokeStatic (core.clj:646)
    clojure.core$apply.invoke (core.clj:641)
    test2junit.core$apply_junit_output_hook$fn__220.doInvoke (core.clj:52)
    clojure.lang.RestFn.applyTo (RestFn.java:139)
    clojure.core$apply.invokeStatic (core.clj:648)
    clojure.core$apply.invoke (core.clj:641)
    robert.hooke$compose_hooks$fn__31.doInvoke (hooke.clj:40)
    clojure.lang.RestFn.applyTo (RestFn.java:137)
    clojure.core$apply.invokeStatic (core.clj:646)
    clojure.core$apply.invoke (core.clj:641)
    robert.hooke$run_hooks.invokeStatic (hooke.clj:46)
    robert.hooke$run_hooks.invoke (hooke.clj:45)
    robert.hooke$prepare_for_hooks$fn__36$fn__37.doInvoke (hooke.clj:54)
    clojure.lang.RestFn.applyTo (RestFn.java:137)
    clojure.lang.AFunction$1.doInvoke (AFunction.java:29)
    clojure.lang.RestFn.invoke (RestFn.java:408)
    clojure.core$map$fn__4785.invoke (core.clj:2646)
    clojure.lang.LazySeq.sval (LazySeq.java:40)
    clojure.lang.LazySeq.seq (LazySeq.java:49)
    clojure.lang.Cons.next (Cons.java:39)
    clojure.lang.RT.next (RT.java:688)
    clojure.core$next__4341.invokeStatic (core.clj:64)
    clojure.core$reduce1.invokeStatic (core.clj:925)
    clojure.core$reduce1.invokeStatic (core.clj:915)
    clojure.core$merge_with.invokeStatic (core.clj:2950)
    clojure.core$merge_with.doInvoke (core.clj:2942)
    clojure.lang.RestFn.applyTo (RestFn.java:139)
    clojure.core$apply.invokeStatic (core.clj:648)
    clojure.test$run_tests.invokeStatic (test.clj:767)
    clojure.test$run_tests.doInvoke (test.clj:767)
    clojure.lang.RestFn.applyTo (RestFn.java:137)
    clojure.core$apply.invokeStatic (core.clj:646)
    clojure.core$apply.invoke (core.clj:641)
    user$eval306$fn__361$fn__392.invoke (form-init4432374087311623207.clj:1)
    user$eval306$fn__361$fn__362.invoke (form-init4432374087311623207.clj:1)
    user$eval306$fn__361.invoke (form-init4432374087311623207.clj:1)
    user$eval306.invokeStatic (form-init4432374087311623207.clj:1)
    user$eval306.invoke (form-init4432374087311623207.clj:1)
    clojure.lang.Compiler.eval (Compiler.java:6927)
    clojure.lang.Compiler.eval (Compiler.java:6917)
    clojure.lang.Compiler.load (Compiler.java:7379)
    clojure.lang.Compiler.loadFile (Compiler.java:7317)
    clojure.main$load_script.invokeStatic (main.clj:275)
    clojure.main$init_opt.invokeStatic (main.clj:277)
    clojure.main$init_opt.invoke (main.clj:277)
    clojure.main$initialize.invokeStatic (main.clj:308)
    clojure.main$null_opt.invokeStatic (main.clj:342)
    clojure.main$null_opt.invoke (main.clj:339)
    clojure.main$main.invokeStatic (main.clj:421)
    clojure.main$main.doInvoke (main.clj:384)
    clojure.lang.RestFn.invoke (RestFn.java:421)
    clojure.lang.Var.invoke (Var.java:383)
    clojure.lang.AFn.applyToHelper (AFn.java:156)
    clojure.lang.Var.applyTo (Var.java:700)
    clojure.main.main (main.java:37)

      at: junit.clj:157</error>

        </testcase>

        <testcase classname="bowerick.test.java-interop" name="test-pooled-producer-and-consumer" time="0.0894">
          <error message="Uncaught exception, not in assertion.">Uncaught exception, not in assertion.
expected: nil
  actual: clojure.lang.ArityException: Wrong number of args (1) passed to: util/prepare-flag
 at clojure.lang.AFn.throwArity (AFn.java:429)
    clojure.lang.AFn.invoke (AFn.java:32)
    bowerick.test.java_interop$fn__1220.invokeStatic (java_interop.clj:80)
    bowerick.test.java_interop/fn (java_interop.clj:75)
    clojure.test$test_var$fn__7983.invoke (test.clj:716)
    clojure.test$test_var.invokeStatic (test.clj:716)
    clojure.test$test_var.invoke (test.clj:707)
    clojure.test$test_vars$fn__8005$fn__8010.invoke (test.clj:734)
    bowerick.test.jms_test_base$run_test.invokeStatic (jms_test_base.clj:28)
    bowerick.test.jms_test_base$run_test.invoke (jms_test_base.clj:22)
    bowerick.test.jms_test_base$single_test_fixture$fn__1126.invoke (jms_test_base.clj:48)
    bowerick.test.jms_test_base$single_test_fixture.invokeStatic (jms_test_base.clj:43)
    bowerick.test.jms_test_base$single_test_fixture.invoke (jms_test_base.clj:31)
    clojure.test$compose_fixtures$fn__7977$fn__7978.invoke (test.clj:693)
    clojure.test$default_fixture.invokeStatic (test.clj:686)
    clojure.test$default_fixture.invoke (test.clj:682)
    clojure.test$compose_fixtures$fn__7977.invoke (test.clj:693)
    clojure.test$test_vars$fn__8005.invoke (test.clj:734)
    clojure.test$default_fixture.invokeStatic (test.clj:686)
    clojure.test$default_fixture.invoke (test.clj:682)
    clojure.test$test_vars.invokeStatic (test.clj:730)
    clojure.test$test_all_vars.invokeStatic (test.clj:736)
    clojure.test$test_ns.invokeStatic (test.clj:757)
    clojure.test$test_ns.invoke (test.clj:742)
    clojure.lang.AFn.applyToHelper (AFn.java:154)
    clojure.lang.AFn.applyTo (AFn.java:144)
    clojure.core$apply.invokeStatic (core.clj:646)
    clojure.core$apply.invoke (core.clj:641)
    test2junit.core$apply_junit_output_hook$fn__220.doInvoke (core.clj:52)
    clojure.lang.RestFn.applyTo (RestFn.java:139)
    clojure.core$apply.invokeStatic (core.clj:648)
    clojure.core$apply.invoke (core.clj:641)
    robert.hooke$compose_hooks$fn__31.doInvoke (hooke.clj:40)
    clojure.lang.RestFn.applyTo (RestFn.java:137)
    clojure.core$apply.invokeStatic (core.clj:646)
    clojure.core$apply.invoke (core.clj:641)
    robert.hooke$run_hooks.invokeStatic (hooke.clj:46)
    robert.hooke$run_hooks.invoke (hooke.clj:45)
    robert.hooke$prepare_for_hooks$fn__36$fn__37.doInvoke (hooke.clj:54)
    clojure.lang.RestFn.applyTo (RestFn.java:137)
    clojure.lang.AFunction$1.doInvoke (AFunction.java:29)
    clojure.lang.RestFn.invoke (RestFn.java:408)
    clojure.core$map$fn__4785.invoke (core.clj:2646)
    clojure.lang.LazySeq.sval (LazySeq.java:40)
    clojure.lang.LazySeq.seq (LazySeq.java:49)
    clojure.lang.Cons.next (Cons.java:39)
    clojure.lang.RT.next (RT.java:688)
    clojure.core$next__4341.invokeStatic (core.clj:64)
    clojure.core$reduce1.invokeStatic (core.clj:925)
    clojure.core$reduce1.invokeStatic (core.clj:915)
    clojure.core$merge_with.invokeStatic (core.clj:2950)
    clojure.core$merge_with.doInvoke (core.clj:2942)
    clojure.lang.RestFn.applyTo (RestFn.java:139)
    clojure.core$apply.invokeStatic (core.clj:648)
    clojure.test$run_tests.invokeStatic (test.clj:767)
    clojure.test$run_tests.doInvoke (test.clj:767)
    clojure.lang.RestFn.applyTo (RestFn.java:137)
    clojure.core$apply.invokeStatic (core.clj:646)
    clojure.core$apply.invoke (core.clj:641)
    user$eval306$fn__361$fn__392.invoke (form-init4432374087311623207.clj:1)
    user$eval306$fn__361$fn__362.invoke (form-init4432374087311623207.clj:1)
    user$eval306$fn__361.invoke (form-init4432374087311623207.clj:1)
    user$eval306.invokeStatic (form-init4432374087311623207.clj:1)
    user$eval306.invoke (form-init4432374087311623207.clj:1)
    clojure.lang.Compiler.eval (Compiler.java:6927)
    clojure.lang.Compiler.eval (Compiler.java:6917)
    clojure.lang.Compiler.load (Compiler.java:7379)
    clojure.lang.Compiler.loadFile (Compiler.java:7317)
    clojure.main$load_script.invokeStatic (main.clj:275)
    clojure.main$init_opt.invokeStatic (main.clj:277)
    clojure.main$init_opt.invoke (main.clj:277)
    clojure.main$initialize.invokeStatic (main.clj:308)
    clojure.main$null_opt.invokeStatic (main.clj:342)
    clojure.main$null_opt.invoke (main.clj:339)
    clojure.main$main.invokeStatic (main.clj:421)
    clojure.main$main.doInvoke (main.clj:384)
    clojure.lang.RestFn.invoke (RestFn.java:421)
    clojure.lang.Var.invoke (Var.java:383)
    clojure.lang.AFn.applyToHelper (AFn.java:156)
    clojure.lang.Var.applyTo (Var.java:700)
    clojure.main.main (main.java:37)

      at: junit.clj:157</error>

        </testcase>

        <testcase classname="bowerick.test.java-interop" name="test-pooled-producer-and-consumer" time="0.0984">
          <error message="Uncaught exception, not in assertion.">Uncaught exception, not in assertion.
expected: nil
  actual: clojure.lang.ArityException: Wrong number of args (1) passed to: util/prepare-flag
 at clojure.lang.AFn.throwArity (AFn.java:429)
    clojure.lang.AFn.invoke (AFn.java:32)
    bowerick.test.java_interop$fn__1220.invokeStatic (java_interop.clj:80)
    bowerick.test.java_interop/fn (java_interop.clj:75)
    clojure.test$test_var$fn__7983.invoke (test.clj:716)
    clojure.test$test_var.invokeStatic (test.clj:716)
    clojure.test$test_var.invoke (test.clj:707)
    clojure.test$test_vars$fn__8005$fn__8010.invoke (test.clj:734)
    bowerick.test.jms_test_base$run_test.invokeStatic (jms_test_base.clj:28)
    bowerick.test.jms_test_base$run_test.invoke (jms_test_base.clj:22)
    bowerick.test.jms_test_base$single_test_fixture$fn__1128.invoke (jms_test_base.clj:54)
    bowerick.test.jms_test_base$single_test_fixture.invokeStatic (jms_test_base.clj:49)
    bowerick.test.jms_test_base$single_test_fixture.invoke (jms_test_base.clj:31)
    clojure.test$compose_fixtures$fn__7977$fn__7978.invoke (test.clj:693)
    clojure.test$default_fixture.invokeStatic (test.clj:686)
    clojure.test$default_fixture.invoke (test.clj:682)
    clojure.test$compose_fixtures$fn__7977.invoke (test.clj:693)
    clojure.test$test_vars$fn__8005.invoke (test.clj:734)
    clojure.test$default_fixture.invokeStatic (test.clj:686)
    clojure.test$default_fixture.invoke (test.clj:682)
    clojure.test$test_vars.invokeStatic (test.clj:730)
    clojure.test$test_all_vars.invokeStatic (test.clj:736)
    clojure.test$test_ns.invokeStatic (test.clj:757)
    clojure.test$test_ns.invoke (test.clj:742)
    clojure.lang.AFn.applyToHelper (AFn.java:154)
    clojure.lang.AFn.applyTo (AFn.java:144)
    clojure.core$apply.invokeStatic (core.clj:646)
    clojure.core$apply.invoke (core.clj:641)
    test2junit.core$apply_junit_output_hook$fn__220.doInvoke (core.clj:52)
    clojure.lang.RestFn.applyTo (RestFn.java:139)
    clojure.core$apply.invokeStatic (core.clj:648)
    clojure.core$apply.invoke (core.clj:641)
    robert.hooke$compose_hooks$fn__31.doInvoke (hooke.clj:40)
    clojure.lang.RestFn.applyTo (RestFn.java:137)
    clojure.core$apply.invokeStatic (core.clj:646)
    clojure.core$apply.invoke (core.clj:641)
    robert.hooke$run_hooks.invokeStatic (hooke.clj:46)
    robert.hooke$run_hooks.invoke (hooke.clj:45)
    robert.hooke$prepare_for_hooks$fn__36$fn__37.doInvoke (hooke.clj:54)
    clojure.lang.RestFn.applyTo (RestFn.java:137)
    clojure.lang.AFunction$1.doInvoke (AFunction.java:29)
    clojure.lang.RestFn.invoke (RestFn.java:408)
    clojure.core$map$fn__4785.invoke (core.clj:2646)
    clojure.lang.LazySeq.sval (LazySeq.java:40)
    clojure.lang.LazySeq.seq (LazySeq.java:49)
    clojure.lang.Cons.next (Cons.java:39)
    clojure.lang.RT.next (RT.java:688)
    clojure.core$next__4341.invokeStatic (core.clj:64)
    clojure.core$reduce1.invokeStatic (core.clj:925)
    clojure.core$reduce1.invokeStatic (core.clj:915)
    clojure.core$merge_with.invokeStatic (core.clj:2950)
    clojure.core$merge_with.doInvoke (core.clj:2942)
    clojure.lang.RestFn.applyTo (RestFn.java:139)
    clojure.core$apply.invokeStatic (core.clj:648)
    clojure.test$run_tests.invokeStatic (test.clj:767)
    clojure.test$run_tests.doInvoke (test.clj:767)
    clojure.lang.RestFn.applyTo (RestFn.java:137)
    clojure.core$apply.invokeStatic (core.clj:646)
    clojure.core$apply.invoke (core.clj:641)
    user$eval306$fn__361$fn__392.invoke (form-init4432374087311623207.clj:1)
    user$eval306$fn__361$fn__362.invoke (form-init4432374087311623207.clj:1)
    user$eval306$fn__361.invoke (form-init4432374087311623207.clj:1)
    user$eval306.invokeStatic (form-init4432374087311623207.clj:1)
    user$eval306.invoke (form-init4432374087311623207.clj:1)
    clojure.lang.Compiler.eval (Compiler.java:6927)
    clojure.lang.Compiler.eval (Compiler.java:6917)
    clojure.lang.Compiler.load (Compiler.java:7379)
    clojure.lang.Compiler.loadFile (Compiler.java:7317)
    clojure.main$load_script.invokeStatic (main.clj:275)
    clojure.main$init_opt.invokeStatic (main.clj:277)
    clojure.main$init_opt.invoke (main.clj:277)
    clojure.main$initialize.invokeStatic (main.clj:308)
    clojure.main$null_opt.invokeStatic (main.clj:342)
    clojure.main$null_opt.invoke (main.clj:339)
    clojure.main$main.invokeStatic (main.clj:421)
    clojure.main$main.doInvoke (main.clj:384)
    clojure.lang.RestFn.invoke (RestFn.java:421)
    clojure.lang.Var.invoke (Var.java:383)
    clojure.lang.AFn.applyToHelper (AFn.java:156)
    clojure.lang.Var.applyTo (Var.java:700)
    clojure.main.main (main.java:37)

      at: junit.clj:157</error>

        </testcase>

        <testcase classname="bowerick.test.java-interop" name="test-pooled-producer-and-consumer" time="0.0962">
          <error message="Uncaught exception, not in assertion.">Uncaught exception, not in assertion.
expected: nil
  actual: clojure.lang.ArityException: Wrong number of args (1) passed to: util/prepare-flag
 at clojure.lang.AFn.throwArity (AFn.java:429)
    clojure.lang.AFn.invoke (AFn.java:32)
    bowerick.test.java_interop$fn__1220.invokeStatic (java_interop.clj:80)
    bowerick.test.java_interop/fn (java_interop.clj:75)
    clojure.test$test_var$fn__7983.invoke (test.clj:716)
    clojure.test$test_var.invokeStatic (test.clj:716)
    clojure.test$test_var.invoke (test.clj:707)
    clojure.test$test_vars$fn__8005$fn__8010.invoke (test.clj:734)
    bowerick.test.jms_test_base$run_test.invokeStatic (jms_test_base.clj:28)
    bowerick.test.jms_test_base$run_test.invoke (jms_test_base.clj:22)
    bowerick.test.jms_test_base$single_test_fixture.invokeStatic (jms_test_base.clj:60)
    bowerick.test.jms_test_base$single_test_fixture.invoke (jms_test_base.clj:31)
    clojure.test$compose_fixtures$fn__7977$fn__7978.invoke (test.clj:693)
    clojure.test$default_fixture.invokeStatic (test.clj:686)
    clojure.test$default_fixture.invoke (test.clj:682)
    clojure.test$compose_fixtures$fn__7977.invoke (test.clj:693)
    clojure.test$test_vars$fn__8005.invoke (test.clj:734)
    clojure.test$default_fixture.invokeStatic (test.clj:686)
    clojure.test$default_fixture.invoke (test.clj:682)
    clojure.test$test_vars.invokeStatic (test.clj:730)
    clojure.test$test_all_vars.invokeStatic (test.clj:736)
    clojure.test$test_ns.invokeStatic (test.clj:757)
    clojure.test$test_ns.invoke (test.clj:742)
    clojure.lang.AFn.applyToHelper (AFn.java:154)
    clojure.lang.AFn.applyTo (AFn.java:144)
    clojure.core$apply.invokeStatic (core.clj:646)
    clojure.core$apply.invoke (core.clj:641)
    test2junit.core$apply_junit_output_hook$fn__220.doInvoke (core.clj:52)
    clojure.lang.RestFn.applyTo (RestFn.java:139)
    clojure.core$apply.invokeStatic (core.clj:648)
    clojure.core$apply.invoke (core.clj:641)
    robert.hooke$compose_hooks$fn__31.doInvoke (hooke.clj:40)
    clojure.lang.RestFn.applyTo (RestFn.java:137)
    clojure.core$apply.invokeStatic (core.clj:646)
    clojure.core$apply.invoke (core.clj:641)
    robert.hooke$run_hooks.invokeStatic (hooke.clj:46)
    robert.hooke$run_hooks.invoke (hooke.clj:45)
    robert.hooke$prepare_for_hooks$fn__36$fn__37.doInvoke (hooke.clj:54)
    clojure.lang.RestFn.applyTo (RestFn.java:137)
    clojure.lang.AFunction$1.doInvoke (AFunction.java:29)
    clojure.lang.RestFn.invoke (RestFn.java:408)
    clojure.core$map$fn__4785.invoke (core.clj:2646)
    clojure.lang.LazySeq.sval (LazySeq.java:40)
    clojure.lang.LazySeq.seq (LazySeq.java:49)
    clojure.lang.Cons.next (Cons.java:39)
    clojure.lang.RT.next (RT.java:688)
    clojure.core$next__4341.invokeStatic (core.clj:64)
    clojure.core$reduce1.invokeStatic (core.clj:925)
    clojure.core$reduce1.invokeStatic (core.clj:915)
    clojure.core$merge_with.invokeStatic (core.clj:2950)
    clojure.core$merge_with.doInvoke (core.clj:2942)
    clojure.lang.RestFn.applyTo (RestFn.java:139)
    clojure.core$apply.invokeStatic (core.clj:648)
    clojure.test$run_tests.invokeStatic (test.clj:767)
    clojure.test$run_tests.doInvoke (test.clj:767)
    clojure.lang.RestFn.applyTo (RestFn.java:137)
    clojure.core$apply.invokeStatic (core.clj:646)
    clojure.core$apply.invoke (core.clj:641)
    user$eval306$fn__361$fn__392.invoke (form-init4432374087311623207.clj:1)
    user$eval306$fn__361$fn__362.invoke (form-init4432374087311623207.clj:1)
    user$eval306$fn__361.invoke (form-init4432374087311623207.clj:1)
    user$eval306.invokeStatic (form-init4432374087311623207.clj:1)
    user$eval306.invoke (form-init4432374087311623207.clj:1)
    clojure.lang.Compiler.eval (Compiler.java:6927)
    clojure.lang.Compiler.eval (Compiler.java:6917)
    clojure.lang.Compiler.load (Compiler.java:7379)
    clojure.lang.Compiler.loadFile (Compiler.java:7317)
    clojure.main$load_script.invokeStatic (main.clj:275)
    clojure.main$init_opt.invokeStatic (main.clj:277)
    clojure.main$init_opt.invoke (main.clj:277)
    clojure.main$initialize.invokeStatic (main.clj:308)
    clojure.main$null_opt.invokeStatic (main.clj:342)
    clojure.main$null_opt.invoke (main.clj:339)
    clojure.main$main.invokeStatic (main.clj:421)
    clojure.main$main.doInvoke (main.clj:384)
    clojure.lang.RestFn.invoke (RestFn.java:421)
    clojure.lang.Var.invoke (Var.java:383)
    clojure.lang.AFn.applyToHelper (AFn.java:156)
    clojure.lang.Var.applyTo (Var.java:700)
    clojure.main.main (main.java:37)

      at: junit.clj:157</error>

        </testcase>

        <testcase classname="bowerick.test.java-interop" name="test-create-producer" time="0.0052">
    </testcase>

        <testcase classname="bowerick.test.java-interop" name="test-create-producer" time="0.0038">
    </testcase>

        <testcase classname="bowerick.test.java-interop" name="test-create-producer" time="0.0047">
    </testcase>

        <testcase classname="bowerick.test.java-interop" name="test-create-producer" time="0.0758">
    </testcase>

        <testcase classname="bowerick.test.java-interop" name="test-create-producer" time="0.0833">
    </testcase>

        <testcase classname="bowerick.test.java-interop" name="test-create-producer" time="0.0887">
    </testcase>

        <testcase classname="bowerick.test.java-interop" name="test-create-producer" time="0.0905">
    </testcase>

        <testcase classname="bowerick.test.java-interop" name="test-create-controller" time="0.0003">
    </testcase>

        <testcase classname="bowerick.test.java-interop" name="test-create-controller" time="0.0002">
    </testcase>

        <testcase classname="bowerick.test.java-interop" name="test-create-controller" time="0.0002">
    </testcase>

        <testcase classname="bowerick.test.java-interop" name="test-create-controller" time="0.0002">
    </testcase>

        <testcase classname="bowerick.test.java-interop" name="test-create-controller" time="0.0002">
    </testcase>

        <testcase classname="bowerick.test.java-interop" name="test-create-controller" time="0.0002">
    </testcase>

        <testcase classname="bowerick.test.java-interop" name="test-create-controller" time="0.0003">
    </testcase>

        <testcase classname="bowerick.test.java-interop" name="test-start-stop-embedded-broker" time="0.0036">
    </testcase>

        <testcase classname="bowerick.test.java-interop" name="test-start-stop-embedded-broker" time="0.0020">
    </testcase>

        <testcase classname="bowerick.test.java-interop" name="test-start-stop-embedded-broker" time="0.0017">
    </testcase>

        <testcase classname="bowerick.test.java-interop" name="test-start-stop-embedded-broker" time="0.0028">
    </testcase>

        <testcase classname="bowerick.test.java-interop" name="test-start-stop-embedded-broker" time="0.0027">
    </testcase>

        <testcase classname="bowerick.test.java-interop" name="test-start-stop-embedded-broker" time="0.0032">
    </testcase>

        <testcase classname="bowerick.test.java-interop" name="test-start-stop-embedded-broker" time="0.0023">
    </testcase>

        <testcase classname="bowerick.test.java-interop" name="test-start-stop-embedded-broker-with-data-exchange" time="0.0227">
    </testcase>

        <testcase classname="bowerick.test.java-interop" name="test-start-stop-embedded-broker-with-data-exchange" time="0.0115">
    </testcase>

        <testcase classname="bowerick.test.java-interop" name="test-start-stop-embedded-broker-with-data-exchange" time="0.0107">
    </testcase>

        <testcase classname="bowerick.test.java-interop" name="test-start-stop-embedded-broker-with-data-exchange" time="0.0144">
    </testcase>

        <testcase classname="bowerick.test.java-interop" name="test-start-stop-embedded-broker-with-data-exchange" time="0.0153">
    </testcase>

        <testcase classname="bowerick.test.java-interop" name="test-start-stop-embedded-broker-with-data-exchange" time="0.0121">
    </testcase>

        <testcase classname="bowerick.test.java-interop" name="test-start-stop-embedded-broker-with-data-exchange" time="0.0134">
    </testcase>

        <testcase classname="bowerick.test.java-interop" name="test-pooled-carbonite-lzf-producer-and-consumer" time="0.0308">
          <error message="Uncaught exception, not in assertion.">Uncaught exception, not in assertion.
expected: nil
  actual: clojure.lang.ArityException: Wrong number of args (1) passed to: util/prepare-flag
 at clojure.lang.AFn.throwArity (AFn.java:429)
    clojure.lang.AFn.invoke (AFn.java:32)
    bowerick.test.java_interop$fn__1256.invokeStatic (java_interop.clj:126)
    bowerick.test.java_interop/fn (java_interop.clj:121)
    clojure.test$test_var$fn__7983.invoke (test.clj:716)
    clojure.test$test_var.invokeStatic (test.clj:716)
    clojure.test$test_var.invoke (test.clj:707)
    clojure.test$test_vars$fn__8005$fn__8010.invoke (test.clj:734)
    bowerick.test.jms_test_base$run_test.invokeStatic (jms_test_base.clj:28)
    bowerick.test.jms_test_base$run_test.invoke (jms_test_base.clj:22)
    bowerick.test.jms_test_base$single_test_fixture.invokeStatic (jms_test_base.clj:32)
    bowerick.test.jms_test_base$single_test_fixture.invoke (jms_test_base.clj:31)
    clojure.test$compose_fixtures$fn__7977$fn__7978.invoke (test.clj:693)
    clojure.test$default_fixture.invokeStatic (test.clj:686)
    clojure.test$default_fixture.invoke (test.clj:682)
    clojure.test$compose_fixtures$fn__7977.invoke (test.clj:693)
    clojure.test$test_vars$fn__8005.invoke (test.clj:734)
    clojure.test$default_fixture.invokeStatic (test.clj:686)
    clojure.test$default_fixture.invoke (test.clj:682)
    clojure.test$test_vars.invokeStatic (test.clj:730)
    clojure.test$test_all_vars.invokeStatic (test.clj:736)
    clojure.test$test_ns.invokeStatic (test.clj:757)
    clojure.test$test_ns.invoke (test.clj:742)
    clojure.lang.AFn.applyToHelper (AFn.java:154)
    clojure.lang.AFn.applyTo (AFn.java:144)
    clojure.core$apply.invokeStatic (core.clj:646)
    clojure.core$apply.invoke (core.clj:641)
    test2junit.core$apply_junit_output_hook$fn__220.doInvoke (core.clj:52)
    clojure.lang.RestFn.applyTo (RestFn.java:139)
    clojure.core$apply.invokeStatic (core.clj:648)
    clojure.core$apply.invoke (core.clj:641)
    robert.hooke$compose_hooks$fn__31.doInvoke (hooke.clj:40)
    clojure.lang.RestFn.applyTo (RestFn.java:137)
    clojure.core$apply.invokeStatic (core.clj:646)
    clojure.core$apply.invoke (core.clj:641)
    robert.hooke$run_hooks.invokeStatic (hooke.clj:46)
    robert.hooke$run_hooks.invoke (hooke.clj:45)
    robert.hooke$prepare_for_hooks$fn__36$fn__37.doInvoke (hooke.clj:54)
    clojure.lang.RestFn.applyTo (RestFn.java:137)
    clojure.lang.AFunction$1.doInvoke (AFunction.java:29)
    clojure.lang.RestFn.invoke (RestFn.java:408)
    clojure.core$map$fn__4785.invoke (core.clj:2646)
    clojure.lang.LazySeq.sval (LazySeq.java:40)
    clojure.lang.LazySeq.seq (LazySeq.java:49)
    clojure.lang.Cons.next (Cons.java:39)
    clojure.lang.RT.next (RT.java:688)
    clojure.core$next__4341.invokeStatic (core.clj:64)
    clojure.core$reduce1.invokeStatic (core.clj:925)
    clojure.core$reduce1.invokeStatic (core.clj:915)
    clojure.core$merge_with.invokeStatic (core.clj:2950)
    clojure.core$merge_with.doInvoke (core.clj:2942)
    clojure.lang.RestFn.applyTo (RestFn.java:139)
    clojure.core$apply.invokeStatic (core.clj:648)
    clojure.test$run_tests.invokeStatic (test.clj:767)
    clojure.test$run_tests.doInvoke (test.clj:767)
    clojure.lang.RestFn.applyTo (RestFn.java:137)
    clojure.core$apply.invokeStatic (core.clj:646)
    clojure.core$apply.invoke (core.clj:641)
    user$eval306$fn__361$fn__392.invoke (form-init4432374087311623207.clj:1)
    user$eval306$fn__361$fn__362.invoke (form-init4432374087311623207.clj:1)
    user$eval306$fn__361.invoke (form-init4432374087311623207.clj:1)
    user$eval306.invokeStatic (form-init4432374087311623207.clj:1)
    user$eval306.invoke (form-init4432374087311623207.clj:1)
    clojure.lang.Compiler.eval (Compiler.java:6927)
    clojure.lang.Compiler.eval (Compiler.java:6917)
    clojure.lang.Compiler.load (Compiler.java:7379)
    clojure.lang.Compiler.loadFile (Compiler.java:7317)
    clojure.main$load_script.invokeStatic (main.clj:275)
    clojure.main$init_opt.invokeStatic (main.clj:277)
    clojure.main$init_opt.invoke (main.clj:277)
    clojure.main$initialize.invokeStatic (main.clj:308)
    clojure.main$null_opt.invokeStatic (main.clj:342)
    clojure.main$null_opt.invoke (main.clj:339)
    clojure.main$main.invokeStatic (main.clj:421)
    clojure.main$main.doInvoke (main.clj:384)
    clojure.lang.RestFn.invoke (RestFn.java:421)
    clojure.lang.Var.invoke (Var.java:383)
    clojure.lang.AFn.applyToHelper (AFn.java:156)
    clojure.lang.Var.applyTo (Var.java:700)
    clojure.main.main (main.java:37)

      at: junit.clj:157</error>

        </testcase>

        <testcase classname="bowerick.test.java-interop" name="test-pooled-carbonite-lzf-producer-and-consumer" time="0.0089">
          <error message="Uncaught exception, not in assertion.">Uncaught exception, not in assertion.
expected: nil
  actual: clojure.lang.ArityException: Wrong number of args (1) passed to: util/prepare-flag
 at clojure.lang.AFn.throwArity (AFn.java:429)
    clojure.lang.AFn.invoke (AFn.java:32)
    bowerick.test.java_interop$fn__1256.invokeStatic (java_interop.clj:126)
    bowerick.test.java_interop/fn (java_interop.clj:121)
    clojure.test$test_var$fn__7983.invoke (test.clj:716)
    clojure.test$test_var.invokeStatic (test.clj:716)
    clojure.test$test_var.invoke (test.clj:707)
    clojure.test$test_vars$fn__8005$fn__8010.invoke (test.clj:734)
    bowerick.test.jms_test_base$run_test.invokeStatic (jms_test_base.clj:28)
    bowerick.test.jms_test_base$run_test.invoke (jms_test_base.clj:22)
    bowerick.test.jms_test_base$single_test_fixture$fn__1120.invoke (jms_test_base.clj:34)
    bowerick.test.jms_test_base$single_test_fixture.invokeStatic (jms_test_base.clj:33)
    bowerick.test.jms_test_base$single_test_fixture.invoke (jms_test_base.clj:31)
    clojure.test$compose_fixtures$fn__7977$fn__7978.invoke (test.clj:693)
    clojure.test$default_fixture.invokeStatic (test.clj:686)
    clojure.test$default_fixture.invoke (test.clj:682)
    clojure.test$compose_fixtures$fn__7977.invoke (test.clj:693)
    clojure.test$test_vars$fn__8005.invoke (test.clj:734)
    clojure.test$default_fixture.invokeStatic (test.clj:686)
    clojure.test$default_fixture.invoke (test.clj:682)
    clojure.test$test_vars.invokeStatic (test.clj:730)
    clojure.test$test_all_vars.invokeStatic (test.clj:736)
    clojure.test$test_ns.invokeStatic (test.clj:757)
    clojure.test$test_ns.invoke (test.clj:742)
    clojure.lang.AFn.applyToHelper (AFn.java:154)
    clojure.lang.AFn.applyTo (AFn.java:144)
    clojure.core$apply.invokeStatic (core.clj:646)
    clojure.core$apply.invoke (core.clj:641)
    test2junit.core$apply_junit_output_hook$fn__220.doInvoke (core.clj:52)
    clojure.lang.RestFn.applyTo (RestFn.java:139)
    clojure.core$apply.invokeStatic (core.clj:648)
    clojure.core$apply.invoke (core.clj:641)
    robert.hooke$compose_hooks$fn__31.doInvoke (hooke.clj:40)
    clojure.lang.RestFn.applyTo (RestFn.java:137)
    clojure.core$apply.invokeStatic (core.clj:646)
    clojure.core$apply.invoke (core.clj:641)
    robert.hooke$run_hooks.invokeStatic (hooke.clj:46)
    robert.hooke$run_hooks.invoke (hooke.clj:45)
    robert.hooke$prepare_for_hooks$fn__36$fn__37.doInvoke (hooke.clj:54)
    clojure.lang.RestFn.applyTo (RestFn.java:137)
    clojure.lang.AFunction$1.doInvoke (AFunction.java:29)
    clojure.lang.RestFn.invoke (RestFn.java:408)
    clojure.core$map$fn__4785.invoke (core.clj:2646)
    clojure.lang.LazySeq.sval (LazySeq.java:40)
    clojure.lang.LazySeq.seq (LazySeq.java:49)
    clojure.lang.Cons.next (Cons.java:39)
    clojure.lang.RT.next (RT.java:688)
    clojure.core$next__4341.invokeStatic (core.clj:64)
    clojure.core$reduce1.invokeStatic (core.clj:925)
    clojure.core$reduce1.invokeStatic (core.clj:915)
    clojure.core$merge_with.invokeStatic (core.clj:2950)
    clojure.core$merge_with.doInvoke (core.clj:2942)
    clojure.lang.RestFn.applyTo (RestFn.java:139)
    clojure.core$apply.invokeStatic (core.clj:648)
    clojure.test$run_tests.invokeStatic (test.clj:767)
    clojure.test$run_tests.doInvoke (test.clj:767)
    clojure.lang.RestFn.applyTo (RestFn.java:137)
    clojure.core$apply.invokeStatic (core.clj:646)
    clojure.core$apply.invoke (core.clj:641)
    user$eval306$fn__361$fn__392.invoke (form-init4432374087311623207.clj:1)
    user$eval306$fn__361$fn__362.invoke (form-init4432374087311623207.clj:1)
    user$eval306$fn__361.invoke (form-init4432374087311623207.clj:1)
    user$eval306.invokeStatic (form-init4432374087311623207.clj:1)
    user$eval306.invoke (form-init4432374087311623207.clj:1)
    clojure.lang.Compiler.eval (Compiler.java:6927)
    clojure.lang.Compiler.eval (Compiler.java:6917)
    clojure.lang.Compiler.load (Compiler.java:7379)
    clojure.lang.Compiler.loadFile (Compiler.java:7317)
    clojure.main$load_script.invokeStatic (main.clj:275)
    clojure.main$init_opt.invokeStatic (main.clj:277)
    clojure.main$init_opt.invoke (main.clj:277)
    clojure.main$initialize.invokeStatic (main.clj:308)
    clojure.main$null_opt.invokeStatic (main.clj:342)
    clojure.main$null_opt.invoke (main.clj:339)
    clojure.main$main.invokeStatic (main.clj:421)
    clojure.main$main.doInvoke (main.clj:384)
    clojure.lang.RestFn.invoke (RestFn.java:421)
    clojure.lang.Var.invoke (Var.java:383)
    clojure.lang.AFn.applyToHelper (AFn.java:156)
    clojure.lang.Var.applyTo (Var.java:700)
    clojure.main.main (main.java:37)

      at: junit.clj:157</error>

        </testcase>

        <testcase classname="bowerick.test.java-interop" name="test-pooled-carbonite-lzf-producer-and-consumer" time="0.0094">
          <error message="Uncaught exception, not in assertion.">Uncaught exception, not in assertion.
expected: nil
  actual: clojure.lang.ArityException: Wrong number of args (1) passed to: util/prepare-flag
 at clojure.lang.AFn.throwArity (AFn.java:429)
    clojure.lang.AFn.invoke (AFn.java:32)
    bowerick.test.java_interop$fn__1256.invokeStatic (java_interop.clj:126)
    bowerick.test.java_interop/fn (java_interop.clj:121)
    clojure.test$test_var$fn__7983.invoke (test.clj:716)
    clojure.test$test_var.invokeStatic (test.clj:716)
    clojure.test$test_var.invoke (test.clj:707)
    clojure.test$test_vars$fn__8005$fn__8010.invoke (test.clj:734)
    bowerick.test.jms_test_base$run_test.invokeStatic (jms_test_base.clj:28)
    bowerick.test.jms_test_base$run_test.invoke (jms_test_base.clj:22)
    bowerick.test.jms_test_base$single_test_fixture$fn__1122.invoke (jms_test_base.clj:36)
    bowerick.test.jms_test_base$single_test_fixture.invokeStatic (jms_test_base.clj:35)
    bowerick.test.jms_test_base$single_test_fixture.invoke (jms_test_base.clj:31)
    clojure.test$compose_fixtures$fn__7977$fn__7978.invoke (test.clj:693)
    clojure.test$default_fixture.invokeStatic (test.clj:686)
    clojure.test$default_fixture.invoke (test.clj:682)
    clojure.test$compose_fixtures$fn__7977.invoke (test.clj:693)
    clojure.test$test_vars$fn__8005.invoke (test.clj:734)
    clojure.test$default_fixture.invokeStatic (test.clj:686)
    clojure.test$default_fixture.invoke (test.clj:682)
    clojure.test$test_vars.invokeStatic (test.clj:730)
    clojure.test$test_all_vars.invokeStatic (test.clj:736)
    clojure.test$test_ns.invokeStatic (test.clj:757)
    clojure.test$test_ns.invoke (test.clj:742)
    clojure.lang.AFn.applyToHelper (AFn.java:154)
    clojure.lang.AFn.applyTo (AFn.java:144)
    clojure.core$apply.invokeStatic (core.clj:646)
    clojure.core$apply.invoke (core.clj:641)
    test2junit.core$apply_junit_output_hook$fn__220.doInvoke (core.clj:52)
    clojure.lang.RestFn.applyTo (RestFn.java:139)
    clojure.core$apply.invokeStatic (core.clj:648)
    clojure.core$apply.invoke (core.clj:641)
    robert.hooke$compose_hooks$fn__31.doInvoke (hooke.clj:40)
    clojure.lang.RestFn.applyTo (RestFn.java:137)
    clojure.core$apply.invokeStatic (core.clj:646)
    clojure.core$apply.invoke (core.clj:641)
    robert.hooke$run_hooks.invokeStatic (hooke.clj:46)
    robert.hooke$run_hooks.invoke (hooke.clj:45)
    robert.hooke$prepare_for_hooks$fn__36$fn__37.doInvoke (hooke.clj:54)
    clojure.lang.RestFn.applyTo (RestFn.java:137)
    clojure.lang.AFunction$1.doInvoke (AFunction.java:29)
    clojure.lang.RestFn.invoke (RestFn.java:408)
    clojure.core$map$fn__4785.invoke (core.clj:2646)
    clojure.lang.LazySeq.sval (LazySeq.java:40)
    clojure.lang.LazySeq.seq (LazySeq.java:49)
    clojure.lang.Cons.next (Cons.java:39)
    clojure.lang.RT.next (RT.java:688)
    clojure.core$next__4341.invokeStatic (core.clj:64)
    clojure.core$reduce1.invokeStatic (core.clj:925)
    clojure.core$reduce1.invokeStatic (core.clj:915)
    clojure.core$merge_with.invokeStatic (core.clj:2950)
    clojure.core$merge_with.doInvoke (core.clj:2942)
    clojure.lang.RestFn.applyTo (RestFn.java:139)
    clojure.core$apply.invokeStatic (core.clj:648)
    clojure.test$run_tests.invokeStatic (test.clj:767)
    clojure.test$run_tests.doInvoke (test.clj:767)
    clojure.lang.RestFn.applyTo (RestFn.java:137)
    clojure.core$apply.invokeStatic (core.clj:646)
    clojure.core$apply.invoke (core.clj:641)
    user$eval306$fn__361$fn__392.invoke (form-init4432374087311623207.clj:1)
    user$eval306$fn__361$fn__362.invoke (form-init4432374087311623207.clj:1)
    user$eval306$fn__361.invoke (form-init4432374087311623207.clj:1)
    user$eval306.invokeStatic (form-init4432374087311623207.clj:1)
    user$eval306.invoke (form-init4432374087311623207.clj:1)
    clojure.lang.Compiler.eval (Compiler.java:6927)
    clojure.lang.Compiler.eval (Compiler.java:6917)
    clojure.lang.Compiler.load (Compiler.java:7379)
    clojure.lang.Compiler.loadFile (Compiler.java:7317)
    clojure.main$load_script.invokeStatic (main.clj:275)
    clojure.main$init_opt.invokeStatic (main.clj:277)
    clojure.main$init_opt.invoke (main.clj:277)
    clojure.main$initialize.invokeStatic (main.clj:308)
    clojure.main$null_opt.invokeStatic (main.clj:342)
    clojure.main$null_opt.invoke (main.clj:339)
    clojure.main$main.invokeStatic (main.clj:421)
    clojure.main$main.doInvoke (main.clj:384)
    clojure.lang.RestFn.invoke (RestFn.java:421)
    clojure.lang.Var.invoke (Var.java:383)
    clojure.lang.AFn.applyToHelper (AFn.java:156)
    clojure.lang.Var.applyTo (Var.java:700)
    clojure.main.main (main.java:37)

      at: junit.clj:157</error>

        </testcase>

        <testcase classname="bowerick.test.java-interop" name="test-pooled-carbonite-lzf-producer-and-consumer" time="0.0730">
          <error message="Uncaught exception, not in assertion.">Uncaught exception, not in assertion.
expected: nil
  actual: clojure.lang.ArityException: Wrong number of args (1) passed to: util/prepare-flag
 at clojure.lang.AFn.throwArity (AFn.java:429)
    clojure.lang.AFn.invoke (AFn.java:32)
    bowerick.test.java_interop$fn__1256.invokeStatic (java_interop.clj:126)
    bowerick.test.java_interop/fn (java_interop.clj:121)
    clojure.test$test_var$fn__7983.invoke (test.clj:716)
    clojure.test$test_var.invokeStatic (test.clj:716)
    clojure.test$test_var.invoke (test.clj:707)
    clojure.test$test_vars$fn__8005$fn__8010.invoke (test.clj:734)
    bowerick.test.jms_test_base$run_test.invokeStatic (jms_test_base.clj:28)
    bowerick.test.jms_test_base$run_test.invoke (jms_test_base.clj:22)
    bowerick.test.jms_test_base$single_test_fixture$fn__1124.invoke (jms_test_base.clj:42)
    bowerick.test.jms_test_base$single_test_fixture.invokeStatic (jms_test_base.clj:37)
    bowerick.test.jms_test_base$single_test_fixture.invoke (jms_test_base.clj:31)
    clojure.test$compose_fixtures$fn__7977$fn__7978.invoke (test.clj:693)
    clojure.test$default_fixture.invokeStatic (test.clj:686)
    clojure.test$default_fixture.invoke (test.clj:682)
    clojure.test$compose_fixtures$fn__7977.invoke (test.clj:693)
    clojure.test$test_vars$fn__8005.invoke (test.clj:734)
    clojure.test$default_fixture.invokeStatic (test.clj:686)
    clojure.test$default_fixture.invoke (test.clj:682)
    clojure.test$test_vars.invokeStatic (test.clj:730)
    clojure.test$test_all_vars.invokeStatic (test.clj:736)
    clojure.test$test_ns.invokeStatic (test.clj:757)
    clojure.test$test_ns.invoke (test.clj:742)
    clojure.lang.AFn.applyToHelper (AFn.java:154)
    clojure.lang.AFn.applyTo (AFn.java:144)
    clojure.core$apply.invokeStatic (core.clj:646)
    clojure.core$apply.invoke (core.clj:641)
    test2junit.core$apply_junit_output_hook$fn__220.doInvoke (core.clj:52)
    clojure.lang.RestFn.applyTo (RestFn.java:139)
    clojure.core$apply.invokeStatic (core.clj:648)
    clojure.core$apply.invoke (core.clj:641)
    robert.hooke$compose_hooks$fn__31.doInvoke (hooke.clj:40)
    clojure.lang.RestFn.applyTo (RestFn.java:137)
    clojure.core$apply.invokeStatic (core.clj:646)
    clojure.core$apply.invoke (core.clj:641)
    robert.hooke$run_hooks.invokeStatic (hooke.clj:46)
    robert.hooke$run_hooks.invoke (hooke.clj:45)
    robert.hooke$prepare_for_hooks$fn__36$fn__37.doInvoke (hooke.clj:54)
    clojure.lang.RestFn.applyTo (RestFn.java:137)
    clojure.lang.AFunction$1.doInvoke (AFunction.java:29)
    clojure.lang.RestFn.invoke (RestFn.java:408)
    clojure.core$map$fn__4785.invoke (core.clj:2646)
    clojure.lang.LazySeq.sval (LazySeq.java:40)
    clojure.lang.LazySeq.seq (LazySeq.java:49)
    clojure.lang.Cons.next (Cons.java:39)
    clojure.lang.RT.next (RT.java:688)
    clojure.core$next__4341.invokeStatic (core.clj:64)
    clojure.core$reduce1.invokeStatic (core.clj:925)
    clojure.core$reduce1.invokeStatic (core.clj:915)
    clojure.core$merge_with.invokeStatic (core.clj:2950)
    clojure.core$merge_with.doInvoke (core.clj:2942)
    clojure.lang.RestFn.applyTo (RestFn.java:139)
    clojure.core$apply.invokeStatic (core.clj:648)
    clojure.test$run_tests.invokeStatic (test.clj:767)
    clojure.test$run_tests.doInvoke (test.clj:767)
    clojure.lang.RestFn.applyTo (RestFn.java:137)
    clojure.core$apply.invokeStatic (core.clj:646)
    clojure.core$apply.invoke (core.clj:641)
    user$eval306$fn__361$fn__392.invoke (form-init4432374087311623207.clj:1)
    user$eval306$fn__361$fn__362.invoke (form-init4432374087311623207.clj:1)
    user$eval306$fn__361.invoke (form-init4432374087311623207.clj:1)
    user$eval306.invokeStatic (form-init4432374087311623207.clj:1)
    user$eval306.invoke (form-init4432374087311623207.clj:1)
    clojure.lang.Compiler.eval (Compiler.java:6927)
    clojure.lang.Compiler.eval (Compiler.java:6917)
    clojure.lang.Compiler.load (Compiler.java:7379)
    clojure.lang.Compiler.loadFile (Compiler.java:7317)
    clojure.main$load_script.invokeStatic (main.clj:275)
    clojure.main$init_opt.invokeStatic (main.clj:277)
    clojure.main$init_opt.invoke (main.clj:277)
    clojure.main$initialize.invokeStatic (main.clj:308)
    clojure.main$null_opt.invokeStatic (main.clj:342)
    clojure.main$null_opt.invoke (main.clj:339)
    clojure.main$main.invokeStatic (main.clj:421)
    clojure.main$main.doInvoke (main.clj:384)
    clojure.lang.RestFn.invoke (RestFn.java:421)
    clojure.lang.Var.invoke (Var.java:383)
    clojure.lang.AFn.applyToHelper (AFn.java:156)
    clojure.lang.Var.applyTo (Var.java:700)
    clojure.main.main (main.java:37)

      at: junit.clj:157</error>

        </testcase>

        <testcase classname="bowerick.test.java-interop" name="test-pooled-carbonite-lzf-producer-and-consumer" time="0.0976">
          <error message="Uncaught exception, not in assertion.">Uncaught exception, not in assertion.
expected: nil
  actual: clojure.lang.ArityException: Wrong number of args (1) passed to: util/prepare-flag
 at clojure.lang.AFn.throwArity (AFn.java:429)
    clojure.lang.AFn.invoke (AFn.java:32)
    bowerick.test.java_interop$fn__1256.invokeStatic (java_interop.clj:126)
    bowerick.test.java_interop/fn (java_interop.clj:121)
    clojure.test$test_var$fn__7983.invoke (test.clj:716)
    clojure.test$test_var.invokeStatic (test.clj:716)
    clojure.test$test_var.invoke (test.clj:707)
    clojure.test$test_vars$fn__8005$fn__8010.invoke (test.clj:734)
    bowerick.test.jms_test_base$run_test.invokeStatic (jms_test_base.clj:28)
    bowerick.test.jms_test_base$run_test.invoke (jms_test_base.clj:22)
    bowerick.test.jms_test_base$single_test_fixture$fn__1126.invoke (jms_test_base.clj:48)
    bowerick.test.jms_test_base$single_test_fixture.invokeStatic (jms_test_base.clj:43)
    bowerick.test.jms_test_base$single_test_fixture.invoke (jms_test_base.clj:31)
    clojure.test$compose_fixtures$fn__7977$fn__7978.invoke (test.clj:693)
    clojure.test$default_fixture.invokeStatic (test.clj:686)
    clojure.test$default_fixture.invoke (test.clj:682)
    clojure.test$compose_fixtures$fn__7977.invoke (test.clj:693)
    clojure.test$test_vars$fn__8005.invoke (test.clj:734)
    clojure.test$default_fixture.invokeStatic (test.clj:686)
    clojure.test$default_fixture.invoke (test.clj:682)
    clojure.test$test_vars.invokeStatic (test.clj:730)
    clojure.test$test_all_vars.invokeStatic (test.clj:736)
    clojure.test$test_ns.invokeStatic (test.clj:757)
    clojure.test$test_ns.invoke (test.clj:742)
    clojure.lang.AFn.applyToHelper (AFn.java:154)
    clojure.lang.AFn.applyTo (AFn.java:144)
    clojure.core$apply.invokeStatic (core.clj:646)
    clojure.core$apply.invoke (core.clj:641)
    test2junit.core$apply_junit_output_hook$fn__220.doInvoke (core.clj:52)
    clojure.lang.RestFn.applyTo (RestFn.java:139)
    clojure.core$apply.invokeStatic (core.clj:648)
    clojure.core$apply.invoke (core.clj:641)
    robert.hooke$compose_hooks$fn__31.doInvoke (hooke.clj:40)
    clojure.lang.RestFn.applyTo (RestFn.java:137)
    clojure.core$apply.invokeStatic (core.clj:646)
    clojure.core$apply.invoke (core.clj:641)
    robert.hooke$run_hooks.invokeStatic (hooke.clj:46)
    robert.hooke$run_hooks.invoke (hooke.clj:45)
    robert.hooke$prepare_for_hooks$fn__36$fn__37.doInvoke (hooke.clj:54)
    clojure.lang.RestFn.applyTo (RestFn.java:137)
    clojure.lang.AFunction$1.doInvoke (AFunction.java:29)
    clojure.lang.RestFn.invoke (RestFn.java:408)
    clojure.core$map$fn__4785.invoke (core.clj:2646)
    clojure.lang.LazySeq.sval (LazySeq.java:40)
    clojure.lang.LazySeq.seq (LazySeq.java:49)
    clojure.lang.Cons.next (Cons.java:39)
    clojure.lang.RT.next (RT.java:688)
    clojure.core$next__4341.invokeStatic (core.clj:64)
    clojure.core$reduce1.invokeStatic (core.clj:925)
    clojure.core$reduce1.invokeStatic (core.clj:915)
    clojure.core$merge_with.invokeStatic (core.clj:2950)
    clojure.core$merge_with.doInvoke (core.clj:2942)
    clojure.lang.RestFn.applyTo (RestFn.java:139)
    clojure.core$apply.invokeStatic (core.clj:648)
    clojure.test$run_tests.invokeStatic (test.clj:767)
    clojure.test$run_tests.doInvoke (test.clj:767)
    clojure.lang.RestFn.applyTo (RestFn.java:137)
    clojure.core$apply.invokeStatic (core.clj:646)
    clojure.core$apply.invoke (core.clj:641)
    user$eval306$fn__361$fn__392.invoke (form-init4432374087311623207.clj:1)
    user$eval306$fn__361$fn__362.invoke (form-init4432374087311623207.clj:1)
    user$eval306$fn__361.invoke (form-init4432374087311623207.clj:1)
    user$eval306.invokeStatic (form-init4432374087311623207.clj:1)
    user$eval306.invoke (form-init4432374087311623207.clj:1)
    clojure.lang.Compiler.eval (Compiler.java:6927)
    clojure.lang.Compiler.eval (Compiler.java:6917)
    clojure.lang.Compiler.load (Compiler.java:7379)
    clojure.lang.Compiler.loadFile (Compiler.java:7317)
    clojure.main$load_script.invokeStatic (main.clj:275)
    clojure.main$init_opt.invokeStatic (main.clj:277)
    clojure.main$init_opt.invoke (main.clj:277)
    clojure.main$initialize.invokeStatic (main.clj:308)
    clojure.main$null_opt.invokeStatic (main.clj:342)
    clojure.main$null_opt.invoke (main.clj:339)
    clojure.main$main.invokeStatic (main.clj:421)
    clojure.main$main.doInvoke (main.clj:384)
    clojure.lang.RestFn.invoke (RestFn.java:421)
    clojure.lang.Var.invoke (Var.java:383)
    clojure.lang.AFn.applyToHelper (AFn.java:156)
    clojure.lang.Var.applyTo (Var.java:700)
    clojure.main.main (main.java:37)

      at: junit.clj:157</error>

        </testcase>

        <testcase classname="bowerick.test.java-interop" name="test-pooled-carbonite-lzf-producer-and-consumer" time="0.0983">
          <error message="Uncaught exception, not in assertion.">Uncaught exception, not in assertion.
expected: nil
  actual: clojure.lang.ArityException: Wrong number of args (1) passed to: util/prepare-flag
 at clojure.lang.AFn.throwArity (AFn.java:429)
    clojure.lang.AFn.invoke (AFn.java:32)
    bowerick.test.java_interop$fn__1256.invokeStatic (java_interop.clj:126)
    bowerick.test.java_interop/fn (java_interop.clj:121)
    clojure.test$test_var$fn__7983.invoke (test.clj:716)
    clojure.test$test_var.invokeStatic (test.clj:716)
    clojure.test$test_var.invoke (test.clj:707)
    clojure.test$test_vars$fn__8005$fn__8010.invoke (test.clj:734)
    bowerick.test.jms_test_base$run_test.invokeStatic (jms_test_base.clj:28)
    bowerick.test.jms_test_base$run_test.invoke (jms_test_base.clj:22)
    bowerick.test.jms_test_base$single_test_fixture$fn__1128.invoke (jms_test_base.clj:54)
    bowerick.test.jms_test_base$single_test_fixture.invokeStatic (jms_test_base.clj:49)
    bowerick.test.jms_test_base$single_test_fixture.invoke (jms_test_base.clj:31)
    clojure.test$compose_fixtures$fn__7977$fn__7978.invoke (test.clj:693)
    clojure.test$default_fixture.invokeStatic (test.clj:686)
    clojure.test$default_fixture.invoke (test.clj:682)
    clojure.test$compose_fixtures$fn__7977.invoke (test.clj:693)
    clojure.test$test_vars$fn__8005.invoke (test.clj:734)
    clojure.test$default_fixture.invokeStatic (test.clj:686)
    clojure.test$default_fixture.invoke (test.clj:682)
    clojure.test$test_vars.invokeStatic (test.clj:730)
    clojure.test$test_all_vars.invokeStatic (test.clj:736)
    clojure.test$test_ns.invokeStatic (test.clj:757)
    clojure.test$test_ns.invoke (test.clj:742)
    clojure.lang.AFn.applyToHelper (AFn.java:154)
    clojure.lang.AFn.applyTo (AFn.java:144)
    clojure.core$apply.invokeStatic (core.clj:646)
    clojure.core$apply.invoke (core.clj:641)
    test2junit.core$apply_junit_output_hook$fn__220.doInvoke (core.clj:52)
    clojure.lang.RestFn.applyTo (RestFn.java:139)
    clojure.core$apply.invokeStatic (core.clj:648)
    clojure.core$apply.invoke (core.clj:641)
    robert.hooke$compose_hooks$fn__31.doInvoke (hooke.clj:40)
    clojure.lang.RestFn.applyTo (RestFn.java:137)
    clojure.core$apply.invokeStatic (core.clj:646)
    clojure.core$apply.invoke (core.clj:641)
    robert.hooke$run_hooks.invokeStatic (hooke.clj:46)
    robert.hooke$run_hooks.invoke (hooke.clj:45)
    robert.hooke$prepare_for_hooks$fn__36$fn__37.doInvoke (hooke.clj:54)
    clojure.lang.RestFn.applyTo (RestFn.java:137)
    clojure.lang.AFunction$1.doInvoke (AFunction.java:29)
    clojure.lang.RestFn.invoke (RestFn.java:408)
    clojure.core$map$fn__4785.invoke (core.clj:2646)
    clojure.lang.LazySeq.sval (LazySeq.java:40)
    clojure.lang.LazySeq.seq (LazySeq.java:49)
    clojure.lang.Cons.next (Cons.java:39)
    clojure.lang.RT.next (RT.java:688)
    clojure.core$next__4341.invokeStatic (core.clj:64)
    clojure.core$reduce1.invokeStatic (core.clj:925)
    clojure.core$reduce1.invokeStatic (core.clj:915)
    clojure.core$merge_with.invokeStatic (core.clj:2950)
    clojure.core$merge_with.doInvoke (core.clj:2942)
    clojure.lang.RestFn.applyTo (RestFn.java:139)
    clojure.core$apply.invokeStatic (core.clj:648)
    clojure.test$run_tests.invokeStatic (test.clj:767)
    clojure.test$run_tests.doInvoke (test.clj:767)
    clojure.lang.RestFn.applyTo (RestFn.java:137)
    clojure.core$apply.invokeStatic (core.clj:646)
    clojure.core$apply.invoke (core.clj:641)
    user$eval306$fn__361$fn__392.invoke (form-init4432374087311623207.clj:1)
    user$eval306$fn__361$fn__362.invoke (form-init4432374087311623207.clj:1)
    user$eval306$fn__361.invoke (form-init4432374087311623207.clj:1)
    user$eval306.invokeStatic (form-init4432374087311623207.clj:1)
    user$eval306.invoke (form-init4432374087311623207.clj:1)
    clojure.lang.Compiler.eval (Compiler.java:6927)
    clojure.lang.Compiler.eval (Compiler.java:6917)
    clojure.lang.Compiler.load (Compiler.java:7379)
    clojure.lang.Compiler.loadFile (Compiler.java:7317)
    clojure.main$load_script.invokeStatic (main.clj:275)
    clojure.main$init_opt.invokeStatic (main.clj:277)
    clojure.main$init_opt.invoke (main.clj:277)
    clojure.main$initialize.invokeStatic (main.clj:308)
    clojure.main$null_opt.invokeStatic (main.clj:342)
    clojure.main$null_opt.invoke (main.clj:339)
    clojure.main$main.invokeStatic (main.clj:421)
    clojure.main$main.doInvoke (main.clj:384)
    clojure.lang.RestFn.invoke (RestFn.java:421)
    clojure.lang.Var.invoke (Var.java:383)
    clojure.lang.AFn.applyToHelper (AFn.java:156)
    clojure.lang.Var.applyTo (Var.java:700)
    clojure.main.main (main.java:37)

      at: junit.clj:157</error>

        </testcase>

        <testcase classname="bowerick.test.java-interop" name="test-pooled-carbonite-lzf-producer-and-consumer" time="0.1045">
          <error message="Uncaught exception, not in assertion.">Uncaught exception, not in assertion.
expected: nil
  actual: clojure.lang.ArityException: Wrong number of args (1) passed to: util/prepare-flag
 at clojure.lang.AFn.throwArity (AFn.java:429)
    clojure.lang.AFn.invoke (AFn.java:32)
    bowerick.test.java_interop$fn__1256.invokeStatic (java_interop.clj:126)
    bowerick.test.java_interop/fn (java_interop.clj:121)
    clojure.test$test_var$fn__7983.invoke (test.clj:716)
    clojure.test$test_var.invokeStatic (test.clj:716)
    clojure.test$test_var.invoke (test.clj:707)
    clojure.test$test_vars$fn__8005$fn__8010.invoke (test.clj:734)
    bowerick.test.jms_test_base$run_test.invokeStatic (jms_test_base.clj:28)
    bowerick.test.jms_test_base$run_test.invoke (jms_test_base.clj:22)
    bowerick.test.jms_test_base$single_test_fixture.invokeStatic (jms_test_base.clj:60)
    bowerick.test.jms_test_base$single_test_fixture.invoke (jms_test_base.clj:31)
    clojure.test$compose_fixtures$fn__7977$fn__7978.invoke (test.clj:693)
    clojure.test$default_fixture.invokeStatic (test.clj:686)
    clojure.test$default_fixture.invoke (test.clj:682)
    clojure.test$compose_fixtures$fn__7977.invoke (test.clj:693)
    clojure.test$test_vars$fn__8005.invoke (test.clj:734)
    clojure.test$default_fixture.invokeStatic (test.clj:686)
    clojure.test$default_fixture.invoke (test.clj:682)
    clojure.test$test_vars.invokeStatic (test.clj:730)
    clojure.test$test_all_vars.invokeStatic (test.clj:736)
    clojure.test$test_ns.invokeStatic (test.clj:757)
    clojure.test$test_ns.invoke (test.clj:742)
    clojure.lang.AFn.applyToHelper (AFn.java:154)
    clojure.lang.AFn.applyTo (AFn.java:144)
    clojure.core$apply.invokeStatic (core.clj:646)
    clojure.core$apply.invoke (core.clj:641)
    test2junit.core$apply_junit_output_hook$fn__220.doInvoke (core.clj:52)
    clojure.lang.RestFn.applyTo (RestFn.java:139)
    clojure.core$apply.invokeStatic (core.clj:648)
    clojure.core$apply.invoke (core.clj:641)
    robert.hooke$compose_hooks$fn__31.doInvoke (hooke.clj:40)
    clojure.lang.RestFn.applyTo (RestFn.java:137)
    clojure.core$apply.invokeStatic (core.clj:646)
    clojure.core$apply.invoke (core.clj:641)
    robert.hooke$run_hooks.invokeStatic (hooke.clj:46)
    robert.hooke$run_hooks.invoke (hooke.clj:45)
    robert.hooke$prepare_for_hooks$fn__36$fn__37.doInvoke (hooke.clj:54)
    clojure.lang.RestFn.applyTo (RestFn.java:137)
    clojure.lang.AFunction$1.doInvoke (AFunction.java:29)
    clojure.lang.RestFn.invoke (RestFn.java:408)
    clojure.core$map$fn__4785.invoke (core.clj:2646)
    clojure.lang.LazySeq.sval (LazySeq.java:40)
    clojure.lang.LazySeq.seq (LazySeq.java:49)
    clojure.lang.Cons.next (Cons.java:39)
    clojure.lang.RT.next (RT.java:688)
    clojure.core$next__4341.invokeStatic (core.clj:64)
    clojure.core$reduce1.invokeStatic (core.clj:925)
    clojure.core$reduce1.invokeStatic (core.clj:915)
    clojure.core$merge_with.invokeStatic (core.clj:2950)
    clojure.core$merge_with.doInvoke (core.clj:2942)
    clojure.lang.RestFn.applyTo (RestFn.java:139)
    clojure.core$apply.invokeStatic (core.clj:648)
    clojure.test$run_tests.invokeStatic (test.clj:767)
    clojure.test$run_tests.doInvoke (test.clj:767)
    clojure.lang.RestFn.applyTo (RestFn.java:137)
    clojure.core$apply.invokeStatic (core.clj:646)
    clojure.core$apply.invoke (core.clj:641)
    user$eval306$fn__361$fn__392.invoke (form-init4432374087311623207.clj:1)
    user$eval306$fn__361$fn__362.invoke (form-init4432374087311623207.clj:1)
    user$eval306$fn__361.invoke (form-init4432374087311623207.clj:1)
    user$eval306.invokeStatic (form-init4432374087311623207.clj:1)
    user$eval306.invoke (form-init4432374087311623207.clj:1)
    clojure.lang.Compiler.eval (Compiler.java:6927)
    clojure.lang.Compiler.eval (Compiler.java:6917)
    clojure.lang.Compiler.load (Compiler.java:7379)
    clojure.lang.Compiler.loadFile (Compiler.java:7317)
    clojure.main$load_script.invokeStatic (main.clj:275)
    clojure.main$init_opt.invokeStatic (main.clj:277)
    clojure.main$init_opt.invoke (main.clj:277)
    clojure.main$initialize.invokeStatic (main.clj:308)
    clojure.main$null_opt.invokeStatic (main.clj:342)
    clojure.main$null_opt.invoke (main.clj:339)
    clojure.main$main.invokeStatic (main.clj:421)
    clojure.main$main.doInvoke (main.clj:384)
    clojure.lang.RestFn.invoke (RestFn.java:421)
    clojure.lang.Var.invoke (Var.java:383)
    clojure.lang.AFn.applyToHelper (AFn.java:156)
    clojure.lang.Var.applyTo (Var.java:700)
    clojure.main.main (main.java:37)

      at: junit.clj:157</error>

        </testcase>

        <testcase classname="bowerick.test.java-interop" name="test-pooled-carbonite-producer-and-consumer" time="0.0088">
          <error message="Uncaught exception, not in assertion.">Uncaught exception, not in assertion.
expected: nil
  actual: clojure.lang.ArityException: Wrong number of args (1) passed to: util/prepare-flag
 at clojure.lang.AFn.throwArity (AFn.java:429)
    clojure.lang.AFn.invoke (AFn.java:32)
    bowerick.test.java_interop$fn__1238.invokeStatic (java_interop.clj:103)
    bowerick.test.java_interop/fn (java_interop.clj:98)
    clojure.test$test_var$fn__7983.invoke (test.clj:716)
    clojure.test$test_var.invokeStatic (test.clj:716)
    clojure.test$test_var.invoke (test.clj:707)
    clojure.test$test_vars$fn__8005$fn__8010.invoke (test.clj:734)
    bowerick.test.jms_test_base$run_test.invokeStatic (jms_test_base.clj:28)
    bowerick.test.jms_test_base$run_test.invoke (jms_test_base.clj:22)
    bowerick.test.jms_test_base$single_test_fixture.invokeStatic (jms_test_base.clj:32)
    bowerick.test.jms_test_base$single_test_fixture.invoke (jms_test_base.clj:31)
    clojure.test$compose_fixtures$fn__7977$fn__7978.invoke (test.clj:693)
    clojure.test$default_fixture.invokeStatic (test.clj:686)
    clojure.test$default_fixture.invoke (test.clj:682)
    clojure.test$compose_fixtures$fn__7977.invoke (test.clj:693)
    clojure.test$test_vars$fn__8005.invoke (test.clj:734)
    clojure.test$default_fixture.invokeStatic (test.clj:686)
    clojure.test$default_fixture.invoke (test.clj:682)
    clojure.test$test_vars.invokeStatic (test.clj:730)
    clojure.test$test_all_vars.invokeStatic (test.clj:736)
    clojure.test$test_ns.invokeStatic (test.clj:757)
    clojure.test$test_ns.invoke (test.clj:742)
    clojure.lang.AFn.applyToHelper (AFn.java:154)
    clojure.lang.AFn.applyTo (AFn.java:144)
    clojure.core$apply.invokeStatic (core.clj:646)
    clojure.core$apply.invoke (core.clj:641)
    test2junit.core$apply_junit_output_hook$fn__220.doInvoke (core.clj:52)
    clojure.lang.RestFn.applyTo (RestFn.java:139)
    clojure.core$apply.invokeStatic (core.clj:648)
    clojure.core$apply.invoke (core.clj:641)
    robert.hooke$compose_hooks$fn__31.doInvoke (hooke.clj:40)
    clojure.lang.RestFn.applyTo (RestFn.java:137)
    clojure.core$apply.invokeStatic (core.clj:646)
    clojure.core$apply.invoke (core.clj:641)
    robert.hooke$run_hooks.invokeStatic (hooke.clj:46)
    robert.hooke$run_hooks.invoke (hooke.clj:45)
    robert.hooke$prepare_for_hooks$fn__36$fn__37.doInvoke (hooke.clj:54)
    clojure.lang.RestFn.applyTo (RestFn.java:137)
    clojure.lang.AFunction$1.doInvoke (AFunction.java:29)
    clojure.lang.RestFn.invoke (RestFn.java:408)
    clojure.core$map$fn__4785.invoke (core.clj:2646)
    clojure.lang.LazySeq.sval (LazySeq.java:40)
    clojure.lang.LazySeq.seq (LazySeq.java:49)
    clojure.lang.Cons.next (Cons.java:39)
    clojure.lang.RT.next (RT.java:688)
    clojure.core$next__4341.invokeStatic (core.clj:64)
    clojure.core$reduce1.invokeStatic (core.clj:925)
    clojure.core$reduce1.invokeStatic (core.clj:915)
    clojure.core$merge_with.invokeStatic (core.clj:2950)
    clojure.core$merge_with.doInvoke (core.clj:2942)
    clojure.lang.RestFn.applyTo (RestFn.java:139)
    clojure.core$apply.invokeStatic (core.clj:648)
    clojure.test$run_tests.invokeStatic (test.clj:767)
    clojure.test$run_tests.doInvoke (test.clj:767)
    clojure.lang.RestFn.applyTo (RestFn.java:137)
    clojure.core$apply.invokeStatic (core.clj:646)
    clojure.core$apply.invoke (core.clj:641)
    user$eval306$fn__361$fn__392.invoke (form-init4432374087311623207.clj:1)
    user$eval306$fn__361$fn__362.invoke (form-init4432374087311623207.clj:1)
    user$eval306$fn__361.invoke (form-init4432374087311623207.clj:1)
    user$eval306.invokeStatic (form-init4432374087311623207.clj:1)
    user$eval306.invoke (form-init4432374087311623207.clj:1)
    clojure.lang.Compiler.eval (Compiler.java:6927)
    clojure.lang.Compiler.eval (Compiler.java:6917)
    clojure.lang.Compiler.load (Compiler.java:7379)
    clojure.lang.Compiler.loadFile (Compiler.java:7317)
    clojure.main$load_script.invokeStatic (main.clj:275)
    clojure.main$init_opt.invokeStatic (main.clj:277)
    clojure.main$init_opt.invoke (main.clj:277)
    clojure.main$initialize.invokeStatic (main.clj:308)
    clojure.main$null_opt.invokeStatic (main.clj:342)
    clojure.main$null_opt.invoke (main.clj:339)
    clojure.main$main.invokeStatic (main.clj:421)
    clojure.main$main.doInvoke (main.clj:384)
    clojure.lang.RestFn.invoke (RestFn.java:421)
    clojure.lang.Var.invoke (Var.java:383)
    clojure.lang.AFn.applyToHelper (AFn.java:156)
    clojure.lang.Var.applyTo (Var.java:700)
    clojure.main.main (main.java:37)

      at: junit.clj:157</error>

        </testcase>

        <testcase classname="bowerick.test.java-interop" name="test-pooled-carbonite-producer-and-consumer" time="0.0073">
          <error message="Uncaught exception, not in assertion.">Uncaught exception, not in assertion.
expected: nil
  actual: clojure.lang.ArityException: Wrong number of args (1) passed to: util/prepare-flag
 at clojure.lang.AFn.throwArity (AFn.java:429)
    clojure.lang.AFn.invoke (AFn.java:32)
    bowerick.test.java_interop$fn__1238.invokeStatic (java_interop.clj:103)
    bowerick.test.java_interop/fn (java_interop.clj:98)
    clojure.test$test_var$fn__7983.invoke (test.clj:716)
    clojure.test$test_var.invokeStatic (test.clj:716)
    clojure.test$test_var.invoke (test.clj:707)
    clojure.test$test_vars$fn__8005$fn__8010.invoke (test.clj:734)
    bowerick.test.jms_test_base$run_test.invokeStatic (jms_test_base.clj:28)
    bowerick.test.jms_test_base$run_test.invoke (jms_test_base.clj:22)
    bowerick.test.jms_test_base$single_test_fixture$fn__1120.invoke (jms_test_base.clj:34)
    bowerick.test.jms_test_base$single_test_fixture.invokeStatic (jms_test_base.clj:33)
    bowerick.test.jms_test_base$single_test_fixture.invoke (jms_test_base.clj:31)
    clojure.test$compose_fixtures$fn__7977$fn__7978.invoke (test.clj:693)
    clojure.test$default_fixture.invokeStatic (test.clj:686)
    clojure.test$default_fixture.invoke (test.clj:682)
    clojure.test$compose_fixtures$fn__7977.invoke (test.clj:693)
    clojure.test$test_vars$fn__8005.invoke (test.clj:734)
    clojure.test$default_fixture.invokeStatic (test.clj:686)
    clojure.test$default_fixture.invoke (test.clj:682)
    clojure.test$test_vars.invokeStatic (test.clj:730)
    clojure.test$test_all_vars.invokeStatic (test.clj:736)
    clojure.test$test_ns.invokeStatic (test.clj:757)
    clojure.test$test_ns.invoke (test.clj:742)
    clojure.lang.AFn.applyToHelper (AFn.java:154)
    clojure.lang.AFn.applyTo (AFn.java:144)
    clojure.core$apply.invokeStatic (core.clj:646)
    clojure.core$apply.invoke (core.clj:641)
    test2junit.core$apply_junit_output_hook$fn__220.doInvoke (core.clj:52)
    clojure.lang.RestFn.applyTo (RestFn.java:139)
    clojure.core$apply.invokeStatic (core.clj:648)
    clojure.core$apply.invoke (core.clj:641)
    robert.hooke$compose_hooks$fn__31.doInvoke (hooke.clj:40)
    clojure.lang.RestFn.applyTo (RestFn.java:137)
    clojure.core$apply.invokeStatic (core.clj:646)
    clojure.core$apply.invoke (core.clj:641)
    robert.hooke$run_hooks.invokeStatic (hooke.clj:46)
    robert.hooke$run_hooks.invoke (hooke.clj:45)
    robert.hooke$prepare_for_hooks$fn__36$fn__37.doInvoke (hooke.clj:54)
    clojure.lang.RestFn.applyTo (RestFn.java:137)
    clojure.lang.AFunction$1.doInvoke (AFunction.java:29)
[...]
    clojure.test$default_fixture.invoke (test.clj:682)
    clojure.test$test_vars.invokeStatic (test.clj:730)
    clojure.test$test_all_vars.invokeStatic (test.clj:736)
    clojure.test$test_ns.invokeStatic (test.clj:757)
    clojure.test$test_ns.invoke (test.clj:742)
    clojure.lang.AFn.applyToHelper (AFn.java:154)
    clojure.lang.AFn.applyTo (AFn.java:144)
    clojure.core$apply.invokeStatic (core.clj:646)
    clojure.core$apply.invoke (core.clj:641)
    test2junit.core$apply_junit_output_hook$fn__220.doInvoke (core.clj:52)
    clojure.lang.RestFn.applyTo (RestFn.java:139)
    clojure.core$apply.invokeStatic (core.clj:648)
    clojure.core$apply.invoke (core.clj:641)
    robert.hooke$compose_hooks$fn__31.doInvoke (hooke.clj:40)
    clojure.lang.RestFn.applyTo (RestFn.java:137)
    clojure.core$apply.invokeStatic (core.clj:646)
    clojure.core$apply.invoke (core.clj:641)
    robert.hooke$run_hooks.invokeStatic (hooke.clj:46)
    robert.hooke$run_hooks.invoke (hooke.clj:45)
    robert.hooke$prepare_for_hooks$fn__36$fn__37.doInvoke (hooke.clj:54)
    clojure.lang.RestFn.applyTo (RestFn.java:137)
    clojure.lang.AFunction$1.doInvoke (AFunction.java:29)
    clojure.lang.RestFn.invoke (RestFn.java:408)
    clojure.core$map$fn__4785.invoke (core.clj:2646)
    clojure.lang.LazySeq.sval (LazySeq.java:40)
    clojure.lang.LazySeq.seq (LazySeq.java:49)
    clojure.lang.Cons.next (Cons.java:39)
    clojure.lang.RT.next (RT.java:688)
    clojure.core$next__4341.invokeStatic (core.clj:64)
    clojure.core$reduce1.invokeStatic (core.clj:925)
    clojure.core$reduce1.invokeStatic (core.clj:915)
    clojure.core$merge_with.invokeStatic (core.clj:2950)
    clojure.core$merge_with.doInvoke (core.clj:2942)
    clojure.lang.RestFn.applyTo (RestFn.java:139)
    clojure.core$apply.invokeStatic (core.clj:648)
    clojure.test$run_tests.invokeStatic (test.clj:767)
    clojure.test$run_tests.doInvoke (test.clj:767)
    clojure.lang.RestFn.applyTo (RestFn.java:137)
    clojure.core$apply.invokeStatic (core.clj:646)
    clojure.core$apply.invoke (core.clj:641)
    user$eval306$fn__361$fn__392.invoke (form-init4432374087311623207.clj:1)
    user$eval306$fn__361$fn__362.invoke (form-init4432374087311623207.clj:1)
    user$eval306$fn__361.invoke (form-init4432374087311623207.clj:1)
    user$eval306.invokeStatic (form-init4432374087311623207.clj:1)
    user$eval306.invoke (form-init4432374087311623207.clj:1)
    clojure.lang.Compiler.eval (Compiler.java:6927)
    clojure.lang.Compiler.eval (Compiler.java:6917)
    clojure.lang.Compiler.load (Compiler.java:7379)
    clojure.lang.Compiler.loadFile (Compiler.java:7317)
    clojure.main$load_script.invokeStatic (main.clj:275)
    clojure.main$init_opt.invokeStatic (main.clj:277)
    clojure.main$init_opt.invoke (main.clj:277)
    clojure.main$initialize.invokeStatic (main.clj:308)
    clojure.main$null_opt.invokeStatic (main.clj:342)
    clojure.main$null_opt.invoke (main.clj:339)
    clojure.main$main.invokeStatic (main.clj:421)
    clojure.main$main.doInvoke (main.clj:384)
    clojure.lang.RestFn.invoke (RestFn.java:421)
    clojure.lang.Var.invoke (Var.java:383)
    clojure.lang.AFn.applyToHelper (AFn.java:156)
    clojure.lang.Var.applyTo (Var.java:700)
    clojure.main.main (main.java:37)

      at: junit.clj:157</error>

        </testcase>

        <testcase classname="bowerick.test.jms" name="pooled-producer-pooled-consumer-nippy-lzma2" time="0.1672">
          <error message="Uncaught exception, not in assertion.">Uncaught exception, not in assertion.
expected: nil
  actual: clojure.lang.ArityException: Wrong number of args (1) passed to: util/prepare-flag
 at clojure.lang.AFn.throwArity (AFn.java:429)
    clojure.lang.AFn.invoke (AFn.java:32)
    bowerick.test.jms$fn__1417.invokeStatic (jms.clj:162)
    bowerick.test.jms/fn (jms.clj:156)
    clojure.test$test_var$fn__7983.invoke (test.clj:716)
    clojure.test$test_var.invokeStatic (test.clj:716)
    clojure.test$test_var.invoke (test.clj:707)
    clojure.test$test_vars$fn__8005$fn__8010.invoke (test.clj:734)
    bowerick.test.jms_test_base$run_test.invokeStatic (jms_test_base.clj:28)
    bowerick.test.jms_test_base$run_test.invoke (jms_test_base.clj:22)
    bowerick.test.jms_test_base$single_test_fixture$fn__1126.invoke (jms_test_base.clj:48)
    bowerick.test.jms_test_base$single_test_fixture.invokeStatic (jms_test_base.clj:43)
    bowerick.test.jms_test_base$single_test_fixture.invoke (jms_test_base.clj:31)
    clojure.test$compose_fixtures$fn__7977$fn__7978.invoke (test.clj:693)
    clojure.test$default_fixture.invokeStatic (test.clj:686)
    clojure.test$default_fixture.invoke (test.clj:682)
    clojure.test$compose_fixtures$fn__7977.invoke (test.clj:693)
    clojure.test$test_vars$fn__8005.invoke (test.clj:734)
    clojure.test$default_fixture.invokeStatic (test.clj:686)
    clojure.test$default_fixture.invoke (test.clj:682)
    clojure.test$test_vars.invokeStatic (test.clj:730)
    clojure.test$test_all_vars.invokeStatic (test.clj:736)
    clojure.test$test_ns.invokeStatic (test.clj:757)
    clojure.test$test_ns.invoke (test.clj:742)
    clojure.lang.AFn.applyToHelper (AFn.java:154)
    clojure.lang.AFn.applyTo (AFn.java:144)
    clojure.core$apply.invokeStatic (core.clj:646)
    clojure.core$apply.invoke (core.clj:641)
    test2junit.core$apply_junit_output_hook$fn__220.doInvoke (core.clj:52)
    clojure.lang.RestFn.applyTo (RestFn.java:139)
    clojure.core$apply.invokeStatic (core.clj:648)
    clojure.core$apply.invoke (core.clj:641)
    robert.hooke$compose_hooks$fn__31.doInvoke (hooke.clj:40)
    clojure.lang.RestFn.applyTo (RestFn.java:137)
    clojure.core$apply.invokeStatic (core.clj:646)
    clojure.core$apply.invoke (core.clj:641)
    robert.hooke$run_hooks.invokeStatic (hooke.clj:46)
    robert.hooke$run_hooks.invoke (hooke.clj:45)
    robert.hooke$prepare_for_hooks$fn__36$fn__37.doInvoke (hooke.clj:54)
    clojure.lang.RestFn.applyTo (RestFn.java:137)
    clojure.lang.AFunction$1.doInvoke (AFunction.java:29)
    clojure.lang.RestFn.invoke (RestFn.java:408)
    clojure.core$map$fn__4785.invoke (core.clj:2646)
    clojure.lang.LazySeq.sval (LazySeq.java:40)
    clojure.lang.LazySeq.seq (LazySeq.java:49)
    clojure.lang.Cons.next (Cons.java:39)
    clojure.lang.RT.next (RT.java:688)
    clojure.core$next__4341.invokeStatic (core.clj:64)
    clojure.core$reduce1.invokeStatic (core.clj:925)
    clojure.core$reduce1.invokeStatic (core.clj:915)
    clojure.core$merge_with.invokeStatic (core.clj:2950)
    clojure.core$merge_with.doInvoke (core.clj:2942)
    clojure.lang.RestFn.applyTo (RestFn.java:139)
    clojure.core$apply.invokeStatic (core.clj:648)
    clojure.test$run_tests.invokeStatic (test.clj:767)
    clojure.test$run_tests.doInvoke (test.clj:767)
    clojure.lang.RestFn.applyTo (RestFn.java:137)
    clojure.core$apply.invokeStatic (core.clj:646)
    clojure.core$apply.invoke (core.clj:641)
    user$eval306$fn__361$fn__392.invoke (form-init4432374087311623207.clj:1)
    user$eval306$fn__361$fn__362.invoke (form-init4432374087311623207.clj:1)
    user$eval306$fn__361.invoke (form-init4432374087311623207.clj:1)
    user$eval306.invokeStatic (form-init4432374087311623207.clj:1)
    user$eval306.invoke (form-init4432374087311623207.clj:1)
    clojure.lang.Compiler.eval (Compiler.java:6927)
    clojure.lang.Compiler.eval (Compiler.java:6917)
    clojure.lang.Compiler.load (Compiler.java:7379)
    clojure.lang.Compiler.loadFile (Compiler.java:7317)
    clojure.main$load_script.invokeStatic (main.clj:275)
    clojure.main$init_opt.invokeStatic (main.clj:277)
    clojure.main$init_opt.invoke (main.clj:277)
    clojure.main$initialize.invokeStatic (main.clj:308)
    clojure.main$null_opt.invokeStatic (main.clj:342)
    clojure.main$null_opt.invoke (main.clj:339)
    clojure.main$main.invokeStatic (main.clj:421)
    clojure.main$main.doInvoke (main.clj:384)
    clojure.lang.RestFn.invoke (RestFn.java:421)
    clojure.lang.Var.invoke (Var.java:383)
    clojure.lang.AFn.applyToHelper (AFn.java:156)
    clojure.lang.Var.applyTo (Var.java:700)
    clojure.main.main (main.java:37)

      at: junit.clj:157</error>

        </testcase>

        <testcase classname="bowerick.test.jms" name="pooled-producer-pooled-consumer-nippy-lzma2" time="0.1192">
          <error message="Uncaught exception, not in assertion.">Uncaught exception, not in assertion.
expected: nil
  actual: clojure.lang.ArityException: Wrong number of args (1) passed to: util/prepare-flag
 at clojure.lang.AFn.throwArity (AFn.java:429)
    clojure.lang.AFn.invoke (AFn.java:32)
    bowerick.test.jms$fn__1417.invokeStatic (jms.clj:162)
    bowerick.test.jms/fn (jms.clj:156)
    clojure.test$test_var$fn__7983.invoke (test.clj:716)
    clojure.test$test_var.invokeStatic (test.clj:716)
    clojure.test$test_var.invoke (test.clj:707)
    clojure.test$test_vars$fn__8005$fn__8010.invoke (test.clj:734)
    bowerick.test.jms_test_base$run_test.invokeStatic (jms_test_base.clj:28)
    bowerick.test.jms_test_base$run_test.invoke (jms_test_base.clj:22)
    bowerick.test.jms_test_base$single_test_fixture$fn__1128.invoke (jms_test_base.clj:54)
    bowerick.test.jms_test_base$single_test_fixture.invokeStatic (jms_test_base.clj:49)
    bowerick.test.jms_test_base$single_test_fixture.invoke (jms_test_base.clj:31)
    clojure.test$compose_fixtures$fn__7977$fn__7978.invoke (test.clj:693)
    clojure.test$default_fixture.invokeStatic (test.clj:686)
    clojure.test$default_fixture.invoke (test.clj:682)
    clojure.test$compose_fixtures$fn__7977.invoke (test.clj:693)
    clojure.test$test_vars$fn__8005.invoke (test.clj:734)
    clojure.test$default_fixture.invokeStatic (test.clj:686)
    clojure.test$default_fixture.invoke (test.clj:682)
    clojure.test$test_vars.invokeStatic (test.clj:730)
    clojure.test$test_all_vars.invokeStatic (test.clj:736)
    clojure.test$test_ns.invokeStatic (test.clj:757)
    clojure.test$test_ns.invoke (test.clj:742)
    clojure.lang.AFn.applyToHelper (AFn.java:154)
    clojure.lang.AFn.applyTo (AFn.java:144)
    clojure.core$apply.invokeStatic (core.clj:646)
    clojure.core$apply.invoke (core.clj:641)
    test2junit.core$apply_junit_output_hook$fn__220.doInvoke (core.clj:52)
    clojure.lang.RestFn.applyTo (RestFn.java:139)
    clojure.core$apply.invokeStatic (core.clj:648)
    clojure.core$apply.invoke (core.clj:641)
    robert.hooke$compose_hooks$fn__31.doInvoke (hooke.clj:40)
    clojure.lang.RestFn.applyTo (RestFn.java:137)
    clojure.core$apply.invokeStatic (core.clj:646)
    clojure.core$apply.invoke (core.clj:641)
    robert.hooke$run_hooks.invokeStatic (hooke.clj:46)
    robert.hooke$run_hooks.invoke (hooke.clj:45)
    robert.hooke$prepare_for_hooks$fn__36$fn__37.doInvoke (hooke.clj:54)
    clojure.lang.RestFn.applyTo (RestFn.java:137)
    clojure.lang.AFunction$1.doInvoke (AFunction.java:29)
    clojure.lang.RestFn.invoke (RestFn.java:408)
    clojure.core$map$fn__4785.invoke (core.clj:2646)
    clojure.lang.LazySeq.sval (LazySeq.java:40)
    clojure.lang.LazySeq.seq (LazySeq.java:49)
    clojure.lang.Cons.next (Cons.java:39)
    clojure.lang.RT.next (RT.java:688)
    clojure.core$next__4341.invokeStatic (core.clj:64)
    clojure.core$reduce1.invokeStatic (core.clj:925)
    clojure.core$reduce1.invokeStatic (core.clj:915)
    clojure.core$merge_with.invokeStatic (core.clj:2950)
    clojure.core$merge_with.doInvoke (core.clj:2942)
    clojure.lang.RestFn.applyTo (RestFn.java:139)
    clojure.core$apply.invokeStatic (core.clj:648)
    clojure.test$run_tests.invokeStatic (test.clj:767)
    clojure.test$run_tests.doInvoke (test.clj:767)
    clojure.lang.RestFn.applyTo (RestFn.java:137)
    clojure.core$apply.invokeStatic (core.clj:646)
    clojure.core$apply.invoke (core.clj:641)
    user$eval306$fn__361$fn__392.invoke (form-init4432374087311623207.clj:1)
    user$eval306$fn__361$fn__362.invoke (form-init4432374087311623207.clj:1)
    user$eval306$fn__361.invoke (form-init4432374087311623207.clj:1)
    user$eval306.invokeStatic (form-init4432374087311623207.clj:1)
    user$eval306.invoke (form-init4432374087311623207.clj:1)
    clojure.lang.Compiler.eval (Compiler.java:6927)
    clojure.lang.Compiler.eval (Compiler.java:6917)
    clojure.lang.Compiler.load (Compiler.java:7379)
    clojure.lang.Compiler.loadFile (Compiler.java:7317)
    clojure.main$load_script.invokeStatic (main.clj:275)
    clojure.main$init_opt.invokeStatic (main.clj:277)
    clojure.main$init_opt.invoke (main.clj:277)
    clojure.main$initialize.invokeStatic (main.clj:308)
    clojure.main$null_opt.invokeStatic (main.clj:342)
    clojure.main$null_opt.invoke (main.clj:339)
    clojure.main$main.invokeStatic (main.clj:421)
    clojure.main$main.doInvoke (main.clj:384)
    clojure.lang.RestFn.invoke (RestFn.java:421)
    clojure.lang.Var.invoke (Var.java:383)
    clojure.lang.AFn.applyToHelper (AFn.java:156)
    clojure.lang.Var.applyTo (Var.java:700)
    clojure.main.main (main.java:37)

      at: junit.clj:157</error>

        </testcase>

        <testcase classname="bowerick.test.jms" name="pooled-producer-pooled-consumer-nippy-lzma2" time="0.0992">
          <error message="Uncaught exception, not in assertion.">Uncaught exception, not in assertion.
expected: nil
  actual: clojure.lang.ArityException: Wrong number of args (1) passed to: util/prepare-flag
 at clojure.lang.AFn.throwArity (AFn.java:429)
    clojure.lang.AFn.invoke (AFn.java:32)
    bowerick.test.jms$fn__1417.invokeStatic (jms.clj:162)
    bowerick.test.jms/fn (jms.clj:156)
    clojure.test$test_var$fn__7983.invoke (test.clj:716)
    clojure.test$test_var.invokeStatic (test.clj:716)
    clojure.test$test_var.invoke (test.clj:707)
    clojure.test$test_vars$fn__8005$fn__8010.invoke (test.clj:734)
    bowerick.test.jms_test_base$run_test.invokeStatic (jms_test_base.clj:28)
    bowerick.test.jms_test_base$run_test.invoke (jms_test_base.clj:22)
    bowerick.test.jms_test_base$single_test_fixture.invokeStatic (jms_test_base.clj:60)
    bowerick.test.jms_test_base$single_test_fixture.invoke (jms_test_base.clj:31)
    clojure.test$compose_fixtures$fn__7977$fn__7978.invoke (test.clj:693)
    clojure.test$default_fixture.invokeStatic (test.clj:686)
    clojure.test$default_fixture.invoke (test.clj:682)
    clojure.test$compose_fixtures$fn__7977.invoke (test.clj:693)
    clojure.test$test_vars$fn__8005.invoke (test.clj:734)
    clojure.test$default_fixture.invokeStatic (test.clj:686)
    clojure.test$default_fixture.invoke (test.clj:682)
    clojure.test$test_vars.invokeStatic (test.clj:730)
    clojure.test$test_all_vars.invokeStatic (test.clj:736)
    clojure.test$test_ns.invokeStatic (test.clj:757)
    clojure.test$test_ns.invoke (test.clj:742)
    clojure.lang.AFn.applyToHelper (AFn.java:154)
    clojure.lang.AFn.applyTo (AFn.java:144)
    clojure.core$apply.invokeStatic (core.clj:646)
    clojure.core$apply.invoke (core.clj:641)
    test2junit.core$apply_junit_output_hook$fn__220.doInvoke (core.clj:52)
    clojure.lang.RestFn.applyTo (RestFn.java:139)
    clojure.core$apply.invokeStatic (core.clj:648)
    clojure.core$apply.invoke (core.clj:641)
    robert.hooke$compose_hooks$fn__31.doInvoke (hooke.clj:40)
    clojure.lang.RestFn.applyTo (RestFn.java:137)
    clojure.core$apply.invokeStatic (core.clj:646)
    clojure.core$apply.invoke (core.clj:641)
    robert.hooke$run_hooks.invokeStatic (hooke.clj:46)
    robert.hooke$run_hooks.invoke (hooke.clj:45)
    robert.hooke$prepare_for_hooks$fn__36$fn__37.doInvoke (hooke.clj:54)
    clojure.lang.RestFn.applyTo (RestFn.java:137)
    clojure.lang.AFunction$1.doInvoke (AFunction.java:29)
    clojure.lang.RestFn.invoke (RestFn.java:408)
    clojure.core$map$fn__4785.invoke (core.clj:2646)
    clojure.lang.LazySeq.sval (LazySeq.java:40)
    clojure.lang.LazySeq.seq (LazySeq.java:49)
    clojure.lang.Cons.next (Cons.java:39)
    clojure.lang.RT.next (RT.java:688)
    clojure.core$next__4341.invokeStatic (core.clj:64)
    clojure.core$reduce1.invokeStatic (core.clj:925)
    clojure.core$reduce1.invokeStatic (core.clj:915)
    clojure.core$merge_with.invokeStatic (core.clj:2950)
    clojure.core$merge_with.doInvoke (core.clj:2942)
    clojure.lang.RestFn.applyTo (RestFn.java:139)
    clojure.core$apply.invokeStatic (core.clj:648)
    clojure.test$run_tests.invokeStatic (test.clj:767)
    clojure.test$run_tests.doInvoke (test.clj:767)
    clojure.lang.RestFn.applyTo (RestFn.java:137)
    clojure.core$apply.invokeStatic (core.clj:646)
    clojure.core$apply.invoke (core.clj:641)
    user$eval306$fn__361$fn__392.invoke (form-init4432374087311623207.clj:1)
    user$eval306$fn__361$fn__362.invoke (form-init4432374087311623207.clj:1)
    user$eval306$fn__361.invoke (form-init4432374087311623207.clj:1)
    user$eval306.invokeStatic (form-init4432374087311623207.clj:1)
    user$eval306.invoke (form-init4432374087311623207.clj:1)
    clojure.lang.Compiler.eval (Compiler.java:6927)
    clojure.lang.Compiler.eval (Compiler.java:6917)
    clojure.lang.Compiler.load (Compiler.java:7379)
    clojure.lang.Compiler.loadFile (Compiler.java:7317)
    clojure.main$load_script.invokeStatic (main.clj:275)
    clojure.main$init_opt.invokeStatic (main.clj:277)
    clojure.main$init_opt.invoke (main.clj:277)
    clojure.main$initialize.invokeStatic (main.clj:308)
    clojure.main$null_opt.invokeStatic (main.clj:342)
    clojure.main$null_opt.invoke (main.clj:339)
    clojure.main$main.invokeStatic (main.clj:421)
    clojure.main$main.doInvoke (main.clj:384)
    clojure.lang.RestFn.invoke (RestFn.java:421)
    clojure.lang.Var.invoke (Var.java:383)
    clojure.lang.AFn.applyToHelper (AFn.java:156)
    clojure.lang.Var.applyTo (Var.java:700)
    clojure.main.main (main.java:37)

      at: junit.clj:157</error>

        </testcase>

        <testcase classname="bowerick.test.jms" name="send-byte-array" time="0.1310">
    </testcase>

        <testcase classname="bowerick.test.jms" name="send-byte-array" time="0.1034">
    </testcase>

        <testcase classname="bowerick.test.jms" name="send-byte-array" time="0.1037">
    </testcase>

        <testcase classname="bowerick.test.jms" name="send-byte-array" time="0.2557">
    </testcase>

        <testcase classname="bowerick.test.jms" name="send-byte-array" time="0.3462">
    </testcase>

        <testcase classname="bowerick.test.jms" name="send-byte-array" time="0.2456">
    </testcase>

        <testcase classname="bowerick.test.jms" name="send-byte-array" time="0.3138">
    </testcase>

        <testcase classname="bowerick.test.jms" name="send-list" time="0.1249">
    </testcase>

        <testcase classname="bowerick.test.jms" name="send-list" time="0.0587">
    </testcase>

        <testcase classname="bowerick.test.jms" name="send-list" time="0.1558">
    </testcase>

        <testcase classname="bowerick.test.jms" name="send-list" time="0.2432">
    </testcase>

        <testcase classname="bowerick.test.jms" name="send-list" time="0.3065">
    </testcase>

        <testcase classname="bowerick.test.jms" name="send-list" time="0.2540">
    </testcase>

        <testcase classname="bowerick.test.jms" name="send-list" time="0.2631">
    </testcase>

        <testcase classname="bowerick.test.jms" name="producer-consumer" time="0.1389">
    </testcase>

        <testcase classname="bowerick.test.jms" name="producer-consumer" time="0.0326">
    </testcase>

        <testcase classname="bowerick.test.jms" name="producer-consumer" time="0.0850">
    </testcase>

        <testcase classname="bowerick.test.jms" name="producer-consumer" time="0.3022">
    </testcase>

        <testcase classname="bowerick.test.jms" name="producer-consumer" time="0.3075">
    </testcase>

        <testcase classname="bowerick.test.jms" name="producer-consumer" time="0.2505">
    </testcase>

        <testcase classname="bowerick.test.jms" name="producer-consumer" time="0.3482">
    </testcase>

  </testsuite>
</testsuites>
